{0} setUpClass (tempest.api.volume.test_volumes_backup.VolumesBackupsTest) ... SKIPPED: Cinder backup feature disabled
{1} setUpClass (tempest.api.volume.admin.test_volumes_backup.VolumesBackupsAdminTest) ... SKIPPED: Cinder backup feature disabled
{2} setUpClass (tempest.api.volume.admin.test_encrypted_volumes_extend.EncryptedVolumesExtendAttachedTest) ... SKIPPED: Attached encrypted volume extend is disabled.
{4} setUpClass (tempest.api.volume.admin.test_snapshot_manage.SnapshotManageAdminTest) ... SKIPPED: Manage snapshot tests are disabled
{30} tempest.api.volume.test_versions.VersionsTest.test_list_versions [0.013417s] ... ok
{28} tempest.api.volume.test_volumes_snapshots_negative.VolumesSnapshotNegativeTestJSON.test_create_snapshot_with_nonexistent_volume_id [0.868669s] ... ok
{30} tempest.api.volume.test_versions.VersionsTest.test_show_version [0.898185s] ... ok
{35} tempest.api.volume.test_extensions.ExtensionsTestJSON.test_list_extensions [0.819840s] ... ok
{28} tempest.api.volume.test_volumes_snapshots_negative.VolumesSnapshotNegativeTestJSON.test_create_snapshot_without_passing_volume_id [0.125058s] ... ok
{28} tempest.api.volume.test_volumes_snapshots_negative.VolumesSnapshotNegativeTestJSON.test_list_snapshot_invalid_param_limit [0.010536s] ... ok
{28} tempest.api.volume.test_volumes_snapshots_negative.VolumesSnapshotNegativeTestJSON.test_list_snapshots_invalid_param_marker [0.049491s] ... ok
{28} tempest.api.volume.test_volumes_snapshots_negative.VolumesSnapshotNegativeTestJSON.test_list_snapshots_invalid_param_sort [0.011182s] ... ok
{36} tempest.api.volume.test_availability_zone.AvailabilityZoneTestJSON.test_get_availability_zone_list [0.736286s] ... ok
{33} tempest.api.volume.test_volumes_get.VolumesSummaryTest.test_show_volume_summary [1.462060s] ... ok
{25} tempest.api.volume.admin.test_volume_types_extra_specs_negative.ExtraSpecsNegativeTest.test_create_invalid_body [0.012907s] ... ok
{25} tempest.api.volume.admin.test_volume_types_extra_specs_negative.ExtraSpecsNegativeTest.test_create_none_body [0.012190s] ... ok
{25} tempest.api.volume.admin.test_volume_types_extra_specs_negative.ExtraSpecsNegativeTest.test_create_nonexistent_type_id [0.048385s] ... ok
{25} tempest.api.volume.admin.test_volume_types_extra_specs_negative.ExtraSpecsNegativeTest.test_delete_nonexistent_volume_type_id [0.066002s] ... ok
{25} tempest.api.volume.admin.test_volume_types_extra_specs_negative.ExtraSpecsNegativeTest.test_get_nonexistent_extra_spec_name [0.085385s] ... ok
{17} tempest.api.volume.admin.test_volume_types.VolumeTypesTest.test_volume_type_create_get_delete [0.848813s] ... ok
{25} tempest.api.volume.admin.test_volume_types_extra_specs_negative.ExtraSpecsNegativeTest.test_get_nonexistent_volume_type_id [0.298061s] ... ok
{14} tempest.api.volume.admin.test_volume_services.VolumesServicesTestJSON.test_get_service_by_host_name [0.321610s] ... ok
{31} tempest.api.volume.admin.test_volume_services_negative.VolumeServicesNegativeTest.test_disable_log_reason_with_no_reason [0.226059s] ... ok
{19} tempest.api.volume.admin.test_volume_quota_classes.VolumeQuotaClassesTest.test_show_default_quota [0.419717s] ... ok
{29} tempest.api.volume.admin.test_volume_pools.VolumePoolsAdminTestsJSON.test_get_pools_with_details [0.721435s] ... ok
{25} tempest.api.volume.admin.test_volume_types_extra_specs_negative.ExtraSpecsNegativeTest.test_list_nonexistent_volume_type_id [0.343453s] ... ok
{14} tempest.api.volume.admin.test_volume_services.VolumesServicesTestJSON.test_get_service_by_service_and_host_name [0.348580s] ... ok
{31} tempest.api.volume.admin.test_volume_services_negative.VolumeServicesNegativeTest.test_disable_service_with_invalid_binary [0.354378s] ... ok
{34} tempest.api.volume.admin.test_volume_hosts.VolumeHostsAdminTestsJSON.test_list_hosts [0.500030s] ... ok
{21} tempest.api.volume.admin.test_volume_types_negative.VolumeTypesNegativeTest.test_create_volume_type_encryption_nonexistent_type_id [0.476080s] ... ok
{25} tempest.api.volume.admin.test_volume_types_extra_specs_negative.ExtraSpecsNegativeTest.test_update_multiple_extra_spec [0.281799s] ... ok
{14} tempest.api.volume.admin.test_volume_services.VolumesServicesTestJSON.test_get_service_by_service_binary_name [0.380366s] ... ok
{31} tempest.api.volume.admin.test_volume_services_negative.VolumeServicesNegativeTest.test_enable_service_with_invalid_host [0.384740s] ... ok
{29} tempest.api.volume.admin.test_volume_pools.VolumePoolsAdminTestsJSON.test_get_pools_without_details [0.832203s] ... ok
{25} tempest.api.volume.admin.test_volume_types_extra_specs_negative.ExtraSpecsNegativeTest.test_update_no_body [0.362578s] ... ok
{31} tempest.api.volume.admin.test_volume_services_negative.VolumeServicesNegativeTest.test_freeze_host_with_invalid_host [0.312329s] ... ok
{25} tempest.api.volume.admin.test_volume_types_extra_specs_negative.ExtraSpecsNegativeTest.test_update_none_extra_spec_id [0.455356s] ... ok
{31} tempest.api.volume.admin.test_volume_services_negative.VolumeServicesNegativeTest.test_thaw_host_with_invalid_host [0.517706s] ... ok
{25} tempest.api.volume.admin.test_volume_types_extra_specs_negative.ExtraSpecsNegativeTest.test_update_nonexistent_extra_spec_id [0.277499s] ... ok
{23} tempest.api.volume.admin.test_volume_types_extra_specs.VolumeTypesExtraSpecsTest.test_volume_type_extra_spec_create_get_delete [1.527974s] ... ok
{25} tempest.api.volume.admin.test_volume_types_extra_specs_negative.ExtraSpecsNegativeTest.test_update_nonexistent_type_id [0.224109s] ... ok
{21} tempest.api.volume.admin.test_volume_types_negative.VolumeTypesNegativeTest.test_create_volume_with_private_volume_type [1.530920s] ... ok
{34} tempest.api.volume.admin.test_volume_hosts.VolumeHostsAdminTestsJSON.test_show_host [1.620409s] ... ok
{23} tempest.api.volume.admin.test_volume_types_extra_specs.VolumeTypesExtraSpecsTest.test_volume_type_extra_specs_list [0.334476s] ... ok
{21} tempest.api.volume.admin.test_volume_types_negative.VolumeTypesNegativeTest.test_create_with_empty_name [0.074412s] ... ok
{24} tempest.api.volume.admin.test_backends_capabilities.BackendsCapabilitiesAdminTestsJSON.test_compare_volume_stats_values [2.523560s] ... ok
{21} tempest.api.volume.admin.test_volume_types_negative.VolumeTypesNegativeTest.test_create_with_repeated_name [0.759238s] ... ok
{17} tempest.api.volume.admin.test_volume_types.VolumeTypesTest.test_volume_type_encryption_create_get_update_delete [3.034158s] ... ok
{39} tempest.api.volume.test_volume_absolute_limits.AbsoluteLimitsTests.test_get_volume_absolute_limits [0.190648s] ... ok
{23} tempest.api.volume.admin.test_volume_types_extra_specs.VolumeTypesExtraSpecsTest.test_volume_type_extra_specs_update [0.868446s] ... ok
{21} tempest.api.volume.admin.test_volume_types_negative.VolumeTypesNegativeTest.test_delete_nonexistent_type_id [0.060110s] ... ok
{16} tempest.api.volume.admin.test_user_messages.UserMessagesTest.test_delete_message [3.728009s] ... ok
{21} tempest.api.volume.admin.test_volume_types_negative.VolumeTypesNegativeTest.test_get_nonexistent_type_id [0.056814s] ... ok
{17} tempest.api.volume.admin.test_volume_types.VolumeTypesTest.test_volume_type_list [0.109578s] ... ok
{32} tempest.api.volume.test_volume_metadata.VolumesMetadataTest.test_crud_volume_metadata [1.407846s] ... ok
{27} tempest.api.volume.admin.test_volume_quotas_negative.VolumeQuotasNegativeTestJSON.test_quota_volume_gigabytes [0.935720s] ... ok
{18} tempest.api.volume.admin.test_qos.QosSpecsTestJSON.test_associate_disassociate_qos [3.830041s] ... ok
{24} tempest.api.volume.admin.test_backends_capabilities.BackendsCapabilitiesAdminTestsJSON.test_get_capabilities_backend [0.589251s] ... ok
{32} tempest.api.volume.test_volume_metadata.VolumesMetadataTest.test_update_show_volume_metadata_item [0.543285s] ... ok
{27} tempest.api.volume.admin.test_volume_quotas_negative.VolumeQuotasNegativeTestJSON.test_quota_volumes [0.548915s] ... ok
{19} tempest.api.volume.admin.test_volume_quota_classes.VolumeQuotaClassesTest.test_update_default_quota [3.986136s] ... ok
{20} tempest.api.volume.admin.test_volume_retype.VolumeRetypeWithMigrationTest.test_available_volume_retype_with_migration [3.736120s] ... FAILED

Captured traceback:
~~~~~~~~~~~~~~~~~~~
    Traceback (most recent call last):

      File "/home/stguser/devstack/python-tempestconf/.venv/lib/python3.12/site-packages/tempest/api/volume/admin/test_volume_retype.py", line 146, in test_available_volume_retype_with_migration
    src_vol = self.create_volume(volume_type=self.src_vol_type['name'])
              ^^^^^^^^^^^^^^^^^^^^^^^^^^^^^^^^^^^^^^^^^^^^^^^^^^^^^^^^^

      File "/home/stguser/devstack/python-tempestconf/.venv/lib/python3.12/site-packages/tempest/api/volume/base.py", line 144, in create_volume
    waiters.wait_for_volume_resource_status(self.volumes_client,

      File "/home/stguser/devstack/python-tempestconf/.venv/lib/python3.12/site-packages/tempest/common/waiters.py", line 372, in wait_for_volume_resource_status
    raise exceptions.VolumeResourceBuildErrorException(

    tempest.exceptions.VolumeResourceBuildErrorException: volume 6f184e4a-6d1d-49d9-803f-50e344aee155 failed to build and is in ERROR status


Captured pythonlogging:
~~~~~~~~~~~~~~~~~~~~~~~
    2024-09-20 15:08:43,809 4132126 INFO     [tempest.lib.common.rest_client] Request (VolumeRetypeWithMigrationTest:test_available_volume_retype_with_migration): 202 POST http://9.180.170.24/volume/v3/98f88314205547208feeea67876115c1/volumes 1.196s
2024-09-20 15:08:43,824 4132126 DEBUG    [tempest.lib.common.rest_client] Request - Headers: {'Content-Type': 'application/json', 'Accept': 'application/json', 'Openstack-Api-Version': 'volume 3.0', 'X-Auth-Token': '<omitted>'}
        Body: {"volume": {"volume_type": "tempest-VolumeRetypeWithMigrationTest-volume-type-1550419897", "size": 1, "name": "tempest-VolumeRetypeWithMigrationTest-Volume-644133537"}}
    Response - Headers: {'date': 'Fri, 20 Sep 2024 15:08:42 GMT', 'server': 'Apache/2.4.58 (Ubuntu)', 'content-type': 'application/json', 'x-compute-request-id': 'req-5413738a-4f44-42f9-a7c6-f19f19a1426d', 'content-length': '879', 'openstack-api-version': 'volume 3.0', 'vary': 'OpenStack-API-Version', 'x-openstack-request-id': 'req-5413738a-4f44-42f9-a7c6-f19f19a1426d', 'connection': 'close', 'status': '202', 'content-location': 'http://9.180.170.24/volume/v3/98f88314205547208feeea67876115c1/volumes'}
        Body: b'{"volume": {"id": "6f184e4a-6d1d-49d9-803f-50e344aee155", "status": "creating", "size": 1, "availability_zone": "nova", "created_at": "2024-09-20T15:08:43.537687", "updated_at": null, "name": "tempest-VolumeRetypeWithMigrationTest-Volume-644133537", "description": null, "volume_type": "tempest-VolumeRetypeWithMigrationTest-volume-type-1550419897", "snapshot_id": null, "source_volid": null, "metadata": {}, "links": [{"rel": "self", "href": "http://9.180.170.24/volume/v3/98f88314205547208feeea67876115c1/volumes/6f184e4a-6d1d-49d9-803f-50e344aee155"}, {"rel": "bookmark", "href": "http://9.180.170.24/volume/98f88314205547208feeea67876115c1/volumes/6f184e4a-6d1d-49d9-803f-50e344aee155"}], "user_id": "1d7e7a6204734e4ba045a086798ecf83", "bootable": "false", "encrypted": false, "replication_status": null, "consistencygroup_id": null, "multiattach": false, "attachments": []}}'
2024-09-20 15:08:44,027 4132126 INFO     [tempest.lib.common.rest_client] Request (VolumeRetypeWithMigrationTest:test_available_volume_retype_with_migration): 200 GET http://9.180.170.24/volume/v3/98f88314205547208feeea67876115c1/volumes/6f184e4a-6d1d-49d9-803f-50e344aee155 0.194s
2024-09-20 15:08:44,027 4132126 DEBUG    [tempest.lib.common.rest_client] Request - Headers: {'Content-Type': 'application/json', 'Accept': 'application/json', 'Openstack-Api-Version': 'volume 3.0', 'X-Auth-Token': '<omitted>'}
        Body: None
    Response - Headers: {'date': 'Fri, 20 Sep 2024 15:08:43 GMT', 'server': 'Apache/2.4.58 (Ubuntu)', 'content-type': 'application/json', 'x-compute-request-id': 'req-4700341e-999f-4348-b9ae-09bff76a9071', 'content-length': '947', 'openstack-api-version': 'volume 3.0', 'vary': 'OpenStack-API-Version', 'x-openstack-request-id': 'req-4700341e-999f-4348-b9ae-09bff76a9071', 'connection': 'close', 'status': '200', 'content-location': 'http://9.180.170.24/volume/v3/98f88314205547208feeea67876115c1/volumes/6f184e4a-6d1d-49d9-803f-50e344aee155'}
        Body: b'{"volume": {"id": "6f184e4a-6d1d-49d9-803f-50e344aee155", "status": "creating", "size": 1, "availability_zone": "nova", "created_at": "2024-09-20T15:08:44.000000", "updated_at": null, "name": "tempest-VolumeRetypeWithMigrationTest-Volume-644133537", "description": null, "volume_type": "tempest-VolumeRetypeWithMigrationTest-volume-type-1550419897", "snapshot_id": null, "source_volid": null, "metadata": {}, "links": [{"rel": "self", "href": "http://9.180.170.24/volume/v3/98f88314205547208feeea67876115c1/volumes/6f184e4a-6d1d-49d9-803f-50e344aee155"}, {"rel": "bookmark", "href": "http://9.180.170.24/volume/98f88314205547208feeea67876115c1/volumes/6f184e4a-6d1d-49d9-803f-50e344aee155"}], "user_id": "1d7e7a6204734e4ba045a086798ecf83", "bootable": "false", "encrypted": false, "replication_status": null, "consistencygroup_id": null, "multiattach": false, "attachments": [], "os-vol-tenant-attr:tenant_id": "98f88314205547208feeea67876115c1"}
    }'
2024-09-20 15:08:45,161 4132126 INFO     [tempest.lib.common.rest_client] Request (VolumeRetypeWithMigrationTest:test_available_volume_retype_with_migration): 200 GET http://9.180.170.24/volume/v3/98f88314205547208feeea67876115c1/volumes/6f184e4a-6d1d-49d9-803f-50e344aee155 0.125s
2024-09-20 15:08:45,162 4132126 DEBUG    [tempest.lib.common.rest_client] Request - Headers: {'Content-Type': 'application/json', 'Accept': 'application/json', 'Openstack-Api-Version': 'volume 3.0', 'X-Auth-Token': '<omitted>'}
        Body: None
    Response - Headers: {'date': 'Fri, 20 Sep 2024 15:08:45 GMT', 'server': 'Apache/2.4.58 (Ubuntu)', 'content-type': 'application/json', 'x-compute-request-id': 'req-69ee3093-b346-4e67-9b9d-a7eed9babf80', 'content-length': '968', 'openstack-api-version': 'volume 3.0', 'vary': 'OpenStack-API-Version', 'x-openstack-request-id': 'req-69ee3093-b346-4e67-9b9d-a7eed9babf80', 'connection': 'close', 'status': '200', 'content-location': 'http://9.180.170.24/volume/v3/98f88314205547208feeea67876115c1/volumes/6f184e4a-6d1d-49d9-803f-50e344aee155'}
        Body: b'{"volume": {"id": "6f184e4a-6d1d-49d9-803f-50e344aee155", "status": "error", "size": 1, "availability_zone": "nova", "created_at": "2024-09-20T15:08:44.000000", "updated_at": "2024-09-20T15:08:44.000000", "name": "tempest-VolumeRetypeWithMigrationTest-Volume-644133537", "description": null, "volume_type": "tempest-VolumeRetypeWithMigrationTest-volume-type-1550419897", "snapshot_id": null, "source_volid": null, "metadata": {}, "links": [{"rel": "self", "href": "http://9.180.170.24/volume/v3/98f88314205547208feeea67876115c1/volumes/6f184e4a-6d1d-49d9-803f-50e344aee155"}, {"rel": "bookmark", "href": "http://9.180.170.24/volume/98f88314205547208feeea67876115c1/volumes/6f184e4a-6d1d-49d9-803f-50e344aee155"}], "user_id": "1d7e7a6204734e4ba045a086798ecf83", "bootable": "false", "encrypted": false, "replication_status": null, "consistencygroup_id": null, "multiattach": false, "attachments": [], "os-vol-tenant-attr:tenant_id": "98f88314205547208feeea67876115c1"}}'
2024-09-20 15:08:45,251 4132126 INFO     [tempest.lib.common.rest_client] Request (VolumeRetypeWithMigrationTest:_run_cleanups): 200 GET http://9.180.170.24/volume/v3/98f88314205547208feeea67876115c1/volumes/6f184e4a-6d1d-49d9-803f-50e344aee155 0.071s
2024-09-20 15:08:45,252 4132126 DEBUG    [tempest.lib.common.rest_client] Request - Headers: {'Content-Type': 'application/json', 'Accept': 'application/json', 'Openstack-Api-Version': 'volume 3.0', 'X-Auth-Token': '<omitted>'}
        Body: None
    Response - Headers: {'date': 'Fri, 20 Sep 2024 15:08:45 GMT', 'server': 'Apache/2.4.58 (Ubuntu)', 'content-type': 'application/json', 'x-compute-request-id': 'req-b331dcf3-42db-4013-b6cc-f8fd3f680477', 'content-length': '968', 'openstack-api-version': 'volume 3.0', 'vary': 'OpenStack-API-Version', 'x-openstack-request-id': 'req-b331dcf3-42db-4013-b6cc-f8fd3f680477', 'connection': 'close', 'status': '200', 'content-location': 'http://9.180.170.24/volume/v3/98f88314205547208feeea67876115c1/volumes/6f184e4a-6d1d-49d9-803f-50e344aee155'}
        Body: b'{"volume": {"id": "6f184e4a-6d1d-49d9-803f-50e344aee155", "status": "error", "size": 1, "availability_zone": "nova", "created_at": "2024-09-20T15:08:44.000000", "updated_at": "2024-09-20T15:08:44.000000", "name": "tempest-VolumeRetypeWithMigrationTest-Volume-644133537", "description": null, "volume_type": "tempest-VolumeRetypeWithMigrationTest-volume-type-1550419897", "snapshot_id": null, "source_volid": null, "metadata": {}, "links": [{"rel": "self", "href": "http://9.180.170.24/volume/v3/98f88314205547208feeea67876115c1/volumes/6f184e4a-6d1d-49d9-803f-50e344aee155"}, {"rel": "bookmark", "href": "http://9.180.170.24/volume/98f88314205547208feeea67876115c1/volumes/6f184e4a-6d1d-49d9-803f-50e344aee155"}], "user_id": "1d7e7a6204734e4ba045a086798ecf83", "bootable": "false", "encrypted": false, "replication_status": null, "consistencygroup_id": null, "multiattach": false, "attachments": [], "os-vol-tenant-attr:tenant_id": "98f88314205547208feeea67876115c1"}}'
2024-
    09-20 15:08:46,307 4132126 INFO     [tempest.lib.common.rest_client] Request (VolumeRetypeWithMigrationTest:_run_cleanups): 202 DELETE http://9.180.170.24/volume/v3/98f88314205547208feeea67876115c1/volumes/6f184e4a-6d1d-49d9-803f-50e344aee155 1.045s
2024-09-20 15:08:46,308 4132126 DEBUG    [tempest.lib.common.rest_client] Request - Headers: {'Content-Type': 'application/json', 'Accept': 'application/json', 'Openstack-Api-Version': 'volume 3.0', 'X-Auth-Token': '<omitted>'}
        Body: None
    Response - Headers: {'date': 'Fri, 20 Sep 2024 15:08:45 GMT', 'server': 'Apache/2.4.58 (Ubuntu)', 'content-length': '0', 'content-type': 'text/html; charset=UTF-8', 'openstack-api-version': 'volume 3.0', 'vary': 'OpenStack-API-Version', 'x-openstack-request-id': 'req-bf706330-9af5-422e-960b-7a6c2f709675', 'connection': 'close', 'status': '202', 'content-location': 'http://9.180.170.24/volume/v3/98f88314205547208feeea67876115c1/volumes/6f184e4a-6d1d-49d9-803f-50e344aee155'}
        Body: b''
2024-09-20 15:08:46,346 4132126 INFO     [tempest.lib.common.rest_client] Request (VolumeRetypeWithMigrationTest:_run_cleanups): 404 GET http://9.180.170.24/volume/v3/98f88314205547208feeea67876115c1/volumes/6f184e4a-6d1d-49d9-803f-50e344aee155 0.038s
2024-09-20 15:08:46,347 4132126 DEBUG    [tempest.lib.common.rest_client] Request - Headers: {'Content-Type': 'application/json', 'Accept': 'application/json', 'Openstack-Api-Version': 'volume 3.0', 'X-Auth-Token': '<omitted>'}
        Body: None
    Response - Headers: {'date': 'Fri, 20 Sep 2024 15:08:46 GMT', 'server': 'Apache/2.4.58 (Ubuntu)', 'openstack-api-version': 'volume 3.0', 'vary': 'OpenStack-API-Version', 'content-length': '109', 'content-type': 'application/json', 'x-compute-request-id': 'req-d0ff922a-297e-489a-ac9a-8afee6d5fcba', 'x-openstack-request-id': 'req-d0ff922a-297e-489a-ac9a-8afee6d5fcba', 'connection': 'close', 'status': '404', 'content-location': 'http://9.180.170.24/volume/v3/98f88314205547208feeea67876115c1/volumes/6f184e4a-6d1d-49d9-803f-50e344aee155'}
        Body: b'{"itemNotFound": {"code": 404, "message": "Volume 6f184e4a-6d1d-49d9-803f-50e344aee155 could not be found."}}'

{18} tempest.api.volume.admin.test_qos.QosSpecsTestJSON.test_create_delete_qos_with_back_end_consumer [0.872312s] ... ok
{18} tempest.api.volume.admin.test_qos.QosSpecsTestJSON.test_create_delete_qos_with_both_consumer [0.718686s] ... ok
{18} tempest.api.volume.admin.test_qos.QosSpecsTestJSON.test_create_delete_qos_with_front_end_consumer [0.506072s] ... ok
{18} tempest.api.volume.admin.test_qos.QosSpecsTestJSON.test_get_qos [0.014493s] ... ok
{18} tempest.api.volume.admin.test_qos.QosSpecsTestJSON.test_list_qos [0.064670s] ... ok
{7} tempest.api.volume.admin.test_volume_quotas.VolumeQuotasAdminTestJSON.test_delete_quota [4.803944s] ... ok
{7} tempest.api.volume.admin.test_volume_quotas.VolumeQuotasAdminTestJSON.test_list_default_quotas [0.114165s] ... ok
{7} tempest.api.volume.admin.test_volume_quotas.VolumeQuotasAdminTestJSON.test_list_quotas [0.158311s] ... ok
{18} tempest.api.volume.admin.test_qos.QosSpecsTestJSON.test_set_unset_qos_key [0.369702s] ... ok
{16} tempest.api.volume.admin.test_user_messages.UserMessagesTest.test_list_show_messages [4.011828s] ... ok
{17} tempest.api.volume.admin.test_volume_types.VolumeTypesTest.test_volume_type_update [4.207505s] ... ok
{13} tempest.api.volume.test_volumes_clone_negative.VolumesCloneNegativeTest.test_create_from_volume_decreasing_size [13.051919s] ... ok
{11} tempest.api.volume.test_volumes_snapshots.VolumesSnapshotTestJSON.test_snapshot_backup ... SKIPPED: Cinder backup is disabled
{3} setUpClass (tempest.api.volume.admin.test_multi_backend.VolumeMultiBackendTest) [0.000000s] ... FAILED

Captured traceback:
~~~~~~~~~~~~~~~~~~~
    Traceback (most recent call last):

      File "/home/stguser/devstack/python-tempestconf/.venv/lib/python3.12/site-packages/tempest/test.py", line 185, in setUpClass
    raise value.with_traceback(trace)

      File "/home/stguser/devstack/python-tempestconf/.venv/lib/python3.12/site-packages/tempest/test.py", line 178, in setUpClass
    cls.resource_setup()

      File "/home/stguser/devstack/python-tempestconf/.venv/lib/python3.12/site-packages/tempest/api/volume/admin/test_multi_backend.py", line 50, in resource_setup
    cls._create_type_and_volume(backend_name, False)

      File "/home/stguser/devstack/python-tempestconf/.venv/lib/python3.12/site-packages/tempest/api/volume/admin/test_multi_backend.py", line 74, in _create_type_and_volume
    cls.volume = cls.create_volume(**params)
                 ^^^^^^^^^^^^^^^^^^^^^^^^^^^

      File "/home/stguser/devstack/python-tempestconf/.venv/lib/python3.12/site-packages/tempest/api/volume/base.py", line 144, in create_volume
    waiters.wait_for_volume_resource_status(self.volumes_client,

      File "/home/stguser/devstack/python-tempestconf/.venv/lib/python3.12/site-packages/tempest/common/waiters.py", line 372, in wait_for_volume_resource_status
    raise exceptions.VolumeResourceBuildErrorException(

    tempest.exceptions.VolumeResourceBuildErrorException: volume 4fcdd2c8-3294-48fd-9309-2b216bb6ee62 failed to build and is in ERROR status

{26} tempest.api.volume.test_volumes_list.VolumesListTestJSON.test_volume_list [0.079071s] ... ok
{26} tempest.api.volume.test_volumes_list.VolumesListTestJSON.test_volume_list_by_name [0.073213s] ... ok
{26} tempest.api.volume.test_volumes_list.VolumesListTestJSON.test_volume_list_details_by_name [0.121073s] ... ok
{26} tempest.api.volume.test_volumes_list.VolumesListTestJSON.test_volume_list_details_pagination [0.371142s] ... ok
{26} tempest.api.volume.test_volumes_list.VolumesListTestJSON.test_volume_list_details_with_multiple_params [0.230688s] ... ok
{26} tempest.api.volume.test_volumes_list.VolumesListTestJSON.test_volume_list_pagination [0.337138s] ... ok
{12} tempest.api.volume.admin.test_volume_retype.VolumeRetypeWithoutMigrationTest.test_available_volume_retype [11.015324s] ... ok
{26} tempest.api.volume.test_volumes_list.VolumesListTestJSON.test_volume_list_param_display_name_and_status [0.073661s] ... ok
{26} tempest.api.volume.test_volumes_list.VolumesListTestJSON.test_volume_list_with_detail_param_display_name_and_status [0.065663s] ... ok
{26} tempest.api.volume.test_volumes_list.VolumesListTestJSON.test_volume_list_with_detail_param_marker [0.095587s] ... ok
{26} tempest.api.volume.test_volumes_list.VolumesListTestJSON.test_volume_list_with_detail_param_metadata [0.129506s] ... ok
{26} tempest.api.volume.test_volumes_list.VolumesListTestJSON.test_volume_list_with_details [0.098727s] ... ok
{26} tempest.api.volume.test_volumes_list.VolumesListTestJSON.test_volume_list_with_param_metadata [0.099811s] ... ok
{15} tempest.api.volume.admin.test_volume_type_access.VolumeTypesAccessTest.test_volume_type_access_add [10.672070s] ... ok
{26} tempest.api.volume.test_volumes_list.VolumesListTestJSON.test_volumes_list_by_availability_zone [0.152918s] ... ok
{26} tempest.api.volume.test_volumes_list.VolumesListTestJSON.test_volumes_list_by_bootable [0.226053s] ... ok
{26} tempest.api.volume.test_volumes_list.VolumesListTestJSON.test_volumes_list_by_status [0.173094s] ... ok
{26} tempest.api.volume.test_volumes_list.VolumesListTestJSON.test_volumes_list_details_by_availability_zone [0.087795s] ... ok
{26} tempest.api.volume.test_volumes_list.VolumesListTestJSON.test_volumes_list_details_by_bootable [0.095867s] ... ok
{15} tempest.api.volume.admin.test_volume_type_access.VolumeTypesAccessTest.test_volume_type_access_list [0.725868s] ... ok
{26} tempest.api.volume.test_volumes_list.VolumesListTestJSON.test_volumes_list_details_by_status [0.084104s] ... ok
{6} tempest.api.volume.admin.test_snapshots_actions.SnapshotsActionsTest.test_reset_snapshot_status [0.568474s] ... ok
{37} tempest.api.volume.test_snapshot_metadata.SnapshotMetadataTestJSON.test_crud_snapshot_metadata [0.608356s] ... ok
{37} tempest.api.volume.test_snapshot_metadata.SnapshotMetadataTestJSON.test_update_show_snapshot_metadata_item [0.482414s] ... ok
{14} tempest.api.volume.admin.test_volume_services.VolumesServicesTestJSON.test_get_service_by_volume_host_name [12.635439s] ... ok
{14} tempest.api.volume.admin.test_volume_services.VolumesServicesTestJSON.test_list_services [0.026933s] ... ok
{8} tempest.api.volume.test_volume_transfers.VolumesTransfersV355Test.test_create_get_list_accept_volume_transfer [13.594428s] ... ok
{9} tempest.api.volume.test_volume_transfers.VolumesTransfersV357Test.test_create_get_list_accept_volume_transfer [13.684030s] ... ok
{10} tempest.api.volume.test_volume_transfers.VolumesTransfersTest.test_create_get_list_accept_volume_transfer [14.499039s] ... ok
{7} tempest.api.volume.admin.test_volume_quotas.VolumeQuotasAdminTestJSON.test_quota_usage [9.318038s] ... ok
{38} tempest.api.volume.admin.test_volume_snapshot_quotas_negative.VolumeSnapshotQuotasNegativeTestJSON.test_quota_volume_gigabytes_snapshots [0.550735s] ... ok
{38} tempest.api.volume.admin.test_volume_snapshot_quotas_negative.VolumeSnapshotQuotasNegativeTestJSON.test_quota_volume_snapshots [0.114332s] ... ok
{22} tempest.api.volume.admin.test_volumes_list.VolumesListAdminTestJSON.test_volume_list_param_tenant [4.324737s] ... ok
{1} tempest.api.volume.test_volumes_get.VolumesGetTest.test_volume_create_get_update_delete [20.752372s] ... ok
{9} tempest.api.volume.test_volume_transfers.VolumesTransfersV357Test.test_create_list_delete_volume_transfer [8.655528s] ... ok
{4} tempest.api.volume.admin.test_volumes_actions.VolumesActionsTest.test_volume_force_delete_when_volume_is_attaching [8.014020s] ... ok
{10} tempest.api.volume.test_volume_transfers.VolumesTransfersTest.test_create_list_delete_volume_transfer [8.609809s] ... ok
{8} tempest.api.volume.test_volume_transfers.VolumesTransfersV355Test.test_create_list_delete_volume_transfer [9.990450s] ... ok
{11} tempest.api.volume.test_volumes_snapshots.VolumesSnapshotTestJSON.test_snapshot_create_get_list_update_delete [17.574231s] ... ok
{7} tempest.api.volume.admin.test_volume_quotas.VolumeQuotasAdminTestJSON.test_quota_usage_after_volume_transfer [10.901677s] ... ok
{7} tempest.api.volume.admin.test_volume_quotas.VolumeQuotasAdminTestJSON.test_show_quota_usage [0.129818s] ... ok
{7} tempest.api.volume.admin.test_volume_quotas.VolumeQuotasAdminTestJSON.test_update_all_quota_resources_for_tenant [1.415715s] ... ok
{6} tempest.api.volume.admin.test_snapshots_actions.SnapshotsActionsTest.test_snapshot_force_delete_when_snapshot_is_creating [16.348755s] ... ok
{0} tempest.api.volume.test_volumes_clone.VolumesCloneTest.test_create_from_volume [35.015444s] ... ok
{4} tempest.api.volume.admin.test_volumes_actions.VolumesActionsTest.test_volume_force_delete_when_volume_is_creating [6.426601s] ... ok
{2} tempest.api.volume.test_volume_delete_cascade.VolumesDeleteCascade.test_volume_delete_cascade [36.640497s] ... ok
{7} setUpClass (tempest.api.volume.test_volumes_backup.VolumesBackupsV39Test) ... SKIPPED: Cinder backup feature disabled
{39} tempest.api.volume.test_volumes_snapshots_list.VolumesSnapshotListTestJSON.test_snapshot_list_param_limit [0.043156s] ... ok
{39} tempest.api.volume.test_volumes_snapshots_list.VolumesSnapshotListTestJSON.test_snapshot_list_param_limit_equals_infinite [0.098191s] ... ok
{39} tempest.api.volume.test_volumes_snapshots_list.VolumesSnapshotListTestJSON.test_snapshot_list_param_limit_equals_zero [0.039478s] ... ok
{39} tempest.api.volume.test_volumes_snapshots_list.VolumesSnapshotListTestJSON.test_snapshot_list_param_marker [0.081193s] ... ok
{39} tempest.api.volume.test_volumes_snapshots_list.VolumesSnapshotListTestJSON.test_snapshot_list_param_offset [0.036301s] ... ok
{39} tempest.api.volume.test_volumes_snapshots_list.VolumesSnapshotListTestJSON.test_snapshot_list_param_sort_created_at_asc [0.049690s] ... ok
{39} tempest.api.volume.test_volumes_snapshots_list.VolumesSnapshotListTestJSON.test_snapshot_list_param_sort_created_at_desc [0.040539s] ... ok
{39} tempest.api.volume.test_volumes_snapshots_list.VolumesSnapshotListTestJSON.test_snapshot_list_param_sort_id_asc [0.056580s] ... ok
{39} tempest.api.volume.test_volumes_snapshots_list.VolumesSnapshotListTestJSON.test_snapshot_list_param_sort_id_desc [0.036694s] ... ok
{39} tempest.api.volume.test_volumes_snapshots_list.VolumesSnapshotListTestJSON.test_snapshot_list_param_sort_name_asc [0.067572s] ... ok
{39} tempest.api.volume.test_volumes_snapshots_list.VolumesSnapshotListTestJSON.test_snapshot_list_param_sort_name_desc [0.036812s] ... ok
{39} tempest.api.volume.test_volumes_snapshots_list.VolumesSnapshotListTestJSON.test_snapshots_list_details_with_params [0.153523s] ... ok
{39} tempest.api.volume.test_volumes_snapshots_list.VolumesSnapshotListTestJSON.test_snapshots_list_with_params [0.163298s] ... ok
{6} tempest.api.volume.admin.test_snapshots_actions.SnapshotsActionsTest.test_snapshot_force_delete_when_snapshot_is_deleting [7.022098s] ... ok
{4} tempest.api.volume.admin.test_volumes_actions.VolumesActionsTest.test_volume_force_delete_when_volume_is_error [5.742262s] ... ok
{3} tempest.api.volume.test_volumes_negative.VolumesNegativeTest.test_attach_volumes_with_nonexistent_volume_id [23.863886s] ... ok
{5} tempest.api.volume.test_volumes_actions.VolumesActionsTest.test_get_volume_attachment [27.372829s] ... ok
{5} tempest.api.volume.test_volumes_actions.VolumesActionsTest.test_reserve_unreserve_volume [0.225519s] ... ok
{5} tempest.api.volume.test_volumes_actions.VolumesActionsTest.test_volume_bootable [0.243262s] ... ok
{5} tempest.api.volume.test_volumes_actions.VolumesActionsTest.test_volume_readonly_update [0.323789s] ... ok
{3} tempest.api.volume.test_volumes_negative.VolumesNegativeTest.test_create_volume_from_deactivated_image [2.480481s] ... ok
{1} tempest.api.volume.test_volumes_get.VolumesGetTest.test_volume_create_get_update_delete_as_clone [23.314038s] ... ok
{4} tempest.api.volume.admin.test_volumes_actions.VolumesActionsTest.test_volume_force_delete_when_volume_is_maintenance [5.101962s] ... ok
{3} tempest.api.volume.test_volumes_negative.VolumesNegativeTest.test_create_volume_from_image_with_decreasing_size [2.325493s] ... ok
{3} tempest.api.volume.test_volumes_negative.VolumesNegativeTest.test_create_volume_with_invalid_size [0.016889s] ... ok
{3} tempest.api.volume.test_volumes_negative.VolumesNegativeTest.test_create_volume_with_nonexistent_snapshot_id [0.024683s] ... ok
{3} tempest.api.volume.test_volumes_negative.VolumesNegativeTest.test_create_volume_with_nonexistent_source_volid [0.030344s] ... ok
{3} tempest.api.volume.test_volumes_negative.VolumesNegativeTest.test_create_volume_with_nonexistent_volume_type [0.034970s] ... ok
{3} tempest.api.volume.test_volumes_negative.VolumesNegativeTest.test_create_volume_with_size_negative [0.017438s] ... ok
{3} tempest.api.volume.test_volumes_negative.VolumesNegativeTest.test_create_volume_with_size_zero [0.017108s] ... ok
{3} tempest.api.volume.test_volumes_negative.VolumesNegativeTest.test_create_volume_without_passing_size [0.017328s] ... ok
{3} tempest.api.volume.test_volumes_negative.VolumesNegativeTest.test_delete_invalid_volume_id [0.025148s] ... ok
{3} tempest.api.volume.test_volumes_negative.VolumesNegativeTest.test_delete_volume_without_passing_volume_id [0.010924s] ... ok
{3} tempest.api.volume.test_volumes_negative.VolumesNegativeTest.test_detach_volumes_with_invalid_volume_id [0.028043s] ... ok
{3} tempest.api.volume.test_volumes_negative.VolumesNegativeTest.test_get_invalid_volume_id [0.023722s] ... ok
{3} tempest.api.volume.test_volumes_negative.VolumesNegativeTest.test_get_volume_without_passing_volume_id [0.011806s] ... ok
{3} tempest.api.volume.test_volumes_negative.VolumesNegativeTest.test_list_volumes_detail_with_invalid_status [0.090762s] ... ok
{3} tempest.api.volume.test_volumes_negative.VolumesNegativeTest.test_list_volumes_detail_with_nonexistent_name [0.086507s] ... ok
{3} tempest.api.volume.test_volumes_negative.VolumesNegativeTest.test_list_volumes_with_invalid_status [0.068660s] ... ok
{3} tempest.api.volume.test_volumes_negative.VolumesNegativeTest.test_list_volumes_with_nonexistent_name [0.055309s] ... ok
{3} tempest.api.volume.test_volumes_negative.VolumesNegativeTest.test_reserve_volume_with_negative_volume_status [0.257203s] ... ok
{3} tempest.api.volume.test_volumes_negative.VolumesNegativeTest.test_reserve_volume_with_nonexistent_volume_id [0.029708s] ... ok
{3} tempest.api.volume.test_volumes_negative.VolumesNegativeTest.test_unreserve_volume_with_nonexistent_volume_id [0.043549s] ... ok
{3} tempest.api.volume.test_volumes_negative.VolumesNegativeTest.test_update_volume_with_empty_volume_id [0.011778s] ... ok
{3} tempest.api.volume.test_volumes_negative.VolumesNegativeTest.test_update_volume_with_invalid_volume_id [0.023082s] ... ok
{3} tempest.api.volume.test_volumes_negative.VolumesNegativeTest.test_update_volume_with_nonexistent_volume_id [0.028384s] ... ok
{3} tempest.api.volume.test_volumes_negative.VolumesNegativeTest.test_volume_delete_nonexistent_volume_id [0.026279s] ... ok
{3} tempest.api.volume.test_volumes_negative.VolumesNegativeTest.test_volume_get_nonexistent_volume_id [0.024347s] ... ok
{6} tempest.api.volume.admin.test_snapshots_actions.SnapshotsActionsTest.test_snapshot_force_delete_when_snapshot_is_error [8.302450s] ... ok
{4} tempest.api.volume.admin.test_volumes_actions.VolumesActionsTest.test_volume_reset_status [5.476744s] ... ok
{5} setUpClass (tempest.api.volume.test_volumes_extend.VolumesExtendAttachedTest) ... SKIPPED: Attached volume extend is disabled.
{6} tempest.api.volume.admin.test_snapshots_actions.SnapshotsActionsTest.test_snapshot_force_delete_when_snapshot_is_error_deleting [4.775003s] ... ok
{6} tempest.api.volume.admin.test_snapshots_actions.SnapshotsActionsTest.test_update_snapshot_status [0.236360s] ... ok
{6} setUpClass (tempest.api.volume.admin.test_volume_manage.VolumeManageAdminTest) ... SKIPPED: Manage volume tests are disabled

==============================
Failed 2 tests - output below:
==============================

tempest.api.volume.admin.test_volume_retype.VolumeRetypeWithMigrationTest.test_available_volume_retype_with_migration[id-a1a41f3f-9dad-493e-9f09-3ff197d477cd]
--------------------------------------------------------------------------------------------------------------------------------------------------------------

Captured traceback:
~~~~~~~~~~~~~~~~~~~
    Traceback (most recent call last):

      File "/home/stguser/devstack/python-tempestconf/.venv/lib/python3.12/site-packages/tempest/api/volume/admin/test_volume_retype.py", line 146, in test_available_volume_retype_with_migration
    src_vol = self.create_volume(volume_type=self.src_vol_type['name'])
              ^^^^^^^^^^^^^^^^^^^^^^^^^^^^^^^^^^^^^^^^^^^^^^^^^^^^^^^^^

      File "/home/stguser/devstack/python-tempestconf/.venv/lib/python3.12/site-packages/tempest/api/volume/base.py", line 144, in create_volume
    waiters.wait_for_volume_resource_status(self.volumes_client,

      File "/home/stguser/devstack/python-tempestconf/.venv/lib/python3.12/site-packages/tempest/common/waiters.py", line 372, in wait_for_volume_resource_status
    raise exceptions.VolumeResourceBuildErrorException(

    tempest.exceptions.VolumeResourceBuildErrorException: volume 6f184e4a-6d1d-49d9-803f-50e344aee155 failed to build and is in ERROR status


Captured pythonlogging:
~~~~~~~~~~~~~~~~~~~~~~~
    2024-09-20 15:08:43,809 4132126 INFO     [tempest.lib.common.rest_client] Request (VolumeRetypeWithMigrationTest:test_available_volume_retype_with_migration): 202 POST http://9.180.170.24/volume/v3/98f88314205547208feeea67876115c1/volumes 1.196s
2024-09-20 15:08:43,824 4132126 DEBUG    [tempest.lib.common.rest_client] Request - Headers: {'Content-Type': 'application/json', 'Accept': 'application/json', 'Openstack-Api-Version': 'volume 3.0', 'X-Auth-Token': '<omitted>'}
        Body: {"volume": {"volume_type": "tempest-VolumeRetypeWithMigrationTest-volume-type-1550419897", "size": 1, "name": "tempest-VolumeRetypeWithMigrationTest-Volume-644133537"}}
    Response - Headers: {'date': 'Fri, 20 Sep 2024 15:08:42 GMT', 'server': 'Apache/2.4.58 (Ubuntu)', 'content-type': 'application/json', 'x-compute-request-id': 'req-5413738a-4f44-42f9-a7c6-f19f19a1426d', 'content-length': '879', 'openstack-api-version': 'volume 3.0', 'vary': 'OpenStack-API-Version', 'x-openstack-request-id': 'req-5413738a-4f44-42f9-a7c6-f19f19a1426d', 'connection': 'close', 'status': '202', 'content-location': 'http://9.180.170.24/volume/v3/98f88314205547208feeea67876115c1/volumes'}
        Body: b'{"volume": {"id": "6f184e4a-6d1d-49d9-803f-50e344aee155", "status": "creating", "size": 1, "availability_zone": "nova", "created_at": "2024-09-20T15:08:43.537687", "updated_at": null, "name": "tempest-VolumeRetypeWithMigrationTest-Volume-644133537", "description": null, "volume_type": "tempest-VolumeRetypeWithMigrationTest-volume-type-1550419897", "snapshot_id": null, "source_volid": null, "metadata": {}, "links": [{"rel": "self", "href": "http://9.180.170.24/volume/v3/98f88314205547208feeea67876115c1/volumes/6f184e4a-6d1d-49d9-803f-50e344aee155"}, {"rel": "bookmark", "href": "http://9.180.170.24/volume/98f88314205547208feeea67876115c1/volumes/6f184e4a-6d1d-49d9-803f-50e344aee155"}], "user_id": "1d7e7a6204734e4ba045a086798ecf83", "bootable": "false", "encrypted": false, "replication_status": null, "consistencygroup_id": null, "multiattach": false, "attachments": []}}'
2024-09-20 15:08:44,027 4132126 INFO     [tempest.lib.common.rest_client] Request (VolumeRetypeWithMigrationTest:test_available_volume_retype_with_migration): 200 GET http://9.180.170.24/volume/v3/98f88314205547208feeea67876115c1/volumes/6f184e4a-6d1d-49d9-803f-50e344aee155 0.194s
2024-09-20 15:08:44,027 4132126 DEBUG    [tempest.lib.common.rest_client] Request - Headers: {'Content-Type': 'application/json', 'Accept': 'application/json', 'Openstack-Api-Version': 'volume 3.0', 'X-Auth-Token': '<omitted>'}
        Body: None
    Response - Headers: {'date': 'Fri, 20 Sep 2024 15:08:43 GMT', 'server': 'Apache/2.4.58 (Ubuntu)', 'content-type': 'application/json', 'x-compute-request-id': 'req-4700341e-999f-4348-b9ae-09bff76a9071', 'content-length': '947', 'openstack-api-version': 'volume 3.0', 'vary': 'OpenStack-API-Version', 'x-openstack-request-id': 'req-4700341e-999f-4348-b9ae-09bff76a9071', 'connection': 'close', 'status': '200', 'content-location': 'http://9.180.170.24/volume/v3/98f88314205547208feeea67876115c1/volumes/6f184e4a-6d1d-49d9-803f-50e344aee155'}
        Body: b'{"volume": {"id": "6f184e4a-6d1d-49d9-803f-50e344aee155", "status": "creating", "size": 1, "availability_zone": "nova", "created_at": "2024-09-20T15:08:44.000000", "updated_at": null, "name": "tempest-VolumeRetypeWithMigrationTest-Volume-644133537", "description": null, "volume_type": "tempest-VolumeRetypeWithMigrationTest-volume-type-1550419897", "snapshot_id": null, "source_volid": null, "metadata": {}, "links": [{"rel": "self", "href": "http://9.180.170.24/volume/v3/98f88314205547208feeea67876115c1/volumes/6f184e4a-6d1d-49d9-803f-50e344aee155"}, {"rel": "bookmark", "href": "http://9.180.170.24/volume/98f88314205547208feeea67876115c1/volumes/6f184e4a-6d1d-49d9-803f-50e344aee155"}], "user_id": "1d7e7a6204734e4ba045a086798ecf83", "bootable": "false", "encrypted": false, "replication_status": null, "consistencygroup_id": null, "multiattach": false, "attachments": [], "os-vol-tenant-attr:tenant_id": "98f88314205547208feeea67876115c1"}
    }'
2024-09-20 15:08:45,161 4132126 INFO     [tempest.lib.common.rest_client] Request (VolumeRetypeWithMigrationTest:test_available_volume_retype_with_migration): 200 GET http://9.180.170.24/volume/v3/98f88314205547208feeea67876115c1/volumes/6f184e4a-6d1d-49d9-803f-50e344aee155 0.125s
2024-09-20 15:08:45,162 4132126 DEBUG    [tempest.lib.common.rest_client] Request - Headers: {'Content-Type': 'application/json', 'Accept': 'application/json', 'Openstack-Api-Version': 'volume 3.0', 'X-Auth-Token': '<omitted>'}
        Body: None
    Response - Headers: {'date': 'Fri, 20 Sep 2024 15:08:45 GMT', 'server': 'Apache/2.4.58 (Ubuntu)', 'content-type': 'application/json', 'x-compute-request-id': 'req-69ee3093-b346-4e67-9b9d-a7eed9babf80', 'content-length': '968', 'openstack-api-version': 'volume 3.0', 'vary': 'OpenStack-API-Version', 'x-openstack-request-id': 'req-69ee3093-b346-4e67-9b9d-a7eed9babf80', 'connection': 'close', 'status': '200', 'content-location': 'http://9.180.170.24/volume/v3/98f88314205547208feeea67876115c1/volumes/6f184e4a-6d1d-49d9-803f-50e344aee155'}
        Body: b'{"volume": {"id": "6f184e4a-6d1d-49d9-803f-50e344aee155", "status": "error", "size": 1, "availability_zone": "nova", "created_at": "2024-09-20T15:08:44.000000", "updated_at": "2024-09-20T15:08:44.000000", "name": "tempest-VolumeRetypeWithMigrationTest-Volume-644133537", "description": null, "volume_type": "tempest-VolumeRetypeWithMigrationTest-volume-type-1550419897", "snapshot_id": null, "source_volid": null, "metadata": {}, "links": [{"rel": "self", "href": "http://9.180.170.24/volume/v3/98f88314205547208feeea67876115c1/volumes/6f184e4a-6d1d-49d9-803f-50e344aee155"}, {"rel": "bookmark", "href": "http://9.180.170.24/volume/98f88314205547208feeea67876115c1/volumes/6f184e4a-6d1d-49d9-803f-50e344aee155"}], "user_id": "1d7e7a6204734e4ba045a086798ecf83", "bootable": "false", "encrypted": false, "replication_status": null, "consistencygroup_id": null, "multiattach": false, "attachments": [], "os-vol-tenant-attr:tenant_id": "98f88314205547208feeea67876115c1"}}'
2024-09-20 15:08:45,251 4132126 INFO     [tempest.lib.common.rest_client] Request (VolumeRetypeWithMigrationTest:_run_cleanups): 200 GET http://9.180.170.24/volume/v3/98f88314205547208feeea67876115c1/volumes/6f184e4a-6d1d-49d9-803f-50e344aee155 0.071s
2024-09-20 15:08:45,252 4132126 DEBUG    [tempest.lib.common.rest_client] Request - Headers: {'Content-Type': 'application/json', 'Accept': 'application/json', 'Openstack-Api-Version': 'volume 3.0', 'X-Auth-Token': '<omitted>'}
        Body: None
    Response - Headers: {'date': 'Fri, 20 Sep 2024 15:08:45 GMT', 'server': 'Apache/2.4.58 (Ubuntu)', 'content-type': 'application/json', 'x-compute-request-id': 'req-b331dcf3-42db-4013-b6cc-f8fd3f680477', 'content-length': '968', 'openstack-api-version': 'volume 3.0', 'vary': 'OpenStack-API-Version', 'x-openstack-request-id': 'req-b331dcf3-42db-4013-b6cc-f8fd3f680477', 'connection': 'close', 'status': '200', 'content-location': 'http://9.180.170.24/volume/v3/98f88314205547208feeea67876115c1/volumes/6f184e4a-6d1d-49d9-803f-50e344aee155'}
        Body: b'{"volume": {"id": "6f184e4a-6d1d-49d9-803f-50e344aee155", "status": "error", "size": 1, "availability_zone": "nova", "created_at": "2024-09-20T15:08:44.000000", "updated_at": "2024-09-20T15:08:44.000000", "name": "tempest-VolumeRetypeWithMigrationTest-Volume-644133537", "description": null, "volume_type": "tempest-VolumeRetypeWithMigrationTest-volume-type-1550419897", "snapshot_id": null, "source_volid": null, "metadata": {}, "links": [{"rel": "self", "href": "http://9.180.170.24/volume/v3/98f88314205547208feeea67876115c1/volumes/6f184e4a-6d1d-49d9-803f-50e344aee155"}, {"rel": "bookmark", "href": "http://9.180.170.24/volume/98f88314205547208feeea67876115c1/volumes/6f184e4a-6d1d-49d9-803f-50e344aee155"}], "user_id": "1d7e7a6204734e4ba045a086798ecf83", "bootable": "false", "encrypted": false, "replication_status": null, "consistencygroup_id": null, "multiattach": false, "attachments": [], "os-vol-tenant-attr:tenant_id": "98f88314205547208feeea67876115c1"}}'
2024-
    09-20 15:08:46,307 4132126 INFO     [tempest.lib.common.rest_client] Request (VolumeRetypeWithMigrationTest:_run_cleanups): 202 DELETE http://9.180.170.24/volume/v3/98f88314205547208feeea67876115c1/volumes/6f184e4a-6d1d-49d9-803f-50e344aee155 1.045s
2024-09-20 15:08:46,308 4132126 DEBUG    [tempest.lib.common.rest_client] Request - Headers: {'Content-Type': 'application/json', 'Accept': 'application/json', 'Openstack-Api-Version': 'volume 3.0', 'X-Auth-Token': '<omitted>'}
        Body: None
    Response - Headers: {'date': 'Fri, 20 Sep 2024 15:08:45 GMT', 'server': 'Apache/2.4.58 (Ubuntu)', 'content-length': '0', 'content-type': 'text/html; charset=UTF-8', 'openstack-api-version': 'volume 3.0', 'vary': 'OpenStack-API-Version', 'x-openstack-request-id': 'req-bf706330-9af5-422e-960b-7a6c2f709675', 'connection': 'close', 'status': '202', 'content-location': 'http://9.180.170.24/volume/v3/98f88314205547208feeea67876115c1/volumes/6f184e4a-6d1d-49d9-803f-50e344aee155'}
        Body: b''
2024-09-20 15:08:46,346 4132126 INFO     [tempest.lib.common.rest_client] Request (VolumeRetypeWithMigrationTest:_run_cleanups): 404 GET http://9.180.170.24/volume/v3/98f88314205547208feeea67876115c1/volumes/6f184e4a-6d1d-49d9-803f-50e344aee155 0.038s
2024-09-20 15:08:46,347 4132126 DEBUG    [tempest.lib.common.rest_client] Request - Headers: {'Content-Type': 'application/json', 'Accept': 'application/json', 'Openstack-Api-Version': 'volume 3.0', 'X-Auth-Token': '<omitted>'}
        Body: None
    Response - Headers: {'date': 'Fri, 20 Sep 2024 15:08:46 GMT', 'server': 'Apache/2.4.58 (Ubuntu)', 'openstack-api-version': 'volume 3.0', 'vary': 'OpenStack-API-Version', 'content-length': '109', 'content-type': 'application/json', 'x-compute-request-id': 'req-d0ff922a-297e-489a-ac9a-8afee6d5fcba', 'x-openstack-request-id': 'req-d0ff922a-297e-489a-ac9a-8afee6d5fcba', 'connection': 'close', 'status': '404', 'content-location': 'http://9.180.170.24/volume/v3/98f88314205547208feeea67876115c1/volumes/6f184e4a-6d1d-49d9-803f-50e344aee155'}
        Body: b'{"itemNotFound": {"code": 404, "message": "Volume 6f184e4a-6d1d-49d9-803f-50e344aee155 could not be found."}}'


setUpClass (tempest.api.volume.admin.test_multi_backend.VolumeMultiBackendTest)
-------------------------------------------------------------------------------

Captured traceback:
~~~~~~~~~~~~~~~~~~~
    Traceback (most recent call last):

      File "/home/stguser/devstack/python-tempestconf/.venv/lib/python3.12/site-packages/tempest/test.py", line 185, in setUpClass
    raise value.with_traceback(trace)

      File "/home/stguser/devstack/python-tempestconf/.venv/lib/python3.12/site-packages/tempest/test.py", line 178, in setUpClass
    cls.resource_setup()

      File "/home/stguser/devstack/python-tempestconf/.venv/lib/python3.12/site-packages/tempest/api/volume/admin/test_multi_backend.py", line 50, in resource_setup
    cls._create_type_and_volume(backend_name, False)

      File "/home/stguser/devstack/python-tempestconf/.venv/lib/python3.12/site-packages/tempest/api/volume/admin/test_multi_backend.py", line 74, in _create_type_and_volume
    cls.volume = cls.create_volume(**params)
                 ^^^^^^^^^^^^^^^^^^^^^^^^^^^

      File "/home/stguser/devstack/python-tempestconf/.venv/lib/python3.12/site-packages/tempest/api/volume/base.py", line 144, in create_volume
    waiters.wait_for_volume_resource_status(self.volumes_client,

      File "/home/stguser/devstack/python-tempestconf/.venv/lib/python3.12/site-packages/tempest/common/waiters.py", line 372, in wait_for_volume_resource_status
    raise exceptions.VolumeResourceBuildErrorException(

    tempest.exceptions.VolumeResourceBuildErrorException: volume 4fcdd2c8-3294-48fd-9309-2b216bb6ee62 failed to build and is in ERROR status



======
Totals
======
Ran: 177 tests in 75.7660 sec.
 - Passed: 167
 - Skipped: 8
 - Expected Fail: 0
 - Unexpected Success: 0
 - Failed: 2
Sum of execute time for each test: 469.5998 sec.

==============
Worker Balance
==============
 - Worker 0 (2 tests) => 0:00:50.338780
 - Worker 1 (3 tests) => 0:01:00.550114
 - Worker 2 (2 tests) => 0:00:53.307973
 - Worker 3 (28 tests) => 0:00:34.892108
 - Worker 4 (6 tests) => 0:01:06.772542
 - Worker 5 (5 tests) => 0:00:35.556921
 - Worker 6 (7 tests) => 0:00:43.533389
 - Worker 7 (8 tests) => 0:00:32.361269
 - Worker 8 (2 tests) => 0:00:23.600404
 - Worker 9 (2 tests) => 0:00:22.349907
 - Worker 10 (2 tests) => 0:00:23.120739
 - Worker 11 (2 tests) => 0:00:17.583436
 - Worker 12 (1 tests) => 0:00:11.015324
 - Worker 13 (1 tests) => 0:00:13.051919
 - Worker 14 (5 tests) => 0:00:13.723021
 - Worker 15 (2 tests) => 0:00:11.408990
 - Worker 16 (2 tests) => 0:00:07.745275
 - Worker 17 (4 tests) => 0:00:08.210871
 - Worker 18 (7 tests) => 0:00:06.385540
 - Worker 19 (2 tests) => 0:00:04.413785
 - Worker 20 (1 tests) => 0:00:03.736120
 - Worker 21 (6 tests) => 0:00:02.965962
 - Worker 22 (1 tests) => 0:00:04.324737
 - Worker 23 (3 tests) => 0:00:02.742422
 - Worker 24 (2 tests) => 0:00:03.119467
 - Worker 25 (12 tests) => 0:00:02.481198
 - Worker 26 (18 tests) => 0:00:02.621095
 - Worker 27 (2 tests) => 0:00:01.490602
 - Worker 28 (5 tests) => 0:00:01.074291
 - Worker 29 (2 tests) => 0:00:01.559580
 - Worker 30 (2 tests) => 0:00:00.916704
 - Worker 31 (5 tests) => 0:00:01.804054
 - Worker 32 (2 tests) => 0:00:01.957464
 - Worker 33 (1 tests) => 0:00:01.462060
 - Worker 34 (2 tests) => 0:00:02.129856
 - Worker 35 (1 tests) => 0:00:00.819840
 - Worker 36 (1 tests) => 0:00:00.736286
 - Worker 37 (2 tests) => 0:00:01.100882
 - Worker 38 (2 tests) => 0:00:00.675130
 - Worker 39 (14 tests) => 0:00:32.018691
