{0} setUpClass (tempest.api.volume.test_volumes_backup.VolumesBackupsTest) ... SKIPPED: Cinder backup feature disabled
{7} setUpClass (tempest.api.volume.admin.test_snapshot_manage.SnapshotManageAdminTest) ... SKIPPED: Manage snapshot tests are disabled
{6} setUpClass (tempest.api.volume.admin.test_volume_manage.VolumeManageAdminTest) ... SKIPPED: Manage volume tests are disabled
{2} setUpClass (tempest.api.volume.admin.test_encrypted_volumes_extend.EncryptedVolumesExtendAttachedTest) ... SKIPPED: Attached encrypted volume extend is disabled.
{36} tempest.api.volume.test_versions.VersionsTest.test_list_versions [0.802363s] ... ok
{37} tempest.api.volume.test_extensions.ExtensionsTestJSON.test_list_extensions [0.972317s] ... ok
{32} tempest.api.volume.test_availability_zone.AvailabilityZoneTestJSON.test_get_availability_zone_list [1.113187s] ... ok
{35} tempest.api.volume.test_volumes_snapshots_negative.VolumesSnapshotNegativeTestJSON.test_create_snapshot_with_nonexistent_volume_id [1.657951s] ... ok
{35} tempest.api.volume.test_volumes_snapshots_negative.VolumesSnapshotNegativeTestJSON.test_create_snapshot_without_passing_volume_id [0.061955s] ... ok
{35} tempest.api.volume.test_volumes_snapshots_negative.VolumesSnapshotNegativeTestJSON.test_list_snapshot_invalid_param_limit [0.010091s] ... ok
{35} tempest.api.volume.test_volumes_snapshots_negative.VolumesSnapshotNegativeTestJSON.test_list_snapshots_invalid_param_marker [0.070292s] ... ok
{35} tempest.api.volume.test_volumes_snapshots_negative.VolumesSnapshotNegativeTestJSON.test_list_snapshots_invalid_param_sort [0.019995s] ... ok
{36} tempest.api.volume.test_versions.VersionsTest.test_show_version [0.708222s] ... ok
{20} tempest.api.volume.admin.test_volume_quota_classes.VolumeQuotaClassesTest.test_show_default_quota [0.529729s] ... ok
{25} tempest.api.volume.admin.test_volume_types_negative.VolumeTypesNegativeTest.test_create_volume_type_encryption_nonexistent_type_id [0.341510s] ... ok
{33} tempest.api.volume.admin.test_volume_services_negative.VolumeServicesNegativeTest.test_disable_log_reason_with_no_reason [0.177282s] ... ok
{14} tempest.api.volume.admin.test_volume_services.VolumesServicesTestJSON.test_get_service_by_host_name [0.223426s] ... ok
{31} tempest.api.volume.admin.test_volume_hosts.VolumeHostsAdminTestsJSON.test_list_hosts [0.242725s] ... ok
{26} tempest.api.volume.admin.test_volume_types_extra_specs_negative.ExtraSpecsNegativeTest.test_create_invalid_body [0.260510s] ... ok
{33} tempest.api.volume.admin.test_volume_services_negative.VolumeServicesNegativeTest.test_disable_service_with_invalid_binary [0.191995s] ... ok
{14} tempest.api.volume.admin.test_volume_services.VolumesServicesTestJSON.test_get_service_by_service_and_host_name [0.200951s] ... ok
{26} tempest.api.volume.admin.test_volume_types_extra_specs_negative.ExtraSpecsNegativeTest.test_create_none_body [0.227677s] ... ok
{29} tempest.api.volume.admin.test_volume_pools.VolumePoolsAdminTestsJSON.test_get_pools_with_details [0.887742s] ... ok
{33} tempest.api.volume.admin.test_volume_services_negative.VolumeServicesNegativeTest.test_enable_service_with_invalid_host [0.351380s] ... ok
{14} tempest.api.volume.admin.test_volume_services.VolumesServicesTestJSON.test_get_service_by_service_binary_name [0.342044s] ... ok
{26} tempest.api.volume.admin.test_volume_types_extra_specs_negative.ExtraSpecsNegativeTest.test_create_nonexistent_type_id [0.480641s] ... ok
{18} tempest.api.volume.admin.test_volume_types.VolumeTypesTest.test_volume_type_create_get_delete [1.329260s] ... ok
{33} tempest.api.volume.admin.test_volume_services_negative.VolumeServicesNegativeTest.test_freeze_host_with_invalid_host [0.516024s] ... ok
{31} tempest.api.volume.admin.test_volume_hosts.VolumeHostsAdminTestsJSON.test_show_host [1.146124s] ... ok
{26} tempest.api.volume.admin.test_volume_types_extra_specs_negative.ExtraSpecsNegativeTest.test_delete_nonexistent_volume_type_id [0.436812s] ... ok
{33} tempest.api.volume.admin.test_volume_services_negative.VolumeServicesNegativeTest.test_thaw_host_with_invalid_host [0.318758s] ... ok
{25} tempest.api.volume.admin.test_volume_types_negative.VolumeTypesNegativeTest.test_create_volume_with_private_volume_type [1.469788s] ... ok
{26} tempest.api.volume.admin.test_volume_types_extra_specs_negative.ExtraSpecsNegativeTest.test_get_nonexistent_extra_spec_name [0.169945s] ... ok
{29} tempest.api.volume.admin.test_volume_pools.VolumePoolsAdminTestsJSON.test_get_pools_without_details [0.952806s] ... ok
{25} tempest.api.volume.admin.test_volume_types_negative.VolumeTypesNegativeTest.test_create_with_empty_name [0.104133s] ... ok
{26} tempest.api.volume.admin.test_volume_types_extra_specs_negative.ExtraSpecsNegativeTest.test_get_nonexistent_volume_type_id [0.095776s] ... ok
{24} tempest.api.volume.admin.test_volume_types_extra_specs.VolumeTypesExtraSpecsTest.test_volume_type_extra_spec_create_get_delete [1.403920s] ... ok
{26} tempest.api.volume.admin.test_volume_types_extra_specs_negative.ExtraSpecsNegativeTest.test_list_nonexistent_volume_type_id [0.179572s] ... ok
{26} tempest.api.volume.admin.test_volume_types_extra_specs_negative.ExtraSpecsNegativeTest.test_update_multiple_extra_spec [0.090679s] ... ok
{24} tempest.api.volume.admin.test_volume_types_extra_specs.VolumeTypesExtraSpecsTest.test_volume_type_extra_specs_list [0.284657s] ... ok
{26} tempest.api.volume.admin.test_volume_types_extra_specs_negative.ExtraSpecsNegativeTest.test_update_no_body [0.146632s] ... ok
{26} tempest.api.volume.admin.test_volume_types_extra_specs_negative.ExtraSpecsNegativeTest.test_update_none_extra_spec_id [0.165041s] ... ok
{25} tempest.api.volume.admin.test_volume_types_negative.VolumeTypesNegativeTest.test_create_with_repeated_name [0.607172s] ... ok
{25} tempest.api.volume.admin.test_volume_types_negative.VolumeTypesNegativeTest.test_delete_nonexistent_type_id [0.042296s] ... ok
{26} tempest.api.volume.admin.test_volume_types_extra_specs_negative.ExtraSpecsNegativeTest.test_update_nonexistent_extra_spec_id [0.062896s] ... ok
{25} tempest.api.volume.admin.test_volume_types_negative.VolumeTypesNegativeTest.test_get_nonexistent_type_id [0.018907s] ... ok
{26} tempest.api.volume.admin.test_volume_types_extra_specs_negative.ExtraSpecsNegativeTest.test_update_nonexistent_type_id [0.056127s] ... ok
{24} tempest.api.volume.admin.test_volume_types_extra_specs.VolumeTypesExtraSpecsTest.test_volume_type_extra_specs_update [0.538422s] ... ok
{16} tempest.api.volume.admin.test_user_messages.UserMessagesTest.test_delete_message [2.989333s] ... ok
{18} tempest.api.volume.admin.test_volume_types.VolumeTypesTest.test_volume_type_encryption_create_get_update_delete [1.786239s] ... ok
{18} tempest.api.volume.admin.test_volume_types.VolumeTypesTest.test_volume_type_list [0.080906s] ... ok
{22} tempest.api.volume.admin.test_backends_capabilities.BackendsCapabilitiesAdminTestsJSON.test_compare_volume_stats_values [2.051751s] ... ok
{17} tempest.api.volume.admin.test_qos.QosSpecsTestJSON.test_associate_disassociate_qos [3.438921s] ... ok
{20} tempest.api.volume.admin.test_volume_quota_classes.VolumeQuotaClassesTest.test_update_default_quota [3.724790s] ... ok
{23} tempest.api.volume.admin.test_volume_retype.VolumeRetypeWithMigrationTest.test_available_volume_retype_with_migration [3.419805s] ... FAILED

Captured traceback:
~~~~~~~~~~~~~~~~~~~
    Traceback (most recent call last):

      File "/home/stguser/devstack/python-tempestconf/.venv/lib/python3.12/site-packages/tempest/api/volume/admin/test_volume_retype.py", line 146, in test_available_volume_retype_with_migration
    src_vol = self.create_volume(volume_type=self.src_vol_type['name'])
              ^^^^^^^^^^^^^^^^^^^^^^^^^^^^^^^^^^^^^^^^^^^^^^^^^^^^^^^^^

      File "/home/stguser/devstack/python-tempestconf/.venv/lib/python3.12/site-packages/tempest/api/volume/base.py", line 144, in create_volume
    waiters.wait_for_volume_resource_status(self.volumes_client,

      File "/home/stguser/devstack/python-tempestconf/.venv/lib/python3.12/site-packages/tempest/common/waiters.py", line 372, in wait_for_volume_resource_status
    raise exceptions.VolumeResourceBuildErrorException(

    tempest.exceptions.VolumeResourceBuildErrorException: volume fc1a21eb-6e87-4ad5-9518-f5688c59846e failed to build and is in ERROR status


Captured pythonlogging:
~~~~~~~~~~~~~~~~~~~~~~~
    2024-09-27 07:58:46,864 100915 INFO     [tempest.lib.common.rest_client] Request (VolumeRetypeWithMigrationTest:test_available_volume_retype_with_migration): 202 POST http://9.180.170.24/volume/v3/5d7a2d85c9ce450b9d1783155dc20823/volumes 1.110s
2024-09-27 07:58:46,864 100915 DEBUG    [tempest.lib.common.rest_client] Request - Headers: {'Content-Type': 'application/json', 'Accept': 'application/json', 'Openstack-Api-Version': 'volume 3.0', 'X-Auth-Token': '<omitted>'}
        Body: {"volume": {"volume_type": "tempest-VolumeRetypeWithMigrationTest-volume-type-1975250680", "size": 1, "name": "tempest-VolumeRetypeWithMigrationTest-Volume-438346548"}}
    Response - Headers: {'date': 'Fri, 27 Sep 2024 07:58:45 GMT', 'server': 'Apache/2.4.58 (Ubuntu)', 'content-type': 'application/json', 'x-compute-request-id': 'req-74a33d48-54eb-4825-aea2-6d07c9e8f84a', 'content-length': '879', 'openstack-api-version': 'volume 3.0', 'vary': 'OpenStack-API-Version', 'x-openstack-request-id': 'req-74a33d48-54eb-4825-aea2-6d07c9e8f84a', 'connection': 'close', 'status': '202', 'content-location': 'http://9.180.170.24/volume/v3/5d7a2d85c9ce450b9d1783155dc20823/volumes'}
        Body: b'{"volume": {"id": "fc1a21eb-6e87-4ad5-9518-f5688c59846e", "status": "creating", "size": 1, "availability_zone": "nova", "created_at": "2024-09-27T07:58:46.511840", "updated_at": null, "name": "tempest-VolumeRetypeWithMigrationTest-Volume-438346548", "description": null, "volume_type": "tempest-VolumeRetypeWithMigrationTest-volume-type-1975250680", "snapshot_id": null, "source_volid": null, "metadata": {}, "links": [{"rel": "self", "href": "http://9.180.170.24/volume/v3/5d7a2d85c9ce450b9d1783155dc20823/volumes/fc1a21eb-6e87-4ad5-9518-f5688c59846e"}, {"rel": "bookmark", "href": "http://9.180.170.24/volume/5d7a2d85c9ce450b9d1783155dc20823/volumes/fc1a21eb-6e87-4ad5-9518-f5688c59846e"}], "user_id": "6533e670223046d49ae451473b347848", "bootable": "false", "encrypted": false, "replication_status": null, "consistencygroup_id": null, "multiattach": false, "attachments": []}}'
2024-09-27 07:58:47,202 100915 INFO     [tempest.lib.common.rest_client] Request (VolumeRetypeWithMigrationTest:test_available_volume_retype_with_migration): 200 GET http://9.180.170.24/volume/v3/5d7a2d85c9ce450b9d1783155dc20823/volumes/fc1a21eb-6e87-4ad5-9518-f5688c59846e 0.326s
2024-09-27 07:58:47,202 100915 DEBUG    [tempest.lib.common.rest_client] Request - Headers: {'Content-Type': 'application/json', 'Accept': 'application/json', 'Openstack-Api-Version': 'volume 3.0', 'X-Auth-Token': '<omitted>'}
        Body: None
    Response - Headers: {'date': 'Fri, 27 Sep 2024 07:58:46 GMT', 'server': 'Apache/2.4.58 (Ubuntu)', 'content-type': 'application/json', 'x-compute-request-id': 'req-70bd4602-b59b-4cd1-942c-56197d326e07', 'content-length': '947', 'openstack-api-version': 'volume 3.0', 'vary': 'OpenStack-API-Version', 'x-openstack-request-id': 'req-70bd4602-b59b-4cd1-942c-56197d326e07', 'connection': 'close', 'status': '200', 'content-location': 'http://9.180.170.24/volume/v3/5d7a2d85c9ce450b9d1783155dc20823/volumes/fc1a21eb-6e87-4ad5-9518-f5688c59846e'}
        Body: b'{"volume": {"id": "fc1a21eb-6e87-4ad5-9518-f5688c59846e", "status": "creating", "size": 1, "availability_zone": "nova", "created_at": "2024-09-27T07:58:47.000000", "updated_at": null, "name": "tempest-VolumeRetypeWithMigrationTest-Volume-438346548", "description": null, "volume_type": "tempest-VolumeRetypeWithMigrationTest-volume-type-1975250680", "snapshot_id": null, "source_volid": null, "metadata": {}, "links": [{"rel": "self", "href": "http://9.180.170.24/volume/v3/5d7a2d85c9ce450b9d1783155dc20823/volumes/fc1a21eb-6e87-4ad5-9518-f5688c59846e"}, {"rel": "bookmark", "href": "http://9.180.170.24/volume/5d7a2d85c9ce450b9d1783155dc20823/volumes/fc1a21eb-6e87-4ad5-9518-f5688c59846e"}], "user_id": "6533e670223046d49ae451473b347848", "bootable": "false", "encrypted": false, "replication_status": null, "consistencygroup_id": null, "multiattach": false, "attachments": [], "os-vol-tenant-attr:tenant_id": "5d7a2d85c9ce450b9d1783155dc20823"}}'
2
    024-09-27 07:58:48,247 100915 INFO     [tempest.lib.common.rest_client] Request (VolumeRetypeWithMigrationTest:test_available_volume_retype_with_migration): 200 GET http://9.180.170.24/volume/v3/5d7a2d85c9ce450b9d1783155dc20823/volumes/fc1a21eb-6e87-4ad5-9518-f5688c59846e 0.036s
2024-09-27 07:58:48,248 100915 DEBUG    [tempest.lib.common.rest_client] Request - Headers: {'Content-Type': 'application/json', 'Accept': 'application/json', 'Openstack-Api-Version': 'volume 3.0', 'X-Auth-Token': '<omitted>'}
        Body: None
    Response - Headers: {'date': 'Fri, 27 Sep 2024 07:58:48 GMT', 'server': 'Apache/2.4.58 (Ubuntu)', 'content-type': 'application/json', 'x-compute-request-id': 'req-e99169d1-0e50-44c5-ab54-f25e9630ce43', 'content-length': '968', 'openstack-api-version': 'volume 3.0', 'vary': 'OpenStack-API-Version', 'x-openstack-request-id': 'req-e99169d1-0e50-44c5-ab54-f25e9630ce43', 'connection': 'close', 'status': '200', 'content-location': 'http://9.180.170.24/volume/v3/5d7a2d85c9ce450b9d1783155dc20823/volumes/fc1a21eb-6e87-4ad5-9518-f5688c59846e'}
        Body: b'{"volume": {"id": "fc1a21eb-6e87-4ad5-9518-f5688c59846e", "status": "error", "size": 1, "availability_zone": "nova", "created_at": "2024-09-27T07:58:47.000000", "updated_at": "2024-09-27T07:58:47.000000", "name": "tempest-VolumeRetypeWithMigrationTest-Volume-438346548", "description": null, "volume_type": "tempest-VolumeRetypeWithMigrationTest-volume-type-1975250680", "snapshot_id": null, "source_volid": null, "metadata": {}, "links": [{"rel": "self", "href": "http://9.180.170.24/volume/v3/5d7a2d85c9ce450b9d1783155dc20823/volumes/fc1a21eb-6e87-4ad5-9518-f5688c59846e"}, {"rel": "bookmark", "href": "http://9.180.170.24/volume/5d7a2d85c9ce450b9d1783155dc20823/volumes/fc1a21eb-6e87-4ad5-9518-f5688c59846e"}], "user_id": "6533e670223046d49ae451473b347848", "bootable": "false", "encrypted": false, "replication_status": null, "consistencygroup_id": null, "multiattach": false, "attachments": [], "os-vol-tenant-attr:tenant_id": "5d7a2d85c9ce450b9d1783155dc20823"}}'
2024-09-27 07:58:48,309 100915 INFO     [tempest.lib.common.rest_client] Request (VolumeRetypeWithMigrationTest:_run_cleanups): 200 GET http://9.180.170.24/volume/v3/5d7a2d85c9ce450b9d1783155dc20823/volumes/fc1a21eb-6e87-4ad5-9518-f5688c59846e 0.045s
2024-09-27 07:58:48,310 100915 DEBUG    [tempest.lib.common.rest_client] Request - Headers: {'Content-Type': 'application/json', 'Accept': 'application/json', 'Openstack-Api-Version': 'volume 3.0', 'X-Auth-Token': '<omitted>'}
        Body: None
    Response - Headers: {'date': 'Fri, 27 Sep 2024 07:58:48 GMT', 'server': 'Apache/2.4.58 (Ubuntu)', 'content-type': 'application/json', 'x-compute-request-id': 'req-a5dff86f-e59e-49dd-9456-6bc48a5f3dc5', 'content-length': '968', 'openstack-api-version': 'volume 3.0', 'vary': 'OpenStack-API-Version', 'x-openstack-request-id': 'req-a5dff86f-e59e-49dd-9456-6bc48a5f3dc5', 'connection': 'close', 'status': '200', 'content-location': 'http://9.180.170.24/volume/v3/5d7a2d85c9ce450b9d1783155dc20823/volumes/fc1a21eb-6e87-4ad5-9518-f5688c59846e'}
        Body: b'{"volume": {"id": "fc1a21eb-6e87-4ad5-9518-f5688c59846e", "status": "error", "size": 1, "availability_zone": "nova", "created_at": "2024-09-27T07:58:47.000000", "updated_at": "2024-09-27T07:58:47.000000", "name": "tempest-VolumeRetypeWithMigrationTest-Volume-438346548", "description": null, "volume_type": "tempest-VolumeRetypeWithMigrationTest-volume-type-1975250680", "snapshot_id": null, "source_volid": null, "metadata": {}, "links": [{"rel": "self", "href": "http://9.180.170.24/volume/v3/5d7a2d85c9ce450b9d1783155dc20823/volumes/fc1a21eb-6e87-4ad5-9518-f5688c59846e"}, {"rel": "bookmark", "href": "http://9.180.170.24/volume/5d7a2d85c9ce450b9d1783155dc20823/volumes/fc1a21eb-6e87-4ad5-9518-f5688c59846e"}], "user_id": "6533e670223046d49ae451473b347848", "bootable": "false", "encrypted": false, "replication_status": null, "consistencygroup_id": null, "multiattach": false, "attachments": [], "os-vol-tenant-attr:tenant_id": "5d7a2d85c9ce450b9d1783155dc20823"}}'
2024-09-27 07
    :58:48,990 100915 INFO     [tempest.lib.common.rest_client] Request (VolumeRetypeWithMigrationTest:_run_cleanups): 202 DELETE http://9.180.170.24/volume/v3/5d7a2d85c9ce450b9d1783155dc20823/volumes/fc1a21eb-6e87-4ad5-9518-f5688c59846e 0.670s
2024-09-27 07:58:48,990 100915 DEBUG    [tempest.lib.common.rest_client] Request - Headers: {'Content-Type': 'application/json', 'Accept': 'application/json', 'Openstack-Api-Version': 'volume 3.0', 'X-Auth-Token': '<omitted>'}
        Body: None
    Response - Headers: {'date': 'Fri, 27 Sep 2024 07:58:48 GMT', 'server': 'Apache/2.4.58 (Ubuntu)', 'content-length': '0', 'content-type': 'text/html; charset=UTF-8', 'openstack-api-version': 'volume 3.0', 'vary': 'OpenStack-API-Version', 'x-openstack-request-id': 'req-ce0015f1-5e04-4637-b6da-14a2cddbce71', 'connection': 'close', 'status': '202', 'content-location': 'http://9.180.170.24/volume/v3/5d7a2d85c9ce450b9d1783155dc20823/volumes/fc1a21eb-6e87-4ad5-9518-f5688c59846e'}
        Body: b''
2024-09-27 07:58:49,171 100915 INFO     [tempest.lib.common.rest_client] Request (VolumeRetypeWithMigrationTest:_run_cleanups): 404 GET http://9.180.170.24/volume/v3/5d7a2d85c9ce450b9d1783155dc20823/volumes/fc1a21eb-6e87-4ad5-9518-f5688c59846e 0.181s
2024-09-27 07:58:49,172 100915 DEBUG    [tempest.lib.common.rest_client] Request - Headers: {'Content-Type': 'application/json', 'Accept': 'application/json', 'Openstack-Api-Version': 'volume 3.0', 'X-Auth-Token': '<omitted>'}
        Body: None
    Response - Headers: {'date': 'Fri, 27 Sep 2024 07:58:48 GMT', 'server': 'Apache/2.4.58 (Ubuntu)', 'openstack-api-version': 'volume 3.0', 'vary': 'OpenStack-API-Version', 'content-length': '109', 'content-type': 'application/json', 'x-compute-request-id': 'req-8b6f333d-a2f4-4b27-8a50-335ff5720c9e', 'x-openstack-request-id': 'req-8b6f333d-a2f4-4b27-8a50-335ff5720c9e', 'connection': 'close', 'status': '404', 'content-location': 'http://9.180.170.24/volume/v3/5d7a2d85c9ce450b9d1783155dc20823/volumes/fc1a21eb-6e87-4ad5-9518-f5688c59846e'}
        Body: b'{"itemNotFound": {"code": 404, "message": "Volume fc1a21eb-6e87-4ad5-9518-f5688c59846e could not be found."}}'

{22} tempest.api.volume.admin.test_backends_capabilities.BackendsCapabilitiesAdminTestsJSON.test_get_capabilities_backend [0.539057s] ... ok
{39} tempest.api.volume.test_volume_absolute_limits.AbsoluteLimitsTests.test_get_volume_absolute_limits [0.290574s] ... ok
{28} tempest.api.volume.test_volume_metadata.VolumesMetadataTest.test_crud_volume_metadata [1.227841s] ... ok
{17} tempest.api.volume.admin.test_qos.QosSpecsTestJSON.test_create_delete_qos_with_back_end_consumer [1.138703s] ... ok
{30} tempest.api.volume.admin.test_volume_quotas_negative.VolumeQuotasNegativeTestJSON.test_quota_volume_gigabytes [0.806790s] ... ok
{28} tempest.api.volume.test_volume_metadata.VolumesMetadataTest.test_update_show_volume_metadata_item [0.528512s] ... ok
{17} tempest.api.volume.admin.test_qos.QosSpecsTestJSON.test_create_delete_qos_with_both_consumer [0.397644s] ... ok
{4} tempest.api.volume.admin.test_volume_quotas.VolumeQuotasAdminTestJSON.test_delete_quota [3.802477s] ... ok
{4} tempest.api.volume.admin.test_volume_quotas.VolumeQuotasAdminTestJSON.test_list_default_quotas [0.064585s] ... ok
{30} tempest.api.volume.admin.test_volume_quotas_negative.VolumeQuotasNegativeTestJSON.test_quota_volumes [0.473449s] ... ok
{4} tempest.api.volume.admin.test_volume_quotas.VolumeQuotasAdminTestJSON.test_list_quotas [0.097952s] ... ok
{17} tempest.api.volume.admin.test_qos.QosSpecsTestJSON.test_create_delete_qos_with_front_end_consumer [1.474890s] ... ok
{17} tempest.api.volume.admin.test_qos.QosSpecsTestJSON.test_get_qos [0.065286s] ... ok
{17} tempest.api.volume.admin.test_qos.QosSpecsTestJSON.test_list_qos [0.276475s] ... ok
{15} tempest.api.volume.test_volumes_clone_negative.VolumesCloneNegativeTest.test_create_from_volume_decreasing_size [10.814977s] ... ok
{18} tempest.api.volume.admin.test_volume_types.VolumeTypesTest.test_volume_type_update [3.867635s] ... ok
{17} tempest.api.volume.admin.test_qos.QosSpecsTestJSON.test_set_unset_qos_key [0.269391s] ... ok
{16} tempest.api.volume.admin.test_user_messages.UserMessagesTest.test_list_show_messages [4.146133s] ... ok
{1} setUpClass (tempest.api.volume.admin.test_multi_backend.VolumeMultiBackendTest) [0.000000s] ... FAILED

Captured traceback:
~~~~~~~~~~~~~~~~~~~
    Traceback (most recent call last):

      File "/home/stguser/devstack/python-tempestconf/.venv/lib/python3.12/site-packages/tempest/test.py", line 185, in setUpClass
    raise value.with_traceback(trace)

      File "/home/stguser/devstack/python-tempestconf/.venv/lib/python3.12/site-packages/tempest/test.py", line 178, in setUpClass
    cls.resource_setup()

      File "/home/stguser/devstack/python-tempestconf/.venv/lib/python3.12/site-packages/tempest/api/volume/admin/test_multi_backend.py", line 50, in resource_setup
    cls._create_type_and_volume(backend_name, False)

      File "/home/stguser/devstack/python-tempestconf/.venv/lib/python3.12/site-packages/tempest/api/volume/admin/test_multi_backend.py", line 74, in _create_type_and_volume
    cls.volume = cls.create_volume(**params)
                 ^^^^^^^^^^^^^^^^^^^^^^^^^^^

      File "/home/stguser/devstack/python-tempestconf/.venv/lib/python3.12/site-packages/tempest/api/volume/base.py", line 144, in create_volume
    waiters.wait_for_volume_resource_status(self.volumes_client,

      File "/home/stguser/devstack/python-tempestconf/.venv/lib/python3.12/site-packages/tempest/common/waiters.py", line 372, in wait_for_volume_resource_status
    raise exceptions.VolumeResourceBuildErrorException(

    tempest.exceptions.VolumeResourceBuildErrorException: volume 6a44488b-e97e-4ca3-bb83-b3027b0da7c2 failed to build and is in ERROR status

{14} tempest.api.volume.admin.test_volume_services.VolumesServicesTestJSON.test_get_service_by_volume_host_name [9.145230s] ... ok
{14} tempest.api.volume.admin.test_volume_services.VolumesServicesTestJSON.test_list_services [0.029511s] ... ok
{11} tempest.api.volume.test_volumes_snapshots.VolumesSnapshotTestJSON.test_snapshot_backup ... SKIPPED: Cinder backup is disabled
{13} tempest.api.volume.admin.test_volume_type_access.VolumeTypesAccessTest.test_volume_type_access_add [11.179630s] ... ok
{27} tempest.api.volume.test_volumes_list.VolumesListTestJSON.test_volume_list [0.070270s] ... ok
{27} tempest.api.volume.test_volumes_list.VolumesListTestJSON.test_volume_list_by_name [0.065934s] ... ok
{27} tempest.api.volume.test_volumes_list.VolumesListTestJSON.test_volume_list_details_by_name [0.097446s] ... ok
{27} tempest.api.volume.test_volumes_list.VolumesListTestJSON.test_volume_list_details_pagination [0.367286s] ... ok
{27} tempest.api.volume.test_volumes_list.VolumesListTestJSON.test_volume_list_details_with_multiple_params [1.321799s] ... ok
{27} tempest.api.volume.test_volumes_list.VolumesListTestJSON.test_volume_list_pagination [0.247352s] ... ok
{27} tempest.api.volume.test_volumes_list.VolumesListTestJSON.test_volume_list_param_display_name_and_status [0.065019s] ... ok
{27} tempest.api.volume.test_volumes_list.VolumesListTestJSON.test_volume_list_with_detail_param_display_name_and_status [0.064218s] ... ok
{27} tempest.api.volume.test_volumes_list.VolumesListTestJSON.test_volume_list_with_detail_param_marker [0.080713s] ... ok
{27} tempest.api.volume.test_volumes_list.VolumesListTestJSON.test_volume_list_with_detail_param_metadata [0.092632s] ... ok
{27} tempest.api.volume.test_volumes_list.VolumesListTestJSON.test_volume_list_with_details [0.091870s] ... ok
{27} tempest.api.volume.test_volumes_list.VolumesListTestJSON.test_volume_list_with_param_metadata [0.073234s] ... ok
{27} tempest.api.volume.test_volumes_list.VolumesListTestJSON.test_volumes_list_by_availability_zone [0.144291s] ... ok
{27} tempest.api.volume.test_volumes_list.VolumesListTestJSON.test_volumes_list_by_bootable [0.149052s] ... ok
{27} tempest.api.volume.test_volumes_list.VolumesListTestJSON.test_volumes_list_by_status [0.145880s] ... ok
{27} tempest.api.volume.test_volumes_list.VolumesListTestJSON.test_volumes_list_details_by_availability_zone [0.064026s] ... ok
{27} tempest.api.volume.test_volumes_list.VolumesListTestJSON.test_volumes_list_details_by_bootable [0.056477s] ... ok
{27} tempest.api.volume.test_volumes_list.VolumesListTestJSON.test_volumes_list_details_by_status [0.045423s] ... ok
{13} tempest.api.volume.admin.test_volume_type_access.VolumeTypesAccessTest.test_volume_type_access_list [12.720534s] ... ok
{3} tempest.api.volume.admin.test_snapshots_actions.SnapshotsActionsTest.test_reset_snapshot_status [4.921748s] ... ok
{12} tempest.api.volume.admin.test_volume_retype.VolumeRetypeWithoutMigrationTest.test_available_volume_retype [24.459864s] ... ok
{4} tempest.api.volume.admin.test_volume_quotas.VolumeQuotasAdminTestJSON.test_quota_usage [19.734734s] ... ok
{10} tempest.api.volume.test_volume_transfers.VolumesTransfersV357Test.test_create_get_list_accept_volume_transfer [24.398434s] ... ok
{9} tempest.api.volume.test_volume_transfers.VolumesTransfersV355Test.test_create_get_list_accept_volume_transfer [24.393293s] ... ok
{34} tempest.api.volume.test_snapshot_metadata.SnapshotMetadataTestJSON.test_crud_snapshot_metadata [0.667783s] ... ok
{8} tempest.api.volume.test_volume_transfers.VolumesTransfersTest.test_create_get_list_accept_volume_transfer [24.864985s] ... ok
{34} tempest.api.volume.test_snapshot_metadata.SnapshotMetadataTestJSON.test_update_show_snapshot_metadata_item [0.946448s] ... ok
{38} tempest.api.volume.admin.test_volume_snapshot_quotas_negative.VolumeSnapshotQuotasNegativeTestJSON.test_quota_volume_gigabytes_snapshots [1.140217s] ... ok
{38} tempest.api.volume.admin.test_volume_snapshot_quotas_negative.VolumeSnapshotQuotasNegativeTestJSON.test_quota_volume_snapshots [0.086034s] ... ok
{19} tempest.api.volume.admin.test_volumes_list.VolumesListAdminTestJSON.test_volume_list_param_tenant [15.506093s] ... ok
{39} tempest.api.volume.test_volumes_get.VolumesSummaryTest.test_show_volume_summary [0.198590s] ... ok
{11} tempest.api.volume.test_volumes_snapshots.VolumesSnapshotTestJSON.test_snapshot_create_get_list_update_delete [24.130947s] ... ok
{8} tempest.api.volume.test_volume_transfers.VolumesTransfersTest.test_create_list_delete_volume_transfer [9.067871s] ... ok
{9} tempest.api.volume.test_volume_transfers.VolumesTransfersV355Test.test_create_list_delete_volume_transfer [10.367391s] ... ok
{10} tempest.api.volume.test_volume_transfers.VolumesTransfersV357Test.test_create_list_delete_volume_transfer [11.492175s] ... ok
{7} tempest.api.volume.admin.test_volumes_actions.VolumesActionsTest.test_volume_force_delete_when_volume_is_attaching [9.338401s] ... ok
{1} tempest.api.volume.test_volumes_get.VolumesGetTest.test_volume_create_get_update_delete [29.584039s] ... ok
{4} tempest.api.volume.admin.test_volume_quotas.VolumeQuotasAdminTestJSON.test_quota_usage_after_volume_transfer [13.557629s] ... ok
{4} tempest.api.volume.admin.test_volume_quotas.VolumeQuotasAdminTestJSON.test_show_quota_usage [0.147616s] ... ok
{21} tempest.api.volume.test_volumes_snapshots_list.VolumesSnapshotListTestJSON.test_snapshot_list_param_limit [0.057236s] ... ok
{3} tempest.api.volume.admin.test_snapshots_actions.SnapshotsActionsTest.test_snapshot_force_delete_when_snapshot_is_creating [14.484240s] ... ok
{21} tempest.api.volume.test_volumes_snapshots_list.VolumesSnapshotListTestJSON.test_snapshot_list_param_limit_equals_infinite [0.095389s] ... ok
{21} tempest.api.volume.test_volumes_snapshots_list.VolumesSnapshotListTestJSON.test_snapshot_list_param_limit_equals_zero [0.036844s] ... ok
{21} tempest.api.volume.test_volumes_snapshots_list.VolumesSnapshotListTestJSON.test_snapshot_list_param_marker [0.084028s] ... ok
{21} tempest.api.volume.test_volumes_snapshots_list.VolumesSnapshotListTestJSON.test_snapshot_list_param_offset [0.040316s] ... ok
{21} tempest.api.volume.test_volumes_snapshots_list.VolumesSnapshotListTestJSON.test_snapshot_list_param_sort_created_at_asc [0.024775s] ... ok
{21} tempest.api.volume.test_volumes_snapshots_list.VolumesSnapshotListTestJSON.test_snapshot_list_param_sort_created_at_desc [0.035455s] ... ok
{21} tempest.api.volume.test_volumes_snapshots_list.VolumesSnapshotListTestJSON.test_snapshot_list_param_sort_id_asc [0.046042s] ... ok
{21} tempest.api.volume.test_volumes_snapshots_list.VolumesSnapshotListTestJSON.test_snapshot_list_param_sort_id_desc [0.042728s] ... ok
{21} tempest.api.volume.test_volumes_snapshots_list.VolumesSnapshotListTestJSON.test_snapshot_list_param_sort_name_asc [0.045603s] ... ok
{21} tempest.api.volume.test_volumes_snapshots_list.VolumesSnapshotListTestJSON.test_snapshot_list_param_sort_name_desc [0.040442s] ... ok
{21} tempest.api.volume.test_volumes_snapshots_list.VolumesSnapshotListTestJSON.test_snapshots_list_details_with_params [0.111734s] ... ok
{21} tempest.api.volume.test_volumes_snapshots_list.VolumesSnapshotListTestJSON.test_snapshots_list_with_params [0.112543s] ... ok
{4} tempest.api.volume.admin.test_volume_quotas.VolumeQuotasAdminTestJSON.test_update_all_quota_resources_for_tenant [1.713666s] ... ok
{6} tempest.api.volume.test_volumes_negative.VolumesNegativeTest.test_attach_volumes_with_nonexistent_volume_id [42.571824s] ... ok
{7} tempest.api.volume.admin.test_volumes_actions.VolumesActionsTest.test_volume_force_delete_when_volume_is_creating [10.389282s] ... ok
{2} tempest.api.volume.test_volume_delete_cascade.VolumesDeleteCascade.test_volume_delete_cascade [51.234387s] ... ok
{6} tempest.api.volume.test_volumes_negative.VolumesNegativeTest.test_create_volume_from_deactivated_image [15.149736s] ... ok
{4} setUpClass (tempest.api.volume.admin.test_volumes_backup.VolumesBackupsAdminTest) ... SKIPPED: Cinder backup feature disabled
{3} tempest.api.volume.admin.test_snapshots_actions.SnapshotsActionsTest.test_snapshot_force_delete_when_snapshot_is_deleting [23.231382s] ... ok
{6} tempest.api.volume.test_volumes_negative.VolumesNegativeTest.test_create_volume_from_image_with_decreasing_size [2.604984s] ... ok
{6} tempest.api.volume.test_volumes_negative.VolumesNegativeTest.test_create_volume_with_invalid_size [0.014984s] ... ok
{6} tempest.api.volume.test_volumes_negative.VolumesNegativeTest.test_create_volume_with_nonexistent_snapshot_id [0.025337s] ... ok
{6} tempest.api.volume.test_volumes_negative.VolumesNegativeTest.test_create_volume_with_nonexistent_source_volid [0.042507s] ... ok
{6} tempest.api.volume.test_volumes_negative.VolumesNegativeTest.test_create_volume_with_nonexistent_volume_type [0.049980s] ... ok
{6} tempest.api.volume.test_volumes_negative.VolumesNegativeTest.test_create_volume_with_size_negative [0.016266s] ... ok
{6} tempest.api.volume.test_volumes_negative.VolumesNegativeTest.test_create_volume_with_size_zero [0.018582s] ... ok
{6} tempest.api.volume.test_volumes_negative.VolumesNegativeTest.test_create_volume_without_passing_size [0.016419s] ... ok
{6} tempest.api.volume.test_volumes_negative.VolumesNegativeTest.test_delete_invalid_volume_id [0.024528s] ... ok
{6} tempest.api.volume.test_volumes_negative.VolumesNegativeTest.test_delete_volume_without_passing_volume_id [0.013469s] ... ok
{6} tempest.api.volume.test_volumes_negative.VolumesNegativeTest.test_detach_volumes_with_invalid_volume_id [0.029013s] ... ok
{6} tempest.api.volume.test_volumes_negative.VolumesNegativeTest.test_get_invalid_volume_id [0.023555s] ... ok
{6} tempest.api.volume.test_volumes_negative.VolumesNegativeTest.test_get_volume_without_passing_volume_id [0.016871s] ... ok
{6} tempest.api.volume.test_volumes_negative.VolumesNegativeTest.test_list_volumes_detail_with_invalid_status [0.084815s] ... ok
{6} tempest.api.volume.test_volumes_negative.VolumesNegativeTest.test_list_volumes_detail_with_nonexistent_name [0.086762s] ... ok
{6} tempest.api.volume.test_volumes_negative.VolumesNegativeTest.test_list_volumes_with_invalid_status [0.073430s] ... ok
{6} tempest.api.volume.test_volumes_negative.VolumesNegativeTest.test_list_volumes_with_nonexistent_name [0.229237s] ... ok
{7} tempest.api.volume.admin.test_volumes_actions.VolumesActionsTest.test_volume_force_delete_when_volume_is_error [16.458168s] ... ok
{6} tempest.api.volume.test_volumes_negative.VolumesNegativeTest.test_reserve_volume_with_negative_volume_status [0.193234s] ... ok
{6} tempest.api.volume.test_volumes_negative.VolumesNegativeTest.test_reserve_volume_with_nonexistent_volume_id [0.027264s] ... ok
{6} tempest.api.volume.test_volumes_negative.VolumesNegativeTest.test_unreserve_volume_with_nonexistent_volume_id [0.034781s] ... ok
{6} tempest.api.volume.test_volumes_negative.VolumesNegativeTest.test_update_volume_with_empty_volume_id [0.011766s] ... ok
{6} tempest.api.volume.test_volumes_negative.VolumesNegativeTest.test_update_volume_with_invalid_volume_id [0.027564s] ... ok
{6} tempest.api.volume.test_volumes_negative.VolumesNegativeTest.test_update_volume_with_nonexistent_volume_id [0.034387s] ... ok
{6} tempest.api.volume.test_volumes_negative.VolumesNegativeTest.test_volume_delete_nonexistent_volume_id [0.023019s] ... ok
{6} tempest.api.volume.test_volumes_negative.VolumesNegativeTest.test_volume_get_nonexistent_volume_id [0.022523s] ... ok
{5} tempest.api.volume.test_volumes_actions.VolumesActionsTest.test_get_volume_attachment [55.589906s] ... ok
{5} tempest.api.volume.test_volumes_actions.VolumesActionsTest.test_reserve_unreserve_volume [0.363622s] ... ok
{5} tempest.api.volume.test_volumes_actions.VolumesActionsTest.test_volume_bootable [0.299791s] ... ok
{5} tempest.api.volume.test_volumes_actions.VolumesActionsTest.test_volume_readonly_update [0.311300s] ... ok
{7} tempest.api.volume.admin.test_volumes_actions.VolumesActionsTest.test_volume_force_delete_when_volume_is_maintenance [3.967296s] ... ok
{3} tempest.api.volume.admin.test_snapshots_actions.SnapshotsActionsTest.test_snapshot_force_delete_when_snapshot_is_error [6.127323s] ... ok
{1} tempest.api.volume.test_volumes_get.VolumesGetTest.test_volume_create_get_update_delete_as_clone [30.875692s] ... ok
{0} tempest.api.volume.test_volumes_clone.VolumesCloneTest.test_create_from_volume [74.274109s] ... ok
{7} tempest.api.volume.admin.test_volumes_actions.VolumesActionsTest.test_volume_reset_status [3.842726s] ... ok
{5} setUpClass (tempest.api.volume.test_volumes_extend.VolumesExtendAttachedTest) ... SKIPPED: Attached volume extend is disabled.
{3} tempest.api.volume.admin.test_snapshots_actions.SnapshotsActionsTest.test_snapshot_force_delete_when_snapshot_is_error_deleting [4.981245s] ... ok
{3} tempest.api.volume.admin.test_snapshots_actions.SnapshotsActionsTest.test_update_snapshot_status [0.286740s] ... ok
{3} setUpClass (tempest.api.volume.test_volumes_backup.VolumesBackupsV39Test) ... SKIPPED: Cinder backup feature disabled

==============================
Failed 2 tests - output below:
==============================

tempest.api.volume.admin.test_volume_retype.VolumeRetypeWithMigrationTest.test_available_volume_retype_with_migration[id-a1a41f3f-9dad-493e-9f09-3ff197d477cd]
--------------------------------------------------------------------------------------------------------------------------------------------------------------

Captured traceback:
~~~~~~~~~~~~~~~~~~~
    Traceback (most recent call last):

      File "/home/stguser/devstack/python-tempestconf/.venv/lib/python3.12/site-packages/tempest/api/volume/admin/test_volume_retype.py", line 146, in test_available_volume_retype_with_migration
    src_vol = self.create_volume(volume_type=self.src_vol_type['name'])
              ^^^^^^^^^^^^^^^^^^^^^^^^^^^^^^^^^^^^^^^^^^^^^^^^^^^^^^^^^

      File "/home/stguser/devstack/python-tempestconf/.venv/lib/python3.12/site-packages/tempest/api/volume/base.py", line 144, in create_volume
    waiters.wait_for_volume_resource_status(self.volumes_client,

      File "/home/stguser/devstack/python-tempestconf/.venv/lib/python3.12/site-packages/tempest/common/waiters.py", line 372, in wait_for_volume_resource_status
    raise exceptions.VolumeResourceBuildErrorException(

    tempest.exceptions.VolumeResourceBuildErrorException: volume fc1a21eb-6e87-4ad5-9518-f5688c59846e failed to build and is in ERROR status


Captured pythonlogging:
~~~~~~~~~~~~~~~~~~~~~~~
    2024-09-27 07:58:46,864 100915 INFO     [tempest.lib.common.rest_client] Request (VolumeRetypeWithMigrationTest:test_available_volume_retype_with_migration): 202 POST http://9.180.170.24/volume/v3/5d7a2d85c9ce450b9d1783155dc20823/volumes 1.110s
2024-09-27 07:58:46,864 100915 DEBUG    [tempest.lib.common.rest_client] Request - Headers: {'Content-Type': 'application/json', 'Accept': 'application/json', 'Openstack-Api-Version': 'volume 3.0', 'X-Auth-Token': '<omitted>'}
        Body: {"volume": {"volume_type": "tempest-VolumeRetypeWithMigrationTest-volume-type-1975250680", "size": 1, "name": "tempest-VolumeRetypeWithMigrationTest-Volume-438346548"}}
    Response - Headers: {'date': 'Fri, 27 Sep 2024 07:58:45 GMT', 'server': 'Apache/2.4.58 (Ubuntu)', 'content-type': 'application/json', 'x-compute-request-id': 'req-74a33d48-54eb-4825-aea2-6d07c9e8f84a', 'content-length': '879', 'openstack-api-version': 'volume 3.0', 'vary': 'OpenStack-API-Version', 'x-openstack-request-id': 'req-74a33d48-54eb-4825-aea2-6d07c9e8f84a', 'connection': 'close', 'status': '202', 'content-location': 'http://9.180.170.24/volume/v3/5d7a2d85c9ce450b9d1783155dc20823/volumes'}
        Body: b'{"volume": {"id": "fc1a21eb-6e87-4ad5-9518-f5688c59846e", "status": "creating", "size": 1, "availability_zone": "nova", "created_at": "2024-09-27T07:58:46.511840", "updated_at": null, "name": "tempest-VolumeRetypeWithMigrationTest-Volume-438346548", "description": null, "volume_type": "tempest-VolumeRetypeWithMigrationTest-volume-type-1975250680", "snapshot_id": null, "source_volid": null, "metadata": {}, "links": [{"rel": "self", "href": "http://9.180.170.24/volume/v3/5d7a2d85c9ce450b9d1783155dc20823/volumes/fc1a21eb-6e87-4ad5-9518-f5688c59846e"}, {"rel": "bookmark", "href": "http://9.180.170.24/volume/5d7a2d85c9ce450b9d1783155dc20823/volumes/fc1a21eb-6e87-4ad5-9518-f5688c59846e"}], "user_id": "6533e670223046d49ae451473b347848", "bootable": "false", "encrypted": false, "replication_status": null, "consistencygroup_id": null, "multiattach": false, "attachments": []}}'
2024-09-27 07:58:47,202 100915 INFO     [tempest.lib.common.rest_client] Request (VolumeRetypeWithMigrationTest:test_available_volume_retype_with_migration): 200 GET http://9.180.170.24/volume/v3/5d7a2d85c9ce450b9d1783155dc20823/volumes/fc1a21eb-6e87-4ad5-9518-f5688c59846e 0.326s
2024-09-27 07:58:47,202 100915 DEBUG    [tempest.lib.common.rest_client] Request - Headers: {'Content-Type': 'application/json', 'Accept': 'application/json', 'Openstack-Api-Version': 'volume 3.0', 'X-Auth-Token': '<omitted>'}
        Body: None
    Response - Headers: {'date': 'Fri, 27 Sep 2024 07:58:46 GMT', 'server': 'Apache/2.4.58 (Ubuntu)', 'content-type': 'application/json', 'x-compute-request-id': 'req-70bd4602-b59b-4cd1-942c-56197d326e07', 'content-length': '947', 'openstack-api-version': 'volume 3.0', 'vary': 'OpenStack-API-Version', 'x-openstack-request-id': 'req-70bd4602-b59b-4cd1-942c-56197d326e07', 'connection': 'close', 'status': '200', 'content-location': 'http://9.180.170.24/volume/v3/5d7a2d85c9ce450b9d1783155dc20823/volumes/fc1a21eb-6e87-4ad5-9518-f5688c59846e'}
        Body: b'{"volume": {"id": "fc1a21eb-6e87-4ad5-9518-f5688c59846e", "status": "creating", "size": 1, "availability_zone": "nova", "created_at": "2024-09-27T07:58:47.000000", "updated_at": null, "name": "tempest-VolumeRetypeWithMigrationTest-Volume-438346548", "description": null, "volume_type": "tempest-VolumeRetypeWithMigrationTest-volume-type-1975250680", "snapshot_id": null, "source_volid": null, "metadata": {}, "links": [{"rel": "self", "href": "http://9.180.170.24/volume/v3/5d7a2d85c9ce450b9d1783155dc20823/volumes/fc1a21eb-6e87-4ad5-9518-f5688c59846e"}, {"rel": "bookmark", "href": "http://9.180.170.24/volume/5d7a2d85c9ce450b9d1783155dc20823/volumes/fc1a21eb-6e87-4ad5-9518-f5688c59846e"}], "user_id": "6533e670223046d49ae451473b347848", "bootable": "false", "encrypted": false, "replication_status": null, "consistencygroup_id": null, "multiattach": false, "attachments": [], "os-vol-tenant-attr:tenant_id": "5d7a2d85c9ce450b9d1783155dc20823"}}'
2
    024-09-27 07:58:48,247 100915 INFO     [tempest.lib.common.rest_client] Request (VolumeRetypeWithMigrationTest:test_available_volume_retype_with_migration): 200 GET http://9.180.170.24/volume/v3/5d7a2d85c9ce450b9d1783155dc20823/volumes/fc1a21eb-6e87-4ad5-9518-f5688c59846e 0.036s
2024-09-27 07:58:48,248 100915 DEBUG    [tempest.lib.common.rest_client] Request - Headers: {'Content-Type': 'application/json', 'Accept': 'application/json', 'Openstack-Api-Version': 'volume 3.0', 'X-Auth-Token': '<omitted>'}
        Body: None
    Response - Headers: {'date': 'Fri, 27 Sep 2024 07:58:48 GMT', 'server': 'Apache/2.4.58 (Ubuntu)', 'content-type': 'application/json', 'x-compute-request-id': 'req-e99169d1-0e50-44c5-ab54-f25e9630ce43', 'content-length': '968', 'openstack-api-version': 'volume 3.0', 'vary': 'OpenStack-API-Version', 'x-openstack-request-id': 'req-e99169d1-0e50-44c5-ab54-f25e9630ce43', 'connection': 'close', 'status': '200', 'content-location': 'http://9.180.170.24/volume/v3/5d7a2d85c9ce450b9d1783155dc20823/volumes/fc1a21eb-6e87-4ad5-9518-f5688c59846e'}
        Body: b'{"volume": {"id": "fc1a21eb-6e87-4ad5-9518-f5688c59846e", "status": "error", "size": 1, "availability_zone": "nova", "created_at": "2024-09-27T07:58:47.000000", "updated_at": "2024-09-27T07:58:47.000000", "name": "tempest-VolumeRetypeWithMigrationTest-Volume-438346548", "description": null, "volume_type": "tempest-VolumeRetypeWithMigrationTest-volume-type-1975250680", "snapshot_id": null, "source_volid": null, "metadata": {}, "links": [{"rel": "self", "href": "http://9.180.170.24/volume/v3/5d7a2d85c9ce450b9d1783155dc20823/volumes/fc1a21eb-6e87-4ad5-9518-f5688c59846e"}, {"rel": "bookmark", "href": "http://9.180.170.24/volume/5d7a2d85c9ce450b9d1783155dc20823/volumes/fc1a21eb-6e87-4ad5-9518-f5688c59846e"}], "user_id": "6533e670223046d49ae451473b347848", "bootable": "false", "encrypted": false, "replication_status": null, "consistencygroup_id": null, "multiattach": false, "attachments": [], "os-vol-tenant-attr:tenant_id": "5d7a2d85c9ce450b9d1783155dc20823"}}'
2024-09-27 07:58:48,309 100915 INFO     [tempest.lib.common.rest_client] Request (VolumeRetypeWithMigrationTest:_run_cleanups): 200 GET http://9.180.170.24/volume/v3/5d7a2d85c9ce450b9d1783155dc20823/volumes/fc1a21eb-6e87-4ad5-9518-f5688c59846e 0.045s
2024-09-27 07:58:48,310 100915 DEBUG    [tempest.lib.common.rest_client] Request - Headers: {'Content-Type': 'application/json', 'Accept': 'application/json', 'Openstack-Api-Version': 'volume 3.0', 'X-Auth-Token': '<omitted>'}
        Body: None
    Response - Headers: {'date': 'Fri, 27 Sep 2024 07:58:48 GMT', 'server': 'Apache/2.4.58 (Ubuntu)', 'content-type': 'application/json', 'x-compute-request-id': 'req-a5dff86f-e59e-49dd-9456-6bc48a5f3dc5', 'content-length': '968', 'openstack-api-version': 'volume 3.0', 'vary': 'OpenStack-API-Version', 'x-openstack-request-id': 'req-a5dff86f-e59e-49dd-9456-6bc48a5f3dc5', 'connection': 'close', 'status': '200', 'content-location': 'http://9.180.170.24/volume/v3/5d7a2d85c9ce450b9d1783155dc20823/volumes/fc1a21eb-6e87-4ad5-9518-f5688c59846e'}
        Body: b'{"volume": {"id": "fc1a21eb-6e87-4ad5-9518-f5688c59846e", "status": "error", "size": 1, "availability_zone": "nova", "created_at": "2024-09-27T07:58:47.000000", "updated_at": "2024-09-27T07:58:47.000000", "name": "tempest-VolumeRetypeWithMigrationTest-Volume-438346548", "description": null, "volume_type": "tempest-VolumeRetypeWithMigrationTest-volume-type-1975250680", "snapshot_id": null, "source_volid": null, "metadata": {}, "links": [{"rel": "self", "href": "http://9.180.170.24/volume/v3/5d7a2d85c9ce450b9d1783155dc20823/volumes/fc1a21eb-6e87-4ad5-9518-f5688c59846e"}, {"rel": "bookmark", "href": "http://9.180.170.24/volume/5d7a2d85c9ce450b9d1783155dc20823/volumes/fc1a21eb-6e87-4ad5-9518-f5688c59846e"}], "user_id": "6533e670223046d49ae451473b347848", "bootable": "false", "encrypted": false, "replication_status": null, "consistencygroup_id": null, "multiattach": false, "attachments": [], "os-vol-tenant-attr:tenant_id": "5d7a2d85c9ce450b9d1783155dc20823"}}'
2024-09-27 07
    :58:48,990 100915 INFO     [tempest.lib.common.rest_client] Request (VolumeRetypeWithMigrationTest:_run_cleanups): 202 DELETE http://9.180.170.24/volume/v3/5d7a2d85c9ce450b9d1783155dc20823/volumes/fc1a21eb-6e87-4ad5-9518-f5688c59846e 0.670s
2024-09-27 07:58:48,990 100915 DEBUG    [tempest.lib.common.rest_client] Request - Headers: {'Content-Type': 'application/json', 'Accept': 'application/json', 'Openstack-Api-Version': 'volume 3.0', 'X-Auth-Token': '<omitted>'}
        Body: None
    Response - Headers: {'date': 'Fri, 27 Sep 2024 07:58:48 GMT', 'server': 'Apache/2.4.58 (Ubuntu)', 'content-length': '0', 'content-type': 'text/html; charset=UTF-8', 'openstack-api-version': 'volume 3.0', 'vary': 'OpenStack-API-Version', 'x-openstack-request-id': 'req-ce0015f1-5e04-4637-b6da-14a2cddbce71', 'connection': 'close', 'status': '202', 'content-location': 'http://9.180.170.24/volume/v3/5d7a2d85c9ce450b9d1783155dc20823/volumes/fc1a21eb-6e87-4ad5-9518-f5688c59846e'}
        Body: b''
2024-09-27 07:58:49,171 100915 INFO     [tempest.lib.common.rest_client] Request (VolumeRetypeWithMigrationTest:_run_cleanups): 404 GET http://9.180.170.24/volume/v3/5d7a2d85c9ce450b9d1783155dc20823/volumes/fc1a21eb-6e87-4ad5-9518-f5688c59846e 0.181s
2024-09-27 07:58:49,172 100915 DEBUG    [tempest.lib.common.rest_client] Request - Headers: {'Content-Type': 'application/json', 'Accept': 'application/json', 'Openstack-Api-Version': 'volume 3.0', 'X-Auth-Token': '<omitted>'}
        Body: None
    Response - Headers: {'date': 'Fri, 27 Sep 2024 07:58:48 GMT', 'server': 'Apache/2.4.58 (Ubuntu)', 'openstack-api-version': 'volume 3.0', 'vary': 'OpenStack-API-Version', 'content-length': '109', 'content-type': 'application/json', 'x-compute-request-id': 'req-8b6f333d-a2f4-4b27-8a50-335ff5720c9e', 'x-openstack-request-id': 'req-8b6f333d-a2f4-4b27-8a50-335ff5720c9e', 'connection': 'close', 'status': '404', 'content-location': 'http://9.180.170.24/volume/v3/5d7a2d85c9ce450b9d1783155dc20823/volumes/fc1a21eb-6e87-4ad5-9518-f5688c59846e'}
        Body: b'{"itemNotFound": {"code": 404, "message": "Volume fc1a21eb-6e87-4ad5-9518-f5688c59846e could not be found."}}'


setUpClass (tempest.api.volume.admin.test_multi_backend.VolumeMultiBackendTest)
-------------------------------------------------------------------------------

Captured traceback:
~~~~~~~~~~~~~~~~~~~
    Traceback (most recent call last):

      File "/home/stguser/devstack/python-tempestconf/.venv/lib/python3.12/site-packages/tempest/test.py", line 185, in setUpClass
    raise value.with_traceback(trace)

      File "/home/stguser/devstack/python-tempestconf/.venv/lib/python3.12/site-packages/tempest/test.py", line 178, in setUpClass
    cls.resource_setup()

      File "/home/stguser/devstack/python-tempestconf/.venv/lib/python3.12/site-packages/tempest/api/volume/admin/test_multi_backend.py", line 50, in resource_setup
    cls._create_type_and_volume(backend_name, False)

      File "/home/stguser/devstack/python-tempestconf/.venv/lib/python3.12/site-packages/tempest/api/volume/admin/test_multi_backend.py", line 74, in _create_type_and_volume
    cls.volume = cls.create_volume(**params)
                 ^^^^^^^^^^^^^^^^^^^^^^^^^^^

      File "/home/stguser/devstack/python-tempestconf/.venv/lib/python3.12/site-packages/tempest/api/volume/base.py", line 144, in create_volume
    waiters.wait_for_volume_resource_status(self.volumes_client,

      File "/home/stguser/devstack/python-tempestconf/.venv/lib/python3.12/site-packages/tempest/common/waiters.py", line 372, in wait_for_volume_resource_status
    raise exceptions.VolumeResourceBuildErrorException(

    tempest.exceptions.VolumeResourceBuildErrorException: volume 6a44488b-e97e-4ca3-bb83-b3027b0da7c2 failed to build and is in ERROR status



======
Totals
======
Ran: 177 tests in 100.3923 sec.
 - Passed: 167
 - Skipped: 8
 - Expected Fail: 0
 - Unexpected Success: 0
 - Failed: 2
Sum of execute time for each test: 713.7770 sec.

==============
Worker Balance
==============
 - Worker 0 (2 tests) => 0:01:31.145664
 - Worker 1 (3 tests) => 0:01:01.636241
 - Worker 2 (2 tests) => 0:01:08.035157
 - Worker 3 (7 tests) => 0:00:59.755956
 - Worker 4 (8 tests) => 0:01:00.650189
 - Worker 5 (5 tests) => 0:01:03.434505
 - Worker 6 (28 tests) => 0:01:24.640450
 - Worker 7 (6 tests) => 0:01:32.389286
 - Worker 8 (2 tests) => 0:00:33.948367
 - Worker 9 (2 tests) => 0:00:34.772983
 - Worker 10 (2 tests) => 0:00:35.902158
 - Worker 11 (2 tests) => 0:00:24.137912
 - Worker 12 (1 tests) => 0:00:24.459864
 - Worker 13 (2 tests) => 0:00:23.909162
 - Worker 14 (5 tests) => 0:00:09.950101
 - Worker 15 (1 tests) => 0:00:10.814977
 - Worker 16 (2 tests) => 0:00:07.141818
 - Worker 17 (7 tests) => 0:00:07.076128
 - Worker 18 (4 tests) => 0:00:07.070817
 - Worker 19 (1 tests) => 0:00:15.506093
 - Worker 20 (2 tests) => 0:00:04.263021
 - Worker 21 (13 tests) => 0:00:00.791172
 - Worker 22 (2 tests) => 0:00:02.596231
 - Worker 23 (1 tests) => 0:00:03.419805
 - Worker 24 (3 tests) => 0:00:02.233630
 - Worker 25 (6 tests) => 0:00:02.593394
 - Worker 26 (12 tests) => 0:00:02.386448
 - Worker 27 (18 tests) => 0:00:03.263770
 - Worker 28 (2 tests) => 0:00:01.767527
 - Worker 29 (2 tests) => 0:00:01.848184
 - Worker 30 (2 tests) => 0:00:01.287634
 - Worker 31 (2 tests) => 0:00:01.396847
 - Worker 32 (1 tests) => 0:00:01.113187
 - Worker 33 (5 tests) => 0:00:01.563510
 - Worker 34 (2 tests) => 0:00:01.624318
 - Worker 35 (5 tests) => 0:00:01.828281
 - Worker 36 (2 tests) => 0:00:01.518267
 - Worker 37 (1 tests) => 0:00:00.972317
 - Worker 38 (2 tests) => 0:00:01.236131
 - Worker 39 (2 tests) => 0:00:24.141740
