{1} setUpClass (tempest.api.volume.admin.test_multi_backend.VolumeMultiBackendTest) ... SKIPPED: Cinder multi-backend feature disabled
{0} setUpClass (tempest.api.volume.test_volumes_backup.VolumesBackupsTest) ... SKIPPED: Cinder backup feature disabled
{2} setUpClass (tempest.api.volume.admin.test_snapshot_manage.SnapshotManageAdminTest) ... SKIPPED: Manage snapshot tests are disabled
{3} setUpClass (tempest.api.volume.test_volumes_extend.VolumesExtendAttachedTest) ... SKIPPED: Attached volume extend is disabled.
{5} setUpClass (tempest.api.volume.admin.test_volumes_backup.VolumesBackupsAdminTest) ... SKIPPED: Cinder backup feature disabled
{6} setUpClass (tempest.api.volume.admin.test_volume_manage.VolumeManageAdminTest) ... SKIPPED: Manage volume tests are disabled
{4} setUpClass (tempest.api.volume.admin.test_encrypted_volumes_extend.EncryptedVolumesExtendAttachedTest) ... SKIPPED: Attached encrypted volume extend is disabled.
{17} setUpClass (tempest.api.volume.admin.test_volume_retype.VolumeRetypeWithMigrationTest) ... SKIPPED: Cinder multi-backend feature disabled
{21} tempest.api.volume.test_versions.VersionsTest.test_list_versions [0.049879s] ... ok
{22} tempest.api.volume.test_availability_zone.AvailabilityZoneTestJSON.test_get_availability_zone_list [1.996187s] ... ok
{18} tempest.api.volume.test_volumes_get.VolumesSummaryTest.test_show_volume_summary [4.338495s] ... ok
{21} tempest.api.volume.test_versions.VersionsTest.test_show_version [4.325420s] ... ok
{24} tempest.api.volume.test_extensions.ExtensionsTestJSON.test_list_extensions [1.460587s] ... ok
{15} tempest.api.volume.admin.test_volume_services.VolumesServicesTestJSON.test_get_service_by_host_name [0.019958s] ... ok
{15} tempest.api.volume.admin.test_volume_services.VolumesServicesTestJSON.test_get_service_by_service_and_host_name [0.022678s] ... ok
{15} tempest.api.volume.admin.test_volume_services.VolumesServicesTestJSON.test_get_service_by_service_binary_name [0.026746s] ... ok
{27} tempest.api.volume.admin.test_volume_types_negative.VolumeTypesNegativeTest.test_create_volume_type_encryption_nonexistent_type_id [0.376621s] ... ok
{23} tempest.api.volume.admin.test_volume_quota_classes.VolumeQuotaClassesTest.test_show_default_quota [0.607300s] ... ok
{28} tempest.api.volume.admin.test_volume_types_extra_specs_negative.ExtraSpecsNegativeTest.test_create_invalid_body [0.243169s] ... ok
{37} tempest.api.volume.admin.test_volume_hosts.VolumeHostsAdminTestsJSON.test_list_hosts [0.532740s] ... ok
{28} tempest.api.volume.admin.test_volume_types_extra_specs_negative.ExtraSpecsNegativeTest.test_create_none_body [0.394657s] ... ok
{33} tempest.api.volume.admin.test_volume_services_negative.VolumeServicesNegativeTest.test_disable_log_reason_with_no_reason [0.248147s] ... ok
{28} tempest.api.volume.admin.test_volume_types_extra_specs_negative.ExtraSpecsNegativeTest.test_create_nonexistent_type_id [0.302320s] ... ok
{33} tempest.api.volume.admin.test_volume_services_negative.VolumeServicesNegativeTest.test_disable_service_with_invalid_binary [0.396236s] ... ok
{34} tempest.api.volume.admin.test_volume_pools.VolumePoolsAdminTestsJSON.test_get_pools_with_details [1.069378s] ... ok
{28} tempest.api.volume.admin.test_volume_types_extra_specs_negative.ExtraSpecsNegativeTest.test_delete_nonexistent_volume_type_id [0.320129s] ... ok
{27} tempest.api.volume.admin.test_volume_types_negative.VolumeTypesNegativeTest.test_create_volume_with_private_volume_type [1.404065s] ... ok
{33} tempest.api.volume.admin.test_volume_services_negative.VolumeServicesNegativeTest.test_enable_service_with_invalid_host [0.272143s] ... ok
{19} tempest.api.volume.admin.test_volume_types.VolumeTypesTest.test_volume_type_create_get_delete [1.433030s] ... ok
{28} tempest.api.volume.admin.test_volume_types_extra_specs_negative.ExtraSpecsNegativeTest.test_get_nonexistent_extra_spec_name [0.493204s] ... ok
{27} tempest.api.volume.admin.test_volume_types_negative.VolumeTypesNegativeTest.test_create_with_empty_name [0.504849s] ... ok
{34} tempest.api.volume.admin.test_volume_pools.VolumePoolsAdminTestsJSON.test_get_pools_without_details [0.730220s] ... ok
{33} tempest.api.volume.admin.test_volume_services_negative.VolumeServicesNegativeTest.test_freeze_host_with_invalid_host [0.505003s] ... ok
{26} tempest.api.volume.admin.test_volume_types_extra_specs.VolumeTypesExtraSpecsTest.test_volume_type_extra_spec_create_get_delete [1.696225s] ... ok
{28} tempest.api.volume.admin.test_volume_types_extra_specs_negative.ExtraSpecsNegativeTest.test_get_nonexistent_volume_type_id [0.210805s] ... ok
{33} tempest.api.volume.admin.test_volume_services_negative.VolumeServicesNegativeTest.test_thaw_host_with_invalid_host [0.151782s] ... ok
{37} tempest.api.volume.admin.test_volume_hosts.VolumeHostsAdminTestsJSON.test_show_host [1.445807s] ... ok
{28} tempest.api.volume.admin.test_volume_types_extra_specs_negative.ExtraSpecsNegativeTest.test_list_nonexistent_volume_type_id [0.065971s] ... ok
{28} tempest.api.volume.admin.test_volume_types_extra_specs_negative.ExtraSpecsNegativeTest.test_update_multiple_extra_spec [0.150053s] ... ok
{26} tempest.api.volume.admin.test_volume_types_extra_specs.VolumeTypesExtraSpecsTest.test_volume_type_extra_specs_list [0.346240s] ... ok
{28} tempest.api.volume.admin.test_volume_types_extra_specs_negative.ExtraSpecsNegativeTest.test_update_no_body [0.119424s] ... ok
{28} tempest.api.volume.admin.test_volume_types_extra_specs_negative.ExtraSpecsNegativeTest.test_update_none_extra_spec_id [0.214317s] ... ok
{29} tempest.api.volume.admin.test_backends_capabilities.BackendsCapabilitiesAdminTestsJSON.test_compare_volume_stats_values [2.290628s] ... ok
{27} tempest.api.volume.admin.test_volume_types_negative.VolumeTypesNegativeTest.test_create_with_repeated_name [0.716465s] ... ok
{28} tempest.api.volume.admin.test_volume_types_extra_specs_negative.ExtraSpecsNegativeTest.test_update_nonexistent_extra_spec_id [0.150332s] ... ok
{27} tempest.api.volume.admin.test_volume_types_negative.VolumeTypesNegativeTest.test_delete_nonexistent_type_id [0.132379s] ... ok
{28} tempest.api.volume.admin.test_volume_types_extra_specs_negative.ExtraSpecsNegativeTest.test_update_nonexistent_type_id [0.078897s] ... ok
{27} tempest.api.volume.admin.test_volume_types_negative.VolumeTypesNegativeTest.test_get_nonexistent_type_id [0.074539s] ... ok
{29} tempest.api.volume.admin.test_backends_capabilities.BackendsCapabilitiesAdminTestsJSON.test_get_capabilities_backend [0.567502s] ... ok
{26} tempest.api.volume.admin.test_volume_types_extra_specs.VolumeTypesExtraSpecsTest.test_volume_type_extra_specs_update [1.032180s] ... ok
{30} tempest.api.volume.test_volume_metadata.VolumesMetadataTest.test_crud_volume_metadata [1.122907s] ... ok
{19} tempest.api.volume.admin.test_volume_types.VolumeTypesTest.test_volume_type_encryption_create_get_update_delete [2.256921s] ... ok
{19} tempest.api.volume.admin.test_volume_types.VolumeTypesTest.test_volume_type_list [0.175463s] ... ok
{16} tempest.api.volume.admin.test_user_messages.UserMessagesTest.test_delete_message [3.818047s] ... ok
{39} tempest.api.volume.test_volume_absolute_limits.AbsoluteLimitsTests.test_get_volume_absolute_limits [0.262290s] ... ok
{30} tempest.api.volume.test_volume_metadata.VolumesMetadataTest.test_update_show_volume_metadata_item [0.889062s] ... ok
{23} tempest.api.volume.admin.test_volume_quota_classes.VolumeQuotaClassesTest.test_update_default_quota [4.581158s] ... ok
{20} tempest.api.volume.admin.test_qos.QosSpecsTestJSON.test_associate_disassociate_qos [5.137888s] ... ok
{32} tempest.api.volume.admin.test_volume_quotas_negative.VolumeQuotasNegativeTestJSON.test_quota_volume_gigabytes [1.688497s] ... ok
{9} tempest.api.volume.test_volumes_clone_negative.VolumesCloneNegativeTest.test_create_from_volume_decreasing_size [14.233633s] ... ok
{20} tempest.api.volume.admin.test_qos.QosSpecsTestJSON.test_create_delete_qos_with_back_end_consumer [1.336321s] ... ok
{6} tempest.api.volume.admin.test_volume_quotas.VolumeQuotasAdminTestJSON.test_delete_quota [5.861800s] ... ok
{6} tempest.api.volume.admin.test_volume_quotas.VolumeQuotasAdminTestJSON.test_list_default_quotas [0.122151s] ... ok
{32} tempest.api.volume.admin.test_volume_quotas_negative.VolumeQuotasNegativeTestJSON.test_quota_volumes [1.125700s] ... ok
{20} tempest.api.volume.admin.test_qos.QosSpecsTestJSON.test_create_delete_qos_with_both_consumer [0.619266s] ... ok
{6} tempest.api.volume.admin.test_volume_quotas.VolumeQuotasAdminTestJSON.test_list_quotas [0.248088s] ... ok
{15} tempest.api.volume.admin.test_volume_services.VolumesServicesTestJSON.test_get_service_by_volume_host_name [8.353320s] ... ok
{15} tempest.api.volume.admin.test_volume_services.VolumesServicesTestJSON.test_list_services [0.043149s] ... ok
{20} tempest.api.volume.admin.test_qos.QosSpecsTestJSON.test_create_delete_qos_with_front_end_consumer [0.501035s] ... ok
{20} tempest.api.volume.admin.test_qos.QosSpecsTestJSON.test_get_qos [0.027670s] ... ok
{20} tempest.api.volume.admin.test_qos.QosSpecsTestJSON.test_list_qos [0.179282s] ... ok
{20} tempest.api.volume.admin.test_qos.QosSpecsTestJSON.test_set_unset_qos_key [0.352687s] ... ok
{16} tempest.api.volume.admin.test_user_messages.UserMessagesTest.test_list_show_messages [5.606311s] ... ok
{19} tempest.api.volume.admin.test_volume_types.VolumeTypesTest.test_volume_type_update [5.739676s] ... ok
{31} tempest.api.volume.test_volumes_list.VolumesListTestJSON.test_volume_list [0.088411s] ... ok
{31} tempest.api.volume.test_volumes_list.VolumesListTestJSON.test_volume_list_by_name [0.076252s] ... ok
{31} tempest.api.volume.test_volumes_list.VolumesListTestJSON.test_volume_list_details_by_name [0.096190s] ... ok
{31} tempest.api.volume.test_volumes_list.VolumesListTestJSON.test_volume_list_details_pagination [0.382732s] ... ok
{31} tempest.api.volume.test_volumes_list.VolumesListTestJSON.test_volume_list_details_with_multiple_params [0.213833s] ... ok
{31} tempest.api.volume.test_volumes_list.VolumesListTestJSON.test_volume_list_pagination [0.349302s] ... ok
{31} tempest.api.volume.test_volumes_list.VolumesListTestJSON.test_volume_list_param_display_name_and_status [0.058349s] ... ok
{31} tempest.api.volume.test_volumes_list.VolumesListTestJSON.test_volume_list_with_detail_param_display_name_and_status [0.080241s] ... ok
{31} tempest.api.volume.test_volumes_list.VolumesListTestJSON.test_volume_list_with_detail_param_marker [0.081448s] ... ok
{31} tempest.api.volume.test_volumes_list.VolumesListTestJSON.test_volume_list_with_detail_param_metadata [0.087681s] ... ok
{31} tempest.api.volume.test_volumes_list.VolumesListTestJSON.test_volume_list_with_details [0.107039s] ... ok
{31} tempest.api.volume.test_volumes_list.VolumesListTestJSON.test_volume_list_with_param_metadata [0.084999s] ... ok
{13} tempest.api.volume.admin.test_volume_type_access.VolumeTypesAccessTest.test_volume_type_access_add [11.223376s] ... ok
{31} tempest.api.volume.test_volumes_list.VolumesListTestJSON.test_volumes_list_by_availability_zone [0.180559s] ... ok
{31} tempest.api.volume.test_volumes_list.VolumesListTestJSON.test_volumes_list_by_bootable [0.148716s] ... ok
{31} tempest.api.volume.test_volumes_list.VolumesListTestJSON.test_volumes_list_by_status [0.124074s] ... ok
{31} tempest.api.volume.test_volumes_list.VolumesListTestJSON.test_volumes_list_details_by_availability_zone [0.107875s] ... ok
{31} tempest.api.volume.test_volumes_list.VolumesListTestJSON.test_volumes_list_details_by_bootable [0.051488s] ... ok
{12} tempest.api.volume.test_volumes_snapshots.VolumesSnapshotTestJSON.test_snapshot_backup ... SKIPPED: Cinder backup is disabled
{31} tempest.api.volume.test_volumes_list.VolumesListTestJSON.test_volumes_list_details_by_status [0.106635s] ... ok
{13} tempest.api.volume.admin.test_volume_type_access.VolumeTypesAccessTest.test_volume_type_access_list [1.287982s] ... ok
{14} tempest.api.volume.admin.test_volume_retype.VolumeRetypeWithoutMigrationTest.test_available_volume_retype [13.923385s] ... ok
{35} tempest.api.volume.test_snapshot_metadata.SnapshotMetadataTestJSON.test_crud_snapshot_metadata [1.345394s] ... ok
{10} tempest.api.volume.test_volume_transfers.VolumesTransfersTest.test_create_get_list_accept_volume_transfer [13.358269s] ... ok
{35} tempest.api.volume.test_snapshot_metadata.SnapshotMetadataTestJSON.test_update_show_snapshot_metadata_item [0.540692s] ... ok
{4} tempest.api.volume.admin.test_snapshots_actions.SnapshotsActionsTest.test_reset_snapshot_status [0.715518s] ... ok
{11} tempest.api.volume.test_volume_transfers.VolumesTransfersV357Test.test_create_get_list_accept_volume_transfer [13.940186s] ... ok
{8} tempest.api.volume.test_volume_transfers.VolumesTransfersV355Test.test_create_get_list_accept_volume_transfer [14.054917s] ... ok
{39} tempest.api.volume.test_volumes_snapshots_negative.VolumesSnapshotNegativeTestJSON.test_create_snapshot_with_nonexistent_volume_id [0.190173s] ... ok
{39} tempest.api.volume.test_volumes_snapshots_negative.VolumesSnapshotNegativeTestJSON.test_create_snapshot_without_passing_volume_id [0.050584s] ... ok
{39} tempest.api.volume.test_volumes_snapshots_negative.VolumesSnapshotNegativeTestJSON.test_list_snapshot_invalid_param_limit [0.010500s] ... ok
{39} tempest.api.volume.test_volumes_snapshots_negative.VolumesSnapshotNegativeTestJSON.test_list_snapshots_invalid_param_marker [0.021098s] ... ok
{39} tempest.api.volume.test_volumes_snapshots_negative.VolumesSnapshotNegativeTestJSON.test_list_snapshots_invalid_param_sort [0.016019s] ... ok
{25} tempest.api.volume.admin.test_volumes_list.VolumesListAdminTestJSON.test_volume_list_param_tenant [3.869871s] ... ok
{36} tempest.api.volume.admin.test_volume_snapshot_quotas_negative.VolumeSnapshotQuotasNegativeTestJSON.test_quota_volume_gigabytes_snapshots [1.171163s] ... ok
{36} tempest.api.volume.admin.test_volume_snapshot_quotas_negative.VolumeSnapshotQuotasNegativeTestJSON.test_quota_volume_snapshots [0.146538s] ... ok
{1} tempest.api.volume.test_volumes_get.VolumesGetTest.test_volume_create_get_update_delete [26.756348s] ... ok
{6} tempest.api.volume.admin.test_volume_quotas.VolumeQuotasAdminTestJSON.test_quota_usage [12.288254s] ... ok
{10} tempest.api.volume.test_volume_transfers.VolumesTransfersTest.test_create_list_delete_volume_transfer [9.850623s] ... ok
{8} tempest.api.volume.test_volume_transfers.VolumesTransfersV355Test.test_create_list_delete_volume_transfer [10.974485s] ... ok
{11} tempest.api.volume.test_volume_transfers.VolumesTransfersV357Test.test_create_list_delete_volume_transfer [11.893511s] ... ok
{7} tempest.api.volume.admin.test_volumes_actions.VolumesActionsTest.test_volume_force_delete_when_volume_is_attaching [8.487463s] ... ok
{3} tempest.api.volume.test_volumes_negative.VolumesNegativeTest.test_attach_volumes_with_nonexistent_volume_id [25.677613s] ... ok
{38} tempest.api.volume.test_volumes_snapshots_list.VolumesSnapshotListTestJSON.test_snapshot_list_param_limit [0.055870s] ... ok
{38} tempest.api.volume.test_volumes_snapshots_list.VolumesSnapshotListTestJSON.test_snapshot_list_param_limit_equals_infinite [0.100552s] ... ok
{38} tempest.api.volume.test_volumes_snapshots_list.VolumesSnapshotListTestJSON.test_snapshot_list_param_limit_equals_zero [0.043863s] ... ok
{38} tempest.api.volume.test_volumes_snapshots_list.VolumesSnapshotListTestJSON.test_snapshot_list_param_marker [0.093240s] ... ok
{38} tempest.api.volume.test_volumes_snapshots_list.VolumesSnapshotListTestJSON.test_snapshot_list_param_offset [0.036003s] ... ok
{38} tempest.api.volume.test_volumes_snapshots_list.VolumesSnapshotListTestJSON.test_snapshot_list_param_sort_created_at_asc [0.035637s] ... ok
{38} tempest.api.volume.test_volumes_snapshots_list.VolumesSnapshotListTestJSON.test_snapshot_list_param_sort_created_at_desc [0.027205s] ... ok
{38} tempest.api.volume.test_volumes_snapshots_list.VolumesSnapshotListTestJSON.test_snapshot_list_param_sort_id_asc [0.046388s] ... ok
{38} tempest.api.volume.test_volumes_snapshots_list.VolumesSnapshotListTestJSON.test_snapshot_list_param_sort_id_desc [0.046484s] ... ok
{38} tempest.api.volume.test_volumes_snapshots_list.VolumesSnapshotListTestJSON.test_snapshot_list_param_sort_name_asc [0.042810s] ... ok
{38} tempest.api.volume.test_volumes_snapshots_list.VolumesSnapshotListTestJSON.test_snapshot_list_param_sort_name_desc [0.080807s] ... ok
{38} tempest.api.volume.test_volumes_snapshots_list.VolumesSnapshotListTestJSON.test_snapshots_list_details_with_params [0.129972s] ... ok
{38} tempest.api.volume.test_volumes_snapshots_list.VolumesSnapshotListTestJSON.test_snapshots_list_with_params [0.095274s] ... ok
{12} tempest.api.volume.test_volumes_snapshots.VolumesSnapshotTestJSON.test_snapshot_create_get_list_update_delete [18.096462s] ... ok
{3} tempest.api.volume.test_volumes_negative.VolumesNegativeTest.test_create_volume_from_deactivated_image [3.165692s] ... ok
{6} tempest.api.volume.admin.test_volume_quotas.VolumeQuotasAdminTestJSON.test_quota_usage_after_volume_transfer [12.245716s] ... ok
{4} tempest.api.volume.admin.test_snapshots_actions.SnapshotsActionsTest.test_snapshot_force_delete_when_snapshot_is_creating [17.612771s] ... ok
{0} tempest.api.volume.test_volumes_clone.VolumesCloneTest.test_create_from_volume [36.535716s] ... ok
{6} tempest.api.volume.admin.test_volume_quotas.VolumeQuotasAdminTestJSON.test_show_quota_usage [0.258559s] ... ok
{7} tempest.api.volume.admin.test_volumes_actions.VolumesActionsTest.test_volume_force_delete_when_volume_is_creating [6.723820s] ... ok
{3} tempest.api.volume.test_volumes_negative.VolumesNegativeTest.test_create_volume_from_image_with_decreasing_size [2.975586s] ... ok
{3} tempest.api.volume.test_volumes_negative.VolumesNegativeTest.test_create_volume_with_invalid_size [0.017392s] ... ok
{3} tempest.api.volume.test_volumes_negative.VolumesNegativeTest.test_create_volume_with_nonexistent_snapshot_id [0.043367s] ... ok
{3} tempest.api.volume.test_volumes_negative.VolumesNegativeTest.test_create_volume_with_nonexistent_source_volid [0.022990s] ... ok
{3} tempest.api.volume.test_volumes_negative.VolumesNegativeTest.test_create_volume_with_nonexistent_volume_type [0.053123s] ... ok
{3} tempest.api.volume.test_volumes_negative.VolumesNegativeTest.test_create_volume_with_size_negative [0.018999s] ... ok
{3} tempest.api.volume.test_volumes_negative.VolumesNegativeTest.test_create_volume_with_size_zero [0.017046s] ... ok
{3} tempest.api.volume.test_volumes_negative.VolumesNegativeTest.test_create_volume_without_passing_size [0.017833s] ... ok
{3} tempest.api.volume.test_volumes_negative.VolumesNegativeTest.test_delete_invalid_volume_id [0.015663s] ... ok
{3} tempest.api.volume.test_volumes_negative.VolumesNegativeTest.test_delete_volume_without_passing_volume_id [0.009889s] ... ok
{3} tempest.api.volume.test_volumes_negative.VolumesNegativeTest.test_detach_volumes_with_invalid_volume_id [0.026284s] ... ok
{3} tempest.api.volume.test_volumes_negative.VolumesNegativeTest.test_get_invalid_volume_id [0.026566s] ... ok
{3} tempest.api.volume.test_volumes_negative.VolumesNegativeTest.test_get_volume_without_passing_volume_id [0.010674s] ... ok
{6} tempest.api.volume.admin.test_volume_quotas.VolumeQuotasAdminTestJSON.test_update_all_quota_resources_for_tenant [1.758981s] ... ok
{3} tempest.api.volume.test_volumes_negative.VolumesNegativeTest.test_list_volumes_detail_with_invalid_status [0.293189s] ... ok
{3} tempest.api.volume.test_volumes_negative.VolumesNegativeTest.test_list_volumes_detail_with_nonexistent_name [0.079599s] ... ok
{3} tempest.api.volume.test_volumes_negative.VolumesNegativeTest.test_list_volumes_with_invalid_status [0.047574s] ... ok
{3} tempest.api.volume.test_volumes_negative.VolumesNegativeTest.test_list_volumes_with_nonexistent_name [0.035952s] ... ok
{3} tempest.api.volume.test_volumes_negative.VolumesNegativeTest.test_reserve_volume_with_negative_volume_status [0.237388s] ... ok
{3} tempest.api.volume.test_volumes_negative.VolumesNegativeTest.test_reserve_volume_with_nonexistent_volume_id [0.024658s] ... ok
{3} tempest.api.volume.test_volumes_negative.VolumesNegativeTest.test_unreserve_volume_with_nonexistent_volume_id [0.043266s] ... ok
{3} tempest.api.volume.test_volumes_negative.VolumesNegativeTest.test_update_volume_with_empty_volume_id [0.010988s] ... ok
{3} tempest.api.volume.test_volumes_negative.VolumesNegativeTest.test_update_volume_with_invalid_volume_id [0.044983s] ... ok
{3} tempest.api.volume.test_volumes_negative.VolumesNegativeTest.test_update_volume_with_nonexistent_volume_id [0.033415s] ... ok
{3} tempest.api.volume.test_volumes_negative.VolumesNegativeTest.test_volume_delete_nonexistent_volume_id [0.029435s] ... ok
{3} tempest.api.volume.test_volumes_negative.VolumesNegativeTest.test_volume_get_nonexistent_volume_id [0.024300s] ... ok
{2} tempest.api.volume.test_volume_delete_cascade.VolumesDeleteCascade.test_volume_delete_cascade [40.069398s] ... ok
{7} tempest.api.volume.admin.test_volumes_actions.VolumesActionsTest.test_volume_force_delete_when_volume_is_error [4.287168s] ... ok
{4} tempest.api.volume.admin.test_snapshots_actions.SnapshotsActionsTest.test_snapshot_force_delete_when_snapshot_is_deleting [7.187360s] ... ok
{5} tempest.api.volume.test_volumes_actions.VolumesActionsTest.test_get_volume_attachment [28.624493s] ... ok
{5} tempest.api.volume.test_volumes_actions.VolumesActionsTest.test_reserve_unreserve_volume [0.326573s] ... ok
{5} tempest.api.volume.test_volumes_actions.VolumesActionsTest.test_volume_bootable [0.277329s] ... ok
{5} tempest.api.volume.test_volumes_actions.VolumesActionsTest.test_volume_readonly_update [0.287434s] ... ok
{1} tempest.api.volume.test_volumes_get.VolumesGetTest.test_volume_create_get_update_delete_as_clone [21.599377s] ... ok
{7} tempest.api.volume.admin.test_volumes_actions.VolumesActionsTest.test_volume_force_delete_when_volume_is_maintenance [4.379730s] ... ok
{4} tempest.api.volume.admin.test_snapshots_actions.SnapshotsActionsTest.test_snapshot_force_delete_when_snapshot_is_error [5.970563s] ... ok
{7} tempest.api.volume.admin.test_volumes_actions.VolumesActionsTest.test_volume_reset_status [4.695745s] ... ok
{4} tempest.api.volume.admin.test_snapshots_actions.SnapshotsActionsTest.test_snapshot_force_delete_when_snapshot_is_error_deleting [4.960964s] ... ok
{4} tempest.api.volume.admin.test_snapshots_actions.SnapshotsActionsTest.test_update_snapshot_status [0.402028s] ... ok
{7} setUpClass (tempest.api.volume.test_volumes_backup.VolumesBackupsV39Test) ... SKIPPED: Cinder backup feature disabled

======
Totals
======
Ran: 177 tests in 76.7968 sec.
 - Passed: 167
 - Skipped: 10
 - Expected Fail: 0
 - Unexpected Success: 0
 - Failed: 0
Sum of execute time for each test: 504.4791 sec.

==============
Worker Balance
==============
 - Worker 0 (2 tests) => 0:00:54.688041
 - Worker 1 (3 tests) => 0:01:03.488058
 - Worker 2 (2 tests) => 0:00:58.219364
 - Worker 3 (28 tests) => 0:00:57.385412
 - Worker 4 (7 tests) => 0:01:12.998037
 - Worker 5 (5 tests) => 0:01:02.747899
 - Worker 6 (8 tests) => 0:00:56.522258
 - Worker 7 (6 tests) => 0:00:36.045263
 - Worker 8 (2 tests) => 0:00:25.035520
 - Worker 9 (1 tests) => 0:00:14.233633
 - Worker 10 (2 tests) => 0:00:23.218975
 - Worker 11 (2 tests) => 0:00:25.844199
 - Worker 12 (2 tests) => 0:00:18.104361
 - Worker 13 (2 tests) => 0:00:12.527622
 - Worker 14 (1 tests) => 0:00:13.923385
 - Worker 15 (5 tests) => 0:00:08.474109
 - Worker 16 (2 tests) => 0:00:09.430017
 - Worker 17 (1 tests) => 0:00:00
 - Worker 18 (1 tests) => 0:00:04.338495
 - Worker 19 (4 tests) => 0:00:09.616127
 - Worker 20 (7 tests) => 0:00:08.169285
 - Worker 21 (2 tests) => 0:00:04.381955
 - Worker 22 (1 tests) => 0:00:01.996187
 - Worker 23 (2 tests) => 0:00:05.196113
 - Worker 24 (1 tests) => 0:00:01.460587
 - Worker 25 (1 tests) => 0:00:03.869871
 - Worker 26 (3 tests) => 0:00:03.086304
 - Worker 27 (6 tests) => 0:00:03.228108
 - Worker 28 (12 tests) => 0:00:02.756558
 - Worker 29 (2 tests) => 0:00:02.864287
 - Worker 30 (2 tests) => 0:00:02.023946
 - Worker 31 (18 tests) => 0:00:02.447592
 - Worker 32 (2 tests) => 0:00:02.823068
 - Worker 33 (5 tests) => 0:00:01.587038
 - Worker 34 (2 tests) => 0:00:01.814661
 - Worker 35 (2 tests) => 0:00:01.892070
 - Worker 36 (2 tests) => 0:00:01.323988
 - Worker 37 (2 tests) => 0:00:01.989678
 - Worker 38 (13 tests) => 0:00:00.849710
 - Worker 39 (6 tests) => 0:00:11.736752
