{6} setUpClass (tempest.api.volume.admin.test_volume_retype.VolumeRetypeWithMigrationTest) ... SKIPPED: Cinder multi-backend feature disabled
{4} setUpClass (tempest.api.volume.admin.test_snapshot_manage.SnapshotManageAdminTest) ... SKIPPED: Manage snapshot tests are disabled
{5} setUpClass (tempest.api.volume.admin.test_multi_backend.VolumeMultiBackendTest) ... SKIPPED: Cinder multi-backend feature disabled
{2} setUpClass (tempest.api.volume.admin.test_encrypted_volumes_extend.EncryptedVolumesExtendAttachedTest) ... SKIPPED: Attached encrypted volume extend is disabled.
{6} setUpClass (tempest.api.volume.test_volumes_extend.VolumesExtendAttachedTest) ... SKIPPED: Attached volume extend is disabled.
{1} setUpClass (tempest.api.volume.test_volumes_backup.VolumesBackupsV39Test) ... SKIPPED: Cinder backup feature disabled
{7} setUpClass (tempest.api.volume.admin.test_volume_manage.VolumeManageAdminTest) ... SKIPPED: Manage volume tests are disabled
{22} tempest.api.volume.test_versions.VersionsTest.test_list_versions [0.733516s] ... ok
{19} tempest.api.volume.test_extensions.ExtensionsTestJSON.test_list_extensions [1.590969s] ... ok
{28} tempest.api.volume.test_volumes_get.VolumesSummaryTest.test_show_volume_summary [1.552004s] ... ok
{14} tempest.api.volume.test_volumes_snapshots_negative.VolumesSnapshotNegativeTestJSON.test_create_snapshot_with_nonexistent_volume_id [1.383031s] ... ok
{14} tempest.api.volume.test_volumes_snapshots_negative.VolumesSnapshotNegativeTestJSON.test_create_snapshot_without_passing_volume_id [0.169771s] ... ok
{32} tempest.api.volume.test_availability_zone.AvailabilityZoneTestJSON.test_get_availability_zone_list [1.302233s] ... ok
{14} tempest.api.volume.test_volumes_snapshots_negative.VolumesSnapshotNegativeTestJSON.test_list_snapshot_invalid_param_limit [0.096796s] ... ok
{14} tempest.api.volume.test_volumes_snapshots_negative.VolumesSnapshotNegativeTestJSON.test_list_snapshots_invalid_param_marker [0.061359s] ... ok
{14} tempest.api.volume.test_volumes_snapshots_negative.VolumesSnapshotNegativeTestJSON.test_list_snapshots_invalid_param_sort [0.019051s] ... ok
{22} tempest.api.volume.test_versions.VersionsTest.test_show_version [1.253032s] ... ok
{31} tempest.api.volume.admin.test_volume_hosts.VolumeHostsAdminTestsJSON.test_list_hosts [0.611677s] ... ok
{27} tempest.api.volume.admin.test_volume_services.VolumesServicesTestJSON.test_get_service_by_host_name [0.295269s] ... ok
{11} tempest.api.volume.admin.test_volume_types_extra_specs_negative.ExtraSpecsNegativeTest.test_create_invalid_body [0.244573s] ... ok
{33} tempest.api.volume.admin.test_volume_quota_classes.VolumeQuotaClassesTest.test_show_default_quota [0.835981s] ... ok
{20} tempest.api.volume.admin.test_volume_pools.VolumePoolsAdminTestsJSON.test_get_pools_with_details [0.843900s] ... ok
{27} tempest.api.volume.admin.test_volume_services.VolumesServicesTestJSON.test_get_service_by_service_and_host_name [0.307141s] ... ok
{11} tempest.api.volume.admin.test_volume_types_extra_specs_negative.ExtraSpecsNegativeTest.test_create_none_body [0.274255s] ... ok
{26} tempest.api.volume.admin.test_volume_types_negative.VolumeTypesNegativeTest.test_create_volume_type_encryption_nonexistent_type_id [0.522685s] ... ok
{27} tempest.api.volume.admin.test_volume_services.VolumesServicesTestJSON.test_get_service_by_service_binary_name [0.209805s] ... ok
{39} tempest.api.volume.admin.test_volume_services_negative.VolumeServicesNegativeTest.test_disable_log_reason_with_no_reason [0.205622s] ... ok
{11} tempest.api.volume.admin.test_volume_types_extra_specs_negative.ExtraSpecsNegativeTest.test_create_nonexistent_type_id [0.209920s] ... ok
{20} tempest.api.volume.admin.test_volume_pools.VolumePoolsAdminTestsJSON.test_get_pools_without_details [0.693859s] ... ok
{39} tempest.api.volume.admin.test_volume_services_negative.VolumeServicesNegativeTest.test_disable_service_with_invalid_binary [0.486423s] ... ok
{31} tempest.api.volume.admin.test_volume_hosts.VolumeHostsAdminTestsJSON.test_show_host [1.303935s] ... ok
{11} tempest.api.volume.admin.test_volume_types_extra_specs_negative.ExtraSpecsNegativeTest.test_delete_nonexistent_volume_type_id [0.509427s] ... ok
{39} tempest.api.volume.admin.test_volume_services_negative.VolumeServicesNegativeTest.test_enable_service_with_invalid_host [0.306797s] ... ok
{11} tempest.api.volume.admin.test_volume_types_extra_specs_negative.ExtraSpecsNegativeTest.test_get_nonexistent_extra_spec_name [0.325352s] ... ok
{9} tempest.api.volume.admin.test_volume_types_extra_specs.VolumeTypesExtraSpecsTest.test_volume_type_extra_spec_create_get_delete [1.413519s] ... ok
{29} tempest.api.volume.admin.test_volume_types.VolumeTypesTest.test_volume_type_create_get_delete [1.650776s] ... ok
{39} tempest.api.volume.admin.test_volume_services_negative.VolumeServicesNegativeTest.test_freeze_host_with_invalid_host [0.535944s] ... ok
{11} tempest.api.volume.admin.test_volume_types_extra_specs_negative.ExtraSpecsNegativeTest.test_get_nonexistent_volume_type_id [5.636241s] ... ok
{39} tempest.api.volume.admin.test_volume_services_negative.VolumeServicesNegativeTest.test_thaw_host_with_invalid_host [11.190151s] ... ok
{11} tempest.api.volume.admin.test_volume_types_extra_specs_negative.ExtraSpecsNegativeTest.test_list_nonexistent_volume_type_id [6.136751s] ... ok
{26} tempest.api.volume.admin.test_volume_types_negative.VolumeTypesNegativeTest.test_create_volume_with_private_volume_type [12.788127s] ... ok
{9} tempest.api.volume.admin.test_volume_types_extra_specs.VolumeTypesExtraSpecsTest.test_volume_type_extra_specs_list [11.793998s] ... ok
{13} tempest.api.volume.admin.test_backends_capabilities.BackendsCapabilitiesAdminTestsJSON.test_compare_volume_stats_values [13.091299s] ... ok
{11} tempest.api.volume.admin.test_volume_types_extra_specs_negative.ExtraSpecsNegativeTest.test_update_multiple_extra_spec [0.223272s] ... ok
{26} tempest.api.volume.admin.test_volume_types_negative.VolumeTypesNegativeTest.test_create_with_empty_name [0.225741s] ... ok
{11} tempest.api.volume.admin.test_volume_types_extra_specs_negative.ExtraSpecsNegativeTest.test_update_no_body [0.173068s] ... ok
{34} tempest.api.volume.test_volume_absolute_limits.AbsoluteLimitsTests.test_get_volume_absolute_limits [0.841096s] ... ok
{13} tempest.api.volume.admin.test_backends_capabilities.BackendsCapabilitiesAdminTestsJSON.test_get_capabilities_backend [0.649868s] ... ok
{11} tempest.api.volume.admin.test_volume_types_extra_specs_negative.ExtraSpecsNegativeTest.test_update_none_extra_spec_id [0.518367s] ... ok
{11} tempest.api.volume.admin.test_volume_types_extra_specs_negative.ExtraSpecsNegativeTest.test_update_nonexistent_extra_spec_id [0.309793s] ... ok
{11} tempest.api.volume.admin.test_volume_types_extra_specs_negative.ExtraSpecsNegativeTest.test_update_nonexistent_type_id [0.240655s] ... ok
{26} tempest.api.volume.admin.test_volume_types_negative.VolumeTypesNegativeTest.test_create_with_repeated_name [1.351816s] ... ok
{9} tempest.api.volume.admin.test_volume_types_extra_specs.VolumeTypesExtraSpecsTest.test_volume_type_extra_specs_update [1.660133s] ... ok
{26} tempest.api.volume.admin.test_volume_types_negative.VolumeTypesNegativeTest.test_delete_nonexistent_type_id [0.100995s] ... ok
{12} tempest.api.volume.test_volume_metadata.VolumesMetadataTest.test_crud_volume_metadata [1.779187s] ... ok
{26} tempest.api.volume.admin.test_volume_types_negative.VolumeTypesNegativeTest.test_get_nonexistent_type_id [0.040743s] ... ok
{8} tempest.api.volume.admin.test_volume_quotas_negative.VolumeQuotasNegativeTestJSON.test_quota_volume_gigabytes [1.843264s] ... ok
{29} tempest.api.volume.admin.test_volume_types.VolumeTypesTest.test_volume_type_encryption_create_get_update_delete [13.870792s] ... ok
{29} tempest.api.volume.admin.test_volume_types.VolumeTypesTest.test_volume_type_list [0.125422s] ... ok
{12} tempest.api.volume.test_volume_metadata.VolumesMetadataTest.test_update_show_volume_metadata_item [1.327814s] ... ok
{21} tempest.api.volume.admin.test_qos.QosSpecsTestJSON.test_associate_disassociate_qos [16.708506s] ... ok
{8} tempest.api.volume.admin.test_volume_quotas_negative.VolumeQuotasNegativeTestJSON.test_quota_volumes [2.417288s] ... ok
{30} tempest.api.volume.admin.test_user_messages.UserMessagesTest.test_delete_message [17.894550s] ... ok
{33} tempest.api.volume.admin.test_volume_quota_classes.VolumeQuotaClassesTest.test_update_default_quota [18.287720s] ... ok
{21} tempest.api.volume.admin.test_qos.QosSpecsTestJSON.test_create_delete_qos_with_back_end_consumer [1.542128s] ... ok
{17} tempest.api.volume.test_volumes_clone_negative.VolumesCloneNegativeTest.test_create_from_volume_decreasing_size [22.774733s] ... ok
{21} tempest.api.volume.admin.test_qos.QosSpecsTestJSON.test_create_delete_qos_with_both_consumer [0.528393s] ... ok
{21} tempest.api.volume.admin.test_qos.QosSpecsTestJSON.test_create_delete_qos_with_front_end_consumer [0.301238s] ... ok
{21} tempest.api.volume.admin.test_qos.QosSpecsTestJSON.test_get_qos [0.056810s] ... ok
{21} tempest.api.volume.admin.test_qos.QosSpecsTestJSON.test_list_qos [0.132140s] ... ok
{21} tempest.api.volume.admin.test_qos.QosSpecsTestJSON.test_set_unset_qos_key [0.367892s] ... ok
{29} tempest.api.volume.admin.test_volume_types.VolumeTypesTest.test_volume_type_update [5.277132s] ... ok
{3} tempest.api.volume.admin.test_volume_quotas.VolumeQuotasAdminTestJSON.test_delete_quota [19.674928s] ... ok
{3} tempest.api.volume.admin.test_volume_quotas.VolumeQuotasAdminTestJSON.test_list_default_quotas [0.160797s] ... ok
{4} tempest.api.volume.test_volumes_snapshots.VolumesSnapshotTestJSON.test_snapshot_backup ... SKIPPED: Cinder backup is disabled
{3} tempest.api.volume.admin.test_volume_quotas.VolumeQuotasAdminTestJSON.test_list_quotas [0.239714s] ... ok
{30} tempest.api.volume.admin.test_user_messages.UserMessagesTest.test_list_show_messages [3.553300s] ... ok
{5} tempest.api.volume.admin.test_volume_retype.VolumeRetypeWithoutMigrationTest.test_available_volume_retype [21.490522s] ... ok
{24} tempest.api.volume.test_snapshot_metadata.SnapshotMetadataTestJSON.test_crud_snapshot_metadata [0.635593s] ... ok
{10} tempest.api.volume.test_volumes_list.VolumesListTestJSON.test_volume_list [0.141258s] ... ok
{10} tempest.api.volume.test_volumes_list.VolumesListTestJSON.test_volume_list_by_name [0.078021s] ... ok
{10} tempest.api.volume.test_volumes_list.VolumesListTestJSON.test_volume_list_details_by_name [0.093851s] ... ok
{24} tempest.api.volume.test_snapshot_metadata.SnapshotMetadataTestJSON.test_update_show_snapshot_metadata_item [0.806566s] ... ok
{10} tempest.api.volume.test_volumes_list.VolumesListTestJSON.test_volume_list_details_pagination [0.359822s] ... ok
{10} tempest.api.volume.test_volumes_list.VolumesListTestJSON.test_volume_list_details_with_multiple_params [0.229710s] ... ok
{27} tempest.api.volume.admin.test_volume_services.VolumesServicesTestJSON.test_get_service_by_volume_host_name [23.250071s] ... ok
{27} tempest.api.volume.admin.test_volume_services.VolumesServicesTestJSON.test_list_services [0.038426s] ... ok
{10} tempest.api.volume.test_volumes_list.VolumesListTestJSON.test_volume_list_pagination [0.286918s] ... ok
{10} tempest.api.volume.test_volumes_list.VolumesListTestJSON.test_volume_list_param_display_name_and_status [0.105100s] ... ok
{10} tempest.api.volume.test_volumes_list.VolumesListTestJSON.test_volume_list_with_detail_param_display_name_and_status [0.170642s] ... ok
{10} tempest.api.volume.test_volumes_list.VolumesListTestJSON.test_volume_list_with_detail_param_marker [0.106985s] ... ok
{10} tempest.api.volume.test_volumes_list.VolumesListTestJSON.test_volume_list_with_detail_param_metadata [0.109158s] ... ok
{10} tempest.api.volume.test_volumes_list.VolumesListTestJSON.test_volume_list_with_details [0.084355s] ... ok
{0} tempest.api.volume.admin.test_snapshots_actions.SnapshotsActionsTest.test_reset_snapshot_status [0.703623s] ... ok
{10} tempest.api.volume.test_volumes_list.VolumesListTestJSON.test_volume_list_with_param_metadata [0.099869s] ... ok
{10} tempest.api.volume.test_volumes_list.VolumesListTestJSON.test_volumes_list_by_availability_zone [0.142382s] ... ok
{10} tempest.api.volume.test_volumes_list.VolumesListTestJSON.test_volumes_list_by_bootable [0.139684s] ... ok
{10} tempest.api.volume.test_volumes_list.VolumesListTestJSON.test_volumes_list_by_status [0.114840s] ... ok
{10} tempest.api.volume.test_volumes_list.VolumesListTestJSON.test_volumes_list_details_by_availability_zone [0.110161s] ... ok
{10} tempest.api.volume.test_volumes_list.VolumesListTestJSON.test_volumes_list_details_by_bootable [0.080912s] ... ok
{10} tempest.api.volume.test_volumes_list.VolumesListTestJSON.test_volumes_list_details_by_status [0.077911s] ... ok
{36} tempest.api.volume.test_volume_transfers.VolumesTransfersV355Test.test_create_get_list_accept_volume_transfer [25.006559s] ... ok
{38} tempest.api.volume.test_volume_transfers.VolumesTransfersV357Test.test_create_get_list_accept_volume_transfer [24.638009s] ... ok
{15} tempest.api.volume.test_volumes_get.VolumesGetTest.test_volume_create_get_update_delete [29.513087s] ... ok
{16} tempest.api.volume.admin.test_volume_snapshot_quotas_negative.VolumeSnapshotQuotasNegativeTestJSON.test_quota_volume_gigabytes_snapshots [1.174417s] ... ok
{16} tempest.api.volume.admin.test_volume_snapshot_quotas_negative.VolumeSnapshotQuotasNegativeTestJSON.test_quota_volume_snapshots [0.318416s] ... ok
{37} tempest.api.volume.test_volume_transfers.VolumesTransfersTest.test_create_get_list_accept_volume_transfer [25.448557s] ... ok
{7} tempest.api.volume.admin.test_volumes_list.VolumesListAdminTestJSON.test_volume_list_param_tenant [4.699621s] ... ok
{3} tempest.api.volume.admin.test_volume_quotas.VolumeQuotasAdminTestJSON.test_quota_usage [11.248054s] ... ok
{38} tempest.api.volume.test_volume_transfers.VolumesTransfersV357Test.test_create_list_delete_volume_transfer [8.182369s] ... ok
{39} tempest.api.volume.admin.test_volume_type_access.VolumeTypesAccessTest.test_volume_type_access_add [11.485266s] ... ok
{36} tempest.api.volume.test_volume_transfers.VolumesTransfersV355Test.test_create_list_delete_volume_transfer [8.470825s] ... ok
{39} tempest.api.volume.admin.test_volume_type_access.VolumeTypesAccessTest.test_volume_type_access_list [1.011728s] ... ok
{37} tempest.api.volume.test_volume_transfers.VolumesTransfersTest.test_create_list_delete_volume_transfer [9.980491s] ... ok
{1} tempest.api.volume.test_volumes_negative.VolumesNegativeTest.test_attach_volumes_with_nonexistent_volume_id [36.372113s] ... ok
{4} tempest.api.volume.test_volumes_snapshots.VolumesSnapshotTestJSON.test_snapshot_create_get_list_update_delete [16.736249s] ... ok
{35} tempest.api.volume.admin.test_volumes_actions.VolumesActionsTest.test_volume_force_delete_when_volume_is_attaching [9.981755s] ... ok
{25} tempest.api.volume.test_volumes_snapshots_list.VolumesSnapshotListTestJSON.test_snapshot_list_param_limit [0.034592s] ... ok
{1} tempest.api.volume.test_volumes_negative.VolumesNegativeTest.test_create_volume_from_deactivated_image [3.287412s] ... ok
{0} tempest.api.volume.admin.test_snapshots_actions.SnapshotsActionsTest.test_snapshot_force_delete_when_snapshot_is_creating [15.986158s] ... ok
{25} tempest.api.volume.test_volumes_snapshots_list.VolumesSnapshotListTestJSON.test_snapshot_list_param_limit_equals_infinite [0.191151s] ... ok
{25} tempest.api.volume.test_volumes_snapshots_list.VolumesSnapshotListTestJSON.test_snapshot_list_param_limit_equals_zero [0.038404s] ... ok
{25} tempest.api.volume.test_volumes_snapshots_list.VolumesSnapshotListTestJSON.test_snapshot_list_param_marker [0.067982s] ... ok
{25} tempest.api.volume.test_volumes_snapshots_list.VolumesSnapshotListTestJSON.test_snapshot_list_param_offset [0.043215s] ... ok
{25} tempest.api.volume.test_volumes_snapshots_list.VolumesSnapshotListTestJSON.test_snapshot_list_param_sort_created_at_asc [0.053396s] ... ok
{25} tempest.api.volume.test_volumes_snapshots_list.VolumesSnapshotListTestJSON.test_snapshot_list_param_sort_created_at_desc [0.042961s] ... ok
{25} tempest.api.volume.test_volumes_snapshots_list.VolumesSnapshotListTestJSON.test_snapshot_list_param_sort_id_asc [0.042392s] ... ok
{25} tempest.api.volume.test_volumes_snapshots_list.VolumesSnapshotListTestJSON.test_snapshot_list_param_sort_id_desc [0.042380s] ... ok
{25} tempest.api.volume.test_volumes_snapshots_list.VolumesSnapshotListTestJSON.test_snapshot_list_param_sort_name_asc [0.031505s] ... ok
{25} tempest.api.volume.test_volumes_snapshots_list.VolumesSnapshotListTestJSON.test_snapshot_list_param_sort_name_desc [0.043451s] ... ok
{25} tempest.api.volume.test_volumes_snapshots_list.VolumesSnapshotListTestJSON.test_snapshots_list_details_with_params [0.143981s] ... ok
{25} tempest.api.volume.test_volumes_snapshots_list.VolumesSnapshotListTestJSON.test_snapshots_list_with_params [0.144299s] ... ok
{3} tempest.api.volume.admin.test_volume_quotas.VolumeQuotasAdminTestJSON.test_quota_usage_after_volume_transfer [9.210109s] ... ok
{3} tempest.api.volume.admin.test_volume_quotas.VolumeQuotasAdminTestJSON.test_show_quota_usage [0.280458s] ... ok
{23} tempest.api.volume.test_volume_delete_cascade.VolumesDeleteCascade.test_volume_delete_cascade [46.700625s] ... ok
{1} tempest.api.volume.test_volumes_negative.VolumesNegativeTest.test_create_volume_from_image_with_decreasing_size [2.950204s] ... ok
{1} tempest.api.volume.test_volumes_negative.VolumesNegativeTest.test_create_volume_with_invalid_size [0.017780s] ... ok
{1} tempest.api.volume.test_volumes_negative.VolumesNegativeTest.test_create_volume_with_nonexistent_snapshot_id [0.025144s] ... ok
{1} tempest.api.volume.test_volumes_negative.VolumesNegativeTest.test_create_volume_with_nonexistent_source_volid [0.055434s] ... ok
{1} tempest.api.volume.test_volumes_negative.VolumesNegativeTest.test_create_volume_with_nonexistent_volume_type [0.032655s] ... ok
{1} tempest.api.volume.test_volumes_negative.VolumesNegativeTest.test_create_volume_with_size_negative [0.015365s] ... ok
{1} tempest.api.volume.test_volumes_negative.VolumesNegativeTest.test_create_volume_with_size_zero [0.025918s] ... ok
{1} tempest.api.volume.test_volumes_negative.VolumesNegativeTest.test_create_volume_without_passing_size [0.013159s] ... ok
{1} tempest.api.volume.test_volumes_negative.VolumesNegativeTest.test_delete_invalid_volume_id [0.059358s] ... ok
{1} tempest.api.volume.test_volumes_negative.VolumesNegativeTest.test_delete_volume_without_passing_volume_id [0.012459s] ... ok
{1} tempest.api.volume.test_volumes_negative.VolumesNegativeTest.test_detach_volumes_with_invalid_volume_id [0.019207s] ... ok
{1} tempest.api.volume.test_volumes_negative.VolumesNegativeTest.test_get_invalid_volume_id [0.014840s] ... ok
{1} tempest.api.volume.test_volumes_negative.VolumesNegativeTest.test_get_volume_without_passing_volume_id [0.016356s] ... ok
{1} tempest.api.volume.test_volumes_negative.VolumesNegativeTest.test_list_volumes_detail_with_invalid_status [0.096473s] ... ok
{1} tempest.api.volume.test_volumes_negative.VolumesNegativeTest.test_list_volumes_detail_with_nonexistent_name [0.055125s] ... ok
{1} tempest.api.volume.test_volumes_negative.VolumesNegativeTest.test_list_volumes_with_invalid_status [0.075595s] ... ok
{1} tempest.api.volume.test_volumes_negative.VolumesNegativeTest.test_list_volumes_with_nonexistent_name [0.073046s] ... ok
{3} tempest.api.volume.admin.test_volume_quotas.VolumeQuotasAdminTestJSON.test_update_all_quota_resources_for_tenant [1.882636s] ... ok
{35} tempest.api.volume.admin.test_volumes_actions.VolumesActionsTest.test_volume_force_delete_when_volume_is_creating [5.581415s] ... ok
{1} tempest.api.volume.test_volumes_negative.VolumesNegativeTest.test_reserve_volume_with_negative_volume_status [0.346617s] ... ok
{1} tempest.api.volume.test_volumes_negative.VolumesNegativeTest.test_reserve_volume_with_nonexistent_volume_id [0.017607s] ... ok
{1} tempest.api.volume.test_volumes_negative.VolumesNegativeTest.test_unreserve_volume_with_nonexistent_volume_id [0.023719s] ... ok
{1} tempest.api.volume.test_volumes_negative.VolumesNegativeTest.test_update_volume_with_empty_volume_id [0.013063s] ... ok
{1} tempest.api.volume.test_volumes_negative.VolumesNegativeTest.test_update_volume_with_invalid_volume_id [0.026128s] ... ok
{1} tempest.api.volume.test_volumes_negative.VolumesNegativeTest.test_update_volume_with_nonexistent_volume_id [0.036128s] ... ok
{1} tempest.api.volume.test_volumes_negative.VolumesNegativeTest.test_volume_delete_nonexistent_volume_id [0.024574s] ... ok
{1} tempest.api.volume.test_volumes_negative.VolumesNegativeTest.test_volume_get_nonexistent_volume_id [0.019407s] ... ok
{0} tempest.api.volume.admin.test_snapshots_actions.SnapshotsActionsTest.test_snapshot_force_delete_when_snapshot_is_deleting [8.517538s] ... ok
{35} tempest.api.volume.admin.test_volumes_actions.VolumesActionsTest.test_volume_force_delete_when_volume_is_error [5.298675s] ... ok
{3} setUpClass (tempest.api.volume.test_volumes_backup.VolumesBackupsTest) ... SKIPPED: Cinder backup feature disabled
{15} tempest.api.volume.test_volumes_get.VolumesGetTest.test_volume_create_get_update_delete_as_clone [24.667297s] ... ok
{18} tempest.api.volume.test_volumes_clone.VolumesCloneTest.test_create_from_volume [56.249359s] ... ok
{35} tempest.api.volume.admin.test_volumes_actions.VolumesActionsTest.test_volume_force_delete_when_volume_is_maintenance [4.313138s] ... ok
{2} tempest.api.volume.test_volumes_actions.VolumesActionsTest.test_get_volume_attachment [33.607897s] ... ok
{2} tempest.api.volume.test_volumes_actions.VolumesActionsTest.test_reserve_unreserve_volume [0.304852s] ... ok
{2} tempest.api.volume.test_volumes_actions.VolumesActionsTest.test_volume_bootable [0.335327s] ... ok
{0} tempest.api.volume.admin.test_snapshots_actions.SnapshotsActionsTest.test_snapshot_force_delete_when_snapshot_is_error [6.126897s] ... ok
{2} tempest.api.volume.test_volumes_actions.VolumesActionsTest.test_volume_readonly_update [0.253038s] ... ok
{35} tempest.api.volume.admin.test_volumes_actions.VolumesActionsTest.test_volume_reset_status [4.849988s] ... ok
{0} tempest.api.volume.admin.test_snapshots_actions.SnapshotsActionsTest.test_snapshot_force_delete_when_snapshot_is_error_deleting [4.792783s] ... ok
{0} tempest.api.volume.admin.test_snapshots_actions.SnapshotsActionsTest.test_update_snapshot_status [0.362198s] ... ok
{0} setUpClass (tempest.api.volume.admin.test_volumes_backup.VolumesBackupsAdminTest) ... SKIPPED: Cinder backup feature disabled

======
Totals
======
Ran: 177 tests in 85.2368 sec.
 - Passed: 167
 - Skipped: 10
 - Expected Fail: 0
 - Unexpected Success: 0
 - Failed: 0
Sum of execute time for each test: 727.1015 sec.

==============
Worker Balance
==============
 - Worker 0 (7 tests) => 0:00:42.520976
 - Worker 1 (28 tests) => 0:01:03.358596
 - Worker 2 (5 tests) => 0:01:14.115064
 - Worker 3 (8 tests) => 0:00:48.283152
 - Worker 4 (3 tests) => 0:00:56.983694
 - Worker 5 (2 tests) => 0:00:40.594573
 - Worker 6 (2 tests) => 0:00:00.009987
 - Worker 7 (2 tests) => 0:00:45.869776
 - Worker 8 (2 tests) => 0:00:04.266471
 - Worker 9 (3 tests) => 0:00:14.877535
 - Worker 10 (18 tests) => 0:00:02.554220
 - Worker 11 (12 tests) => 0:00:14.815025
 - Worker 12 (2 tests) => 0:00:03.118276
 - Worker 13 (2 tests) => 0:00:13.751893
 - Worker 14 (5 tests) => 0:00:01.741632
 - Worker 15 (2 tests) => 0:00:54.191397
 - Worker 16 (2 tests) => 0:00:01.501327
 - Worker 17 (1 tests) => 0:00:22.774733
 - Worker 18 (1 tests) => 0:00:56.249359
 - Worker 19 (1 tests) => 0:00:01.590969
 - Worker 20 (2 tests) => 0:00:01.543422
 - Worker 21 (7 tests) => 0:00:19.649654
 - Worker 22 (2 tests) => 0:00:01.995620
 - Worker 23 (1 tests) => 0:00:46.700625
 - Worker 24 (2 tests) => 0:00:01.452822
 - Worker 25 (13 tests) => 0:00:00.939484
 - Worker 26 (6 tests) => 0:00:15.040707
 - Worker 27 (5 tests) => 0:00:24.109202
 - Worker 28 (1 tests) => 0:00:01.552004
 - Worker 29 (4 tests) => 0:00:20.936401
 - Worker 30 (2 tests) => 0:00:21.457535
 - Worker 31 (2 tests) => 0:00:01.923600
 - Worker 32 (1 tests) => 0:00:01.302233
 - Worker 33 (2 tests) => 0:00:19.130733
 - Worker 34 (1 tests) => 0:00:00.841096
 - Worker 35 (5 tests) => 0:00:30.039841
 - Worker 36 (2 tests) => 0:00:33.486807
 - Worker 37 (2 tests) => 0:00:35.437924
 - Worker 38 (2 tests) => 0:00:32.830695
 - Worker 39 (7 tests) => 0:00:34.553255
