{5} setUpClass (tempest.api.volume.admin.test_volume_retype.VolumeRetypeWithMigrationTest) ... SKIPPED: Cinder multi-backend feature disabled
{0} setUpClass (tempest.api.volume.test_volumes_backup.VolumesBackupsV39Test) ... SKIPPED: Cinder backup feature disabled
{4} setUpClass (tempest.api.volume.admin.test_encrypted_volumes_extend.EncryptedVolumesExtendAttachedTest) ... SKIPPED: Attached encrypted volume extend is disabled.
{3} setUpClass (tempest.api.volume.admin.test_multi_backend.VolumeMultiBackendTest) ... SKIPPED: Cinder multi-backend feature disabled
{1} setUpClass (tempest.api.volume.admin.test_volumes_backup.VolumesBackupsAdminTest) ... SKIPPED: Cinder backup feature disabled
{34} tempest.api.volume.test_versions.VersionsTest.test_list_versions [0.026244s] ... ok
{38} tempest.api.volume.test_availability_zone.AvailabilityZoneTestJSON.test_get_availability_zone_list [1.728820s] ... ok
{36} tempest.api.volume.test_volumes_snapshots_negative.VolumesSnapshotNegativeTestJSON.test_create_snapshot_with_nonexistent_volume_id [1.993489s] ... ok
{34} tempest.api.volume.test_versions.VersionsTest.test_show_version [2.531884s] ... ok
{36} tempest.api.volume.test_volumes_snapshots_negative.VolumesSnapshotNegativeTestJSON.test_create_snapshot_without_passing_volume_id [0.073258s] ... ok
{37} tempest.api.volume.test_volumes_get.VolumesSummaryTest.test_show_volume_summary [2.064641s] ... ok
{32} tempest.api.volume.test_extensions.ExtensionsTestJSON.test_list_extensions [2.138679s] ... ok
{36} tempest.api.volume.test_volumes_snapshots_negative.VolumesSnapshotNegativeTestJSON.test_list_snapshot_invalid_param_limit [0.097211s] ... ok
{36} tempest.api.volume.test_volumes_snapshots_negative.VolumesSnapshotNegativeTestJSON.test_list_snapshots_invalid_param_marker [0.078770s] ... ok
{36} tempest.api.volume.test_volumes_snapshots_negative.VolumesSnapshotNegativeTestJSON.test_list_snapshots_invalid_param_sort [0.017566s] ... ok
{11} tempest.api.volume.admin.test_volume_services.VolumesServicesTestJSON.test_get_service_by_host_name [0.029926s] ... ok
{11} tempest.api.volume.admin.test_volume_services.VolumesServicesTestJSON.test_get_service_by_service_and_host_name [0.033335s] ... ok
{11} tempest.api.volume.admin.test_volume_services.VolumesServicesTestJSON.test_get_service_by_service_binary_name [0.022874s] ... ok
{16} tempest.api.volume.admin.test_volume_quota_classes.VolumeQuotaClassesTest.test_show_default_quota [1.200073s] ... ok
{10} tempest.api.volume.admin.test_volume_types.VolumeTypesTest.test_volume_type_create_get_delete [2.330119s] ... ok
{28} tempest.api.volume.admin.test_volume_hosts.VolumeHostsAdminTestsJSON.test_list_hosts [0.712989s] ... ok
{19} tempest.api.volume.admin.test_volume_types_negative.VolumeTypesNegativeTest.test_create_volume_type_encryption_nonexistent_type_id [0.797894s] ... ok
{23} tempest.api.volume.admin.test_volume_services_negative.VolumeServicesNegativeTest.test_disable_log_reason_with_no_reason [0.377753s] ... ok
{21} tempest.api.volume.admin.test_volume_types_extra_specs_negative.ExtraSpecsNegativeTest.test_create_invalid_body [0.421208s] ... ok
{23} tempest.api.volume.admin.test_volume_services_negative.VolumeServicesNegativeTest.test_disable_service_with_invalid_binary [0.477982s] ... ok
{21} tempest.api.volume.admin.test_volume_types_extra_specs_negative.ExtraSpecsNegativeTest.test_create_none_body [0.496473s] ... ok
{29} tempest.api.volume.admin.test_volume_pools.VolumePoolsAdminTestsJSON.test_get_pools_with_details [1.097054s] ... ok
{23} tempest.api.volume.admin.test_volume_services_negative.VolumeServicesNegativeTest.test_enable_service_with_invalid_host [0.570918s] ... ok
{21} tempest.api.volume.admin.test_volume_types_extra_specs_negative.ExtraSpecsNegativeTest.test_create_nonexistent_type_id [0.594931s] ... ok
{23} tempest.api.volume.admin.test_volume_services_negative.VolumeServicesNegativeTest.test_freeze_host_with_invalid_host [0.489861s] ... ok
{21} tempest.api.volume.admin.test_volume_types_extra_specs_negative.ExtraSpecsNegativeTest.test_delete_nonexistent_volume_type_id [0.442143s] ... ok
{29} tempest.api.volume.admin.test_volume_pools.VolumePoolsAdminTestsJSON.test_get_pools_without_details [1.036012s] ... ok
{28} tempest.api.volume.admin.test_volume_hosts.VolumeHostsAdminTestsJSON.test_show_host [2.109235s] ... ok
{23} tempest.api.volume.admin.test_volume_services_negative.VolumeServicesNegativeTest.test_thaw_host_with_invalid_host [0.545134s] ... ok
{24} tempest.api.volume.admin.test_backends_capabilities.BackendsCapabilitiesAdminTestsJSON.test_compare_volume_stats_values [1.942364s] ... ok
{21} tempest.api.volume.admin.test_volume_types_extra_specs_negative.ExtraSpecsNegativeTest.test_get_nonexistent_extra_spec_name [0.564072s] ... ok
{19} tempest.api.volume.admin.test_volume_types_negative.VolumeTypesNegativeTest.test_create_volume_with_private_volume_type [2.154799s] ... ok
{21} tempest.api.volume.admin.test_volume_types_extra_specs_negative.ExtraSpecsNegativeTest.test_get_nonexistent_volume_type_id [0.063354s] ... ok
{20} tempest.api.volume.admin.test_volume_types_extra_specs.VolumeTypesExtraSpecsTest.test_volume_type_extra_spec_create_get_delete [2.503090s] ... ok
{19} tempest.api.volume.admin.test_volume_types_negative.VolumeTypesNegativeTest.test_create_with_empty_name [0.049119s] ... ok
{21} tempest.api.volume.admin.test_volume_types_extra_specs_negative.ExtraSpecsNegativeTest.test_list_nonexistent_volume_type_id [0.042997s] ... ok
{21} tempest.api.volume.admin.test_volume_types_extra_specs_negative.ExtraSpecsNegativeTest.test_update_multiple_extra_spec [0.063294s] ... ok
{21} tempest.api.volume.admin.test_volume_types_extra_specs_negative.ExtraSpecsNegativeTest.test_update_no_body [0.071172s] ... ok
{21} tempest.api.volume.admin.test_volume_types_extra_specs_negative.ExtraSpecsNegativeTest.test_update_none_extra_spec_id [0.090252s] ... ok
{21} tempest.api.volume.admin.test_volume_types_extra_specs_negative.ExtraSpecsNegativeTest.test_update_nonexistent_extra_spec_id [0.057368s] ... ok
{20} tempest.api.volume.admin.test_volume_types_extra_specs.VolumeTypesExtraSpecsTest.test_volume_type_extra_specs_list [0.319499s] ... ok
{21} tempest.api.volume.admin.test_volume_types_extra_specs_negative.ExtraSpecsNegativeTest.test_update_nonexistent_type_id [0.045790s] ... ok
{24} tempest.api.volume.admin.test_backends_capabilities.BackendsCapabilitiesAdminTestsJSON.test_get_capabilities_backend [0.605595s] ... ok
{19} tempest.api.volume.admin.test_volume_types_negative.VolumeTypesNegativeTest.test_create_with_repeated_name [0.787119s] ... ok
{19} tempest.api.volume.admin.test_volume_types_negative.VolumeTypesNegativeTest.test_delete_nonexistent_type_id [0.022391s] ... ok
{19} tempest.api.volume.admin.test_volume_types_negative.VolumeTypesNegativeTest.test_get_nonexistent_type_id [0.016377s] ... ok
{20} tempest.api.volume.admin.test_volume_types_extra_specs.VolumeTypesExtraSpecsTest.test_volume_type_extra_specs_update [0.718259s] ... ok
{10} tempest.api.volume.admin.test_volume_types.VolumeTypesTest.test_volume_type_encryption_create_get_update_delete [3.546077s] ... ok
{10} tempest.api.volume.admin.test_volume_types.VolumeTypesTest.test_volume_type_list [0.055952s] ... ok
{9} tempest.api.volume.admin.test_qos.QosSpecsTestJSON.test_associate_disassociate_qos [5.600529s] ... ok
{9} tempest.api.volume.admin.test_qos.QosSpecsTestJSON.test_create_delete_qos_with_back_end_consumer [0.389366s] ... ok
{10} tempest.api.volume.admin.test_volume_types.VolumeTypesTest.test_volume_type_update [0.857896s] ... ok
{9} tempest.api.volume.admin.test_qos.QosSpecsTestJSON.test_create_delete_qos_with_both_consumer [0.556555s] ... ok
{16} tempest.api.volume.admin.test_volume_quota_classes.VolumeQuotaClassesTest.test_update_default_quota [5.596423s] ... ok
{9} tempest.api.volume.admin.test_qos.QosSpecsTestJSON.test_create_delete_qos_with_front_end_consumer [0.495749s] ... ok
{9} tempest.api.volume.admin.test_qos.QosSpecsTestJSON.test_get_qos [0.042680s] ... ok
{9} tempest.api.volume.admin.test_qos.QosSpecsTestJSON.test_list_qos [0.033364s] ... ok
{9} tempest.api.volume.admin.test_qos.QosSpecsTestJSON.test_set_unset_qos_key [0.467237s] ... ok
{2} tempest.api.volume.admin.test_volume_quotas.VolumeQuotasAdminTestJSON.test_delete_quota [5.800788s] ... ok
{2} tempest.api.volume.admin.test_volume_quotas.VolumeQuotasAdminTestJSON.test_list_default_quotas [0.056255s] ... ok
{2} tempest.api.volume.admin.test_volume_quotas.VolumeQuotasAdminTestJSON.test_list_quotas [0.055929s] ... ok
{8} tempest.api.volume.admin.test_user_messages.UserMessagesTest.test_delete_message [48.761519s] ... ok
{35} tempest.api.volume.test_volume_absolute_limits.AbsoluteLimitsTests.test_get_volume_absolute_limits [0.086750s] ... ok
{8} tempest.api.volume.admin.test_user_messages.UserMessagesTest.test_list_show_messages [3.970894s] ... ok
{30} tempest.api.volume.admin.test_volume_quotas_negative.VolumeQuotasNegativeTestJSON.test_quota_volume_gigabytes [0.683090s] ... ok
{25} tempest.api.volume.test_volumes_snapshots.VolumesSnapshotTestJSON.test_snapshot_backup ... SKIPPED: Cinder backup is disabled
{30} tempest.api.volume.admin.test_volume_quotas_negative.VolumeQuotasNegativeTestJSON.test_quota_volumes [0.732390s] ... ok
{22} tempest.api.volume.test_volume_metadata.VolumesMetadataTest.test_crud_volume_metadata [1.050337s] ... ok
{22} tempest.api.volume.test_volume_metadata.VolumesMetadataTest.test_update_show_volume_metadata_item [0.821895s] ... ok
{11} tempest.api.volume.admin.test_volume_services.VolumesServicesTestJSON.test_get_service_by_volume_host_name [63.060053s] ... ok
{11} tempest.api.volume.admin.test_volume_services.VolumesServicesTestJSON.test_list_services [0.031223s] ... ok
{2} tempest.api.volume.admin.test_volume_quotas.VolumeQuotasAdminTestJSON.test_quota_usage [55.282944s] ... ok
{12} tempest.api.volume.admin.test_volume_type_access.VolumeTypesAccessTest.test_volume_type_access_add [63.230872s] ... ok
{13} tempest.api.volume.admin.test_snapshots_actions.SnapshotsActionsTest.test_reset_snapshot_status [1.042101s] ... ok
{5} tempest.api.volume.test_volume_transfers.VolumesTransfersTest.test_create_get_list_accept_volume_transfer [64.573388s] ... ok
{12} tempest.api.volume.admin.test_volume_type_access.VolumeTypesAccessTest.test_volume_type_access_list [1.623235s] ... ok
{17} tempest.api.volume.admin.test_volume_retype.VolumeRetypeWithoutMigrationTest.test_available_volume_retype [66.071229s] ... ok
{31} tempest.api.volume.admin.test_volume_snapshot_quotas_negative.VolumeSnapshotQuotasNegativeTestJSON.test_quota_volume_gigabytes_snapshots [1.263255s] ... ok
{26} tempest.api.volume.test_snapshot_metadata.SnapshotMetadataTestJSON.test_crud_snapshot_metadata [1.312701s] ... ok
{31} tempest.api.volume.admin.test_volume_snapshot_quotas_negative.VolumeSnapshotQuotasNegativeTestJSON.test_quota_volume_snapshots [0.118872s] ... ok
{15} tempest.api.volume.test_volumes_clone_negative.VolumesCloneNegativeTest.test_create_from_volume_decreasing_size [74.842915s] ... ok
{26} tempest.api.volume.test_snapshot_metadata.SnapshotMetadataTestJSON.test_update_show_snapshot_metadata_item [1.161909s] ... ok
{7} tempest.api.volume.test_volume_transfers.VolumesTransfersV355Test.test_create_get_list_accept_volume_transfer [69.522102s] ... ok
{6} tempest.api.volume.test_volume_transfers.VolumesTransfersV357Test.test_create_get_list_accept_volume_transfer [72.158095s] ... ok
{18} tempest.api.volume.admin.test_volumes_actions.VolumesActionsTest.test_volume_force_delete_when_volume_is_attaching [45.990996s] ... ok
{33} tempest.api.volume.test_volumes_list.VolumesListTestJSON.test_volume_list [0.040892s] ... ok
{33} tempest.api.volume.test_volumes_list.VolumesListTestJSON.test_volume_list_by_name [0.070198s] ... ok
{33} tempest.api.volume.test_volumes_list.VolumesListTestJSON.test_volume_list_details_by_name [0.080430s] ... ok
{33} tempest.api.volume.test_volumes_list.VolumesListTestJSON.test_volume_list_details_pagination [0.390291s] ... ok
{33} tempest.api.volume.test_volumes_list.VolumesListTestJSON.test_volume_list_details_with_multiple_params [0.231648s] ... ok
{33} tempest.api.volume.test_volumes_list.VolumesListTestJSON.test_volume_list_pagination [0.421095s] ... ok
{33} tempest.api.volume.test_volumes_list.VolumesListTestJSON.test_volume_list_param_display_name_and_status [0.060354s] ... ok
{33} tempest.api.volume.test_volumes_list.VolumesListTestJSON.test_volume_list_with_detail_param_display_name_and_status [0.105965s] ... ok
{25} tempest.api.volume.test_volumes_snapshots.VolumesSnapshotTestJSON.test_snapshot_create_get_list_update_delete [20.202675s] ... ok
{33} tempest.api.volume.test_volumes_list.VolumesListTestJSON.test_volume_list_with_detail_param_marker [0.100709s] ... ok
{33} tempest.api.volume.test_volumes_list.VolumesListTestJSON.test_volume_list_with_detail_param_metadata [0.109763s] ... ok
{33} tempest.api.volume.test_volumes_list.VolumesListTestJSON.test_volume_list_with_details [0.091534s] ... ok
{33} tempest.api.volume.test_volumes_list.VolumesListTestJSON.test_volume_list_with_param_metadata [0.074615s] ... ok
{33} tempest.api.volume.test_volumes_list.VolumesListTestJSON.test_volumes_list_by_availability_zone [0.165447s] ... ok
{33} tempest.api.volume.test_volumes_list.VolumesListTestJSON.test_volumes_list_by_bootable [0.140769s] ... ok
{33} tempest.api.volume.test_volumes_list.VolumesListTestJSON.test_volumes_list_by_status [0.134514s] ... ok
{33} tempest.api.volume.test_volumes_list.VolumesListTestJSON.test_volumes_list_details_by_availability_zone [0.084988s] ... ok
{33} tempest.api.volume.test_volumes_list.VolumesListTestJSON.test_volumes_list_details_by_bootable [0.094525s] ... ok
{33} tempest.api.volume.test_volumes_list.VolumesListTestJSON.test_volumes_list_details_by_status [0.092576s] ... ok
{39} tempest.api.volume.test_volumes_snapshots_list.VolumesSnapshotListTestJSON.test_snapshot_list_param_limit [0.111545s] ... ok
{39} tempest.api.volume.test_volumes_snapshots_list.VolumesSnapshotListTestJSON.test_snapshot_list_param_limit_equals_infinite [0.083769s] ... ok
{39} tempest.api.volume.test_volumes_snapshots_list.VolumesSnapshotListTestJSON.test_snapshot_list_param_limit_equals_zero [0.023441s] ... ok
{39} tempest.api.volume.test_volumes_snapshots_list.VolumesSnapshotListTestJSON.test_snapshot_list_param_marker [0.093612s] ... ok
{39} tempest.api.volume.test_volumes_snapshots_list.VolumesSnapshotListTestJSON.test_snapshot_list_param_offset [0.043646s] ... ok
{39} tempest.api.volume.test_volumes_snapshots_list.VolumesSnapshotListTestJSON.test_snapshot_list_param_sort_created_at_asc [0.039457s] ... ok
{39} tempest.api.volume.test_volumes_snapshots_list.VolumesSnapshotListTestJSON.test_snapshot_list_param_sort_created_at_desc [0.036392s] ... ok
{39} tempest.api.volume.test_volumes_snapshots_list.VolumesSnapshotListTestJSON.test_snapshot_list_param_sort_id_asc [0.039822s] ... ok
{39} tempest.api.volume.test_volumes_snapshots_list.VolumesSnapshotListTestJSON.test_snapshot_list_param_sort_id_desc [0.048370s] ... ok
{39} tempest.api.volume.test_volumes_snapshots_list.VolumesSnapshotListTestJSON.test_snapshot_list_param_sort_name_asc [0.043546s] ... ok
{39} tempest.api.volume.test_volumes_snapshots_list.VolumesSnapshotListTestJSON.test_snapshot_list_param_sort_name_desc [0.040757s] ... ok
{39} tempest.api.volume.test_volumes_snapshots_list.VolumesSnapshotListTestJSON.test_snapshots_list_details_with_params [0.127357s] ... ok
{39} tempest.api.volume.test_volumes_snapshots_list.VolumesSnapshotListTestJSON.test_snapshots_list_with_params [0.113676s] ... ok
{13} tempest.api.volume.admin.test_snapshots_actions.SnapshotsActionsTest.test_snapshot_force_delete_when_snapshot_is_creating [17.505053s] ... ok
{0} tempest.api.volume.test_volumes_get.VolumesGetTest.test_volume_create_get_update_delete [88.775610s] ... ok
{5} tempest.api.volume.test_volume_transfers.VolumesTransfersTest.test_create_list_delete_volume_transfer [17.442317s] ... ok
{27} tempest.api.volume.admin.test_volumes_list.VolumesListAdminTestJSON.test_volume_list_param_tenant [8.831587s] ... ok
{2} tempest.api.volume.admin.test_volume_quotas.VolumeQuotasAdminTestJSON.test_quota_usage_after_volume_transfer [23.532373s] ... ok
{2} tempest.api.volume.admin.test_volume_quotas.VolumeQuotasAdminTestJSON.test_show_quota_usage [0.224124s] ... ok
{7} tempest.api.volume.test_volume_transfers.VolumesTransfersV355Test.test_create_list_delete_volume_transfer [17.633832s] ... ok
{6} tempest.api.volume.test_volume_transfers.VolumesTransfersV357Test.test_create_list_delete_volume_transfer [16.341192s] ... ok
{2} tempest.api.volume.admin.test_volume_quotas.VolumeQuotasAdminTestJSON.test_update_all_quota_resources_for_tenant [3.021164s] ... ok
{18} tempest.api.volume.admin.test_volumes_actions.VolumesActionsTest.test_volume_force_delete_when_volume_is_creating [16.071948s] ... ok
{3} tempest.api.volume.test_volume_delete_cascade.VolumesDeleteCascade.test_volume_delete_cascade [101.146603s] ... ok
{13} tempest.api.volume.admin.test_snapshots_actions.SnapshotsActionsTest.test_snapshot_force_delete_when_snapshot_is_deleting [14.391621s] ... ok
{4} tempest.api.volume.test_volumes_clone.VolumesCloneTest.test_create_from_volume [105.023769s] ... ok
{1} tempest.api.volume.test_volumes_negative.VolumesNegativeTest.test_attach_volumes_with_nonexistent_volume_id [40.246063s] ... ok
{18} tempest.api.volume.admin.test_volumes_actions.VolumesActionsTest.test_volume_force_delete_when_volume_is_error [11.006478s] ... ok
{14} tempest.api.volume.test_volumes_actions.VolumesActionsTest.test_get_volume_attachment [41.948820s] ... ok
{14} tempest.api.volume.test_volumes_actions.VolumesActionsTest.test_reserve_unreserve_volume [0.791389s] ... ok
{14} tempest.api.volume.test_volumes_actions.VolumesActionsTest.test_volume_bootable [0.614299s] ... ok
{14} tempest.api.volume.test_volumes_actions.VolumesActionsTest.test_volume_readonly_update [0.577273s] ... ok
{1} tempest.api.volume.test_volumes_negative.VolumesNegativeTest.test_create_volume_from_deactivated_image [4.439022s] ... ok
{13} tempest.api.volume.admin.test_snapshots_actions.SnapshotsActionsTest.test_snapshot_force_delete_when_snapshot_is_error [7.325572s] ... ok
{2} setUpClass (tempest.api.volume.test_volumes_backup.VolumesBackupsTest) ... SKIPPED: Cinder backup feature disabled
{1} tempest.api.volume.test_volumes_negative.VolumesNegativeTest.test_create_volume_from_image_with_decreasing_size [3.880871s] ... ok
{1} tempest.api.volume.test_volumes_negative.VolumesNegativeTest.test_create_volume_with_invalid_size [0.024987s] ... ok
{1} tempest.api.volume.test_volumes_negative.VolumesNegativeTest.test_create_volume_with_nonexistent_snapshot_id [0.025366s] ... ok
{1} tempest.api.volume.test_volumes_negative.VolumesNegativeTest.test_create_volume_with_nonexistent_source_volid [0.031801s] ... ok
{1} tempest.api.volume.test_volumes_negative.VolumesNegativeTest.test_create_volume_with_nonexistent_volume_type [0.028040s] ... ok
{1} tempest.api.volume.test_volumes_negative.VolumesNegativeTest.test_create_volume_with_size_negative [0.016024s] ... ok
{1} tempest.api.volume.test_volumes_negative.VolumesNegativeTest.test_create_volume_with_size_zero [0.016231s] ... ok
{1} tempest.api.volume.test_volumes_negative.VolumesNegativeTest.test_create_volume_without_passing_size [0.010301s] ... ok
{1} tempest.api.volume.test_volumes_negative.VolumesNegativeTest.test_delete_invalid_volume_id [0.019291s] ... ok
{1} tempest.api.volume.test_volumes_negative.VolumesNegativeTest.test_delete_volume_without_passing_volume_id [0.013898s] ... ok
{1} tempest.api.volume.test_volumes_negative.VolumesNegativeTest.test_detach_volumes_with_invalid_volume_id [0.027079s] ... ok
{1} tempest.api.volume.test_volumes_negative.VolumesNegativeTest.test_get_invalid_volume_id [0.022443s] ... ok
{1} tempest.api.volume.test_volumes_negative.VolumesNegativeTest.test_get_volume_without_passing_volume_id [0.010161s] ... ok
{1} tempest.api.volume.test_volumes_negative.VolumesNegativeTest.test_list_volumes_detail_with_invalid_status [0.089775s] ... ok
{1} tempest.api.volume.test_volumes_negative.VolumesNegativeTest.test_list_volumes_detail_with_nonexistent_name [0.082600s] ... ok
{1} tempest.api.volume.test_volumes_negative.VolumesNegativeTest.test_list_volumes_with_invalid_status [0.031582s] ... ok
{1} tempest.api.volume.test_volumes_negative.VolumesNegativeTest.test_list_volumes_with_nonexistent_name [0.060665s] ... ok
{18} tempest.api.volume.admin.test_volumes_actions.VolumesActionsTest.test_volume_force_delete_when_volume_is_maintenance [7.766506s] ... ok
{1} tempest.api.volume.test_volumes_negative.VolumesNegativeTest.test_reserve_volume_with_negative_volume_status [0.340670s] ... ok
{1} tempest.api.volume.test_volumes_negative.VolumesNegativeTest.test_reserve_volume_with_nonexistent_volume_id [0.027509s] ... ok
{1} tempest.api.volume.test_volumes_negative.VolumesNegativeTest.test_unreserve_volume_with_nonexistent_volume_id [0.064968s] ... ok
{1} tempest.api.volume.test_volumes_negative.VolumesNegativeTest.test_update_volume_with_empty_volume_id [0.013880s] ... ok
{1} tempest.api.volume.test_volumes_negative.VolumesNegativeTest.test_update_volume_with_invalid_volume_id [0.028271s] ... ok
{1} tempest.api.volume.test_volumes_negative.VolumesNegativeTest.test_update_volume_with_nonexistent_volume_id [0.029253s] ... ok
{1} tempest.api.volume.test_volumes_negative.VolumesNegativeTest.test_volume_delete_nonexistent_volume_id [0.017434s] ... ok
{1} tempest.api.volume.test_volumes_negative.VolumesNegativeTest.test_volume_get_nonexistent_volume_id [0.022926s] ... ok
{13} tempest.api.volume.admin.test_snapshots_actions.SnapshotsActionsTest.test_snapshot_force_delete_when_snapshot_is_error_deleting [6.974726s] ... ok
{13} tempest.api.volume.admin.test_snapshots_actions.SnapshotsActionsTest.test_update_snapshot_status [0.845975s] ... ok
{0} tempest.api.volume.test_volumes_get.VolumesGetTest.test_volume_create_get_update_delete_as_clone [31.241108s] ... ok
{18} tempest.api.volume.admin.test_volumes_actions.VolumesActionsTest.test_volume_reset_status [8.463685s] ... ok

======
Totals
======
Ran: 174 tests in 125.8281 sec.
 - Passed: 167
 - Skipped: 7
 - Expected Fail: 0
 - Unexpected Success: 0
 - Failed: 0
Sum of execute time for each test: 1316.2577 sec.

==============
Worker Balance
==============
 - Worker 0 (3 tests) => 0:02:02.889593
 - Worker 1 (28 tests) => 0:01:57.607865
 - Worker 2 (8 tests) => 0:01:43.785550
 - Worker 3 (2 tests) => 0:01:44.020862
 - Worker 4 (2 tests) => 0:01:47.833341
 - Worker 5 (3 tests) => 0:01:32.049123
 - Worker 6 (2 tests) => 0:01:28.516208
 - Worker 7 (2 tests) => 0:01:27.174362
 - Worker 8 (2 tests) => 0:00:52.746557
 - Worker 9 (7 tests) => 0:00:07.600787
 - Worker 10 (4 tests) => 0:00:06.802651
 - Worker 11 (5 tests) => 0:01:03.196002
 - Worker 12 (2 tests) => 0:01:04.878681
 - Worker 13 (6 tests) => 0:00:48.111275
 - Worker 14 (4 tests) => 0:00:43.953483
 - Worker 15 (1 tests) => 0:01:14.842915
 - Worker 16 (2 tests) => 0:00:06.803246
 - Worker 17 (1 tests) => 0:01:06.071229
 - Worker 18 (5 tests) => 0:01:29.337793
 - Worker 19 (6 tests) => 0:00:03.838353
 - Worker 20 (3 tests) => 0:00:03.550282
 - Worker 21 (12 tests) => 0:00:02.977917
 - Worker 22 (2 tests) => 0:00:01.890372
 - Worker 23 (5 tests) => 0:00:02.471286
 - Worker 24 (2 tests) => 0:00:02.560961
 - Worker 25 (2 tests) => 0:00:20.213205
 - Worker 26 (2 tests) => 0:00:02.492976
 - Worker 27 (1 tests) => 0:00:08.831587
 - Worker 28 (2 tests) => 0:00:02.832099
 - Worker 29 (2 tests) => 0:00:02.143151
 - Worker 30 (2 tests) => 0:00:01.421933
 - Worker 31 (2 tests) => 0:00:01.399168
 - Worker 32 (1 tests) => 0:00:02.138679
 - Worker 33 (18 tests) => 0:00:02.513566
 - Worker 34 (2 tests) => 0:00:02.563997
 - Worker 35 (1 tests) => 0:00:00.086750
 - Worker 36 (5 tests) => 0:00:02.275980
 - Worker 37 (1 tests) => 0:00:02.064641
 - Worker 38 (1 tests) => 0:00:01.728820
 - Worker 39 (13 tests) => 0:00:00.871618
