{6} setUpClass (tempest.api.volume.admin.test_encrypted_volumes_extend.EncryptedVolumesExtendAttachedTest) ... SKIPPED: Attached encrypted volume extend is disabled.
{3} setUpClass (tempest.api.volume.admin.test_volumes_backup.VolumesBackupsAdminTest) ... SKIPPED: Cinder backup feature disabled
{1} setUpClass (tempest.api.volume.admin.test_snapshot_manage.SnapshotManageAdminTest) ... SKIPPED: Manage snapshot tests are disabled
{0} setUpClass (tempest.api.volume.test_volumes_backup.VolumesBackupsTest) ... SKIPPED: Cinder backup feature disabled
{29} tempest.api.volume.test_versions.VersionsTest.test_list_versions [0.038102s] ... ok
{30} tempest.api.volume.test_volumes_snapshots_negative.VolumesSnapshotNegativeTestJSON.test_create_snapshot_with_nonexistent_volume_id [1.185569s] ... ok
{30} tempest.api.volume.test_volumes_snapshots_negative.VolumesSnapshotNegativeTestJSON.test_create_snapshot_without_passing_volume_id [0.085537s] ... ok
{30} tempest.api.volume.test_volumes_snapshots_negative.VolumesSnapshotNegativeTestJSON.test_list_snapshot_invalid_param_limit [0.011506s] ... ok
{30} tempest.api.volume.test_volumes_snapshots_negative.VolumesSnapshotNegativeTestJSON.test_list_snapshots_invalid_param_marker [0.051138s] ... ok
{30} tempest.api.volume.test_volumes_snapshots_negative.VolumesSnapshotNegativeTestJSON.test_list_snapshots_invalid_param_sort [0.011723s] ... ok
{34} tempest.api.volume.test_extensions.ExtensionsTestJSON.test_list_extensions [1.681536s] ... ok
{29} tempest.api.volume.test_versions.VersionsTest.test_show_version [1.873217s] ... ok
{35} tempest.api.volume.test_availability_zone.AvailabilityZoneTestJSON.test_get_availability_zone_list [1.590999s] ... ok
{19} tempest.api.volume.admin.test_volume_quota_classes.VolumeQuotaClassesTest.test_show_default_quota [0.472068s] ... ok
{18} tempest.api.volume.admin.test_volume_types.VolumeTypesTest.test_volume_type_create_get_delete [0.796336s] ... ok
{15} tempest.api.volume.admin.test_volume_services.VolumesServicesTestJSON.test_get_service_by_host_name [0.022825s] ... ok
{15} tempest.api.volume.admin.test_volume_services.VolumesServicesTestJSON.test_get_service_by_service_and_host_name [0.031442s] ... ok
{15} tempest.api.volume.admin.test_volume_services.VolumesServicesTestJSON.test_get_service_by_service_binary_name [0.091279s] ... ok
{20} tempest.api.volume.admin.test_volume_types_negative.VolumeTypesNegativeTest.test_create_volume_type_encryption_nonexistent_type_id [0.389366s] ... ok
{24} tempest.api.volume.admin.test_volume_pools.VolumePoolsAdminTestsJSON.test_get_pools_with_details [0.854359s] ... ok
{33} tempest.api.volume.admin.test_volume_hosts.VolumeHostsAdminTestsJSON.test_list_hosts [0.405711s] ... ok
{38} tempest.api.volume.admin.test_volume_services_negative.VolumeServicesNegativeTest.test_disable_log_reason_with_no_reason [0.311753s] ... ok
{38} tempest.api.volume.admin.test_volume_services_negative.VolumeServicesNegativeTest.test_disable_service_with_invalid_binary [0.278111s] ... ok
{22} tempest.api.volume.admin.test_volume_types_extra_specs_negative.ExtraSpecsNegativeTest.test_create_invalid_body [0.257172s] ... ok
{24} tempest.api.volume.admin.test_volume_pools.VolumePoolsAdminTestsJSON.test_get_pools_without_details [0.794558s] ... ok
{23} tempest.api.volume.admin.test_volume_types_extra_specs.VolumeTypesExtraSpecsTest.test_volume_type_extra_spec_create_get_delete [1.503518s] ... ok
{38} tempest.api.volume.admin.test_volume_services_negative.VolumeServicesNegativeTest.test_enable_service_with_invalid_host [0.712291s] ... ok
{22} tempest.api.volume.admin.test_volume_types_extra_specs_negative.ExtraSpecsNegativeTest.test_create_none_body [0.698865s] ... ok
{38} tempest.api.volume.admin.test_volume_services_negative.VolumeServicesNegativeTest.test_freeze_host_with_invalid_host [0.576910s] ... ok
{22} tempest.api.volume.admin.test_volume_types_extra_specs_negative.ExtraSpecsNegativeTest.test_create_nonexistent_type_id [0.625036s] ... ok
{33} tempest.api.volume.admin.test_volume_hosts.VolumeHostsAdminTestsJSON.test_show_host [1.640567s] ... ok
{21} tempest.api.volume.admin.test_backends_capabilities.BackendsCapabilitiesAdminTestsJSON.test_compare_volume_stats_values [2.467603s] ... ok
{23} tempest.api.volume.admin.test_volume_types_extra_specs.VolumeTypesExtraSpecsTest.test_volume_type_extra_specs_list [1.005963s] ... ok
{22} tempest.api.volume.admin.test_volume_types_extra_specs_negative.ExtraSpecsNegativeTest.test_delete_nonexistent_volume_type_id [0.179852s] ... ok
{38} tempest.api.volume.admin.test_volume_services_negative.VolumeServicesNegativeTest.test_thaw_host_with_invalid_host [0.237958s] ... ok
{20} tempest.api.volume.admin.test_volume_types_negative.VolumeTypesNegativeTest.test_create_volume_with_private_volume_type [1.926450s] ... ok
{20} tempest.api.volume.admin.test_volume_types_negative.VolumeTypesNegativeTest.test_create_with_empty_name [0.194309s] ... ok
{22} tempest.api.volume.admin.test_volume_types_extra_specs_negative.ExtraSpecsNegativeTest.test_get_nonexistent_extra_spec_name [0.213150s] ... ok
{22} tempest.api.volume.admin.test_volume_types_extra_specs_negative.ExtraSpecsNegativeTest.test_get_nonexistent_volume_type_id [0.092986s] ... ok
{22} tempest.api.volume.admin.test_volume_types_extra_specs_negative.ExtraSpecsNegativeTest.test_list_nonexistent_volume_type_id [0.164219s] ... ok
{18} tempest.api.volume.admin.test_volume_types.VolumeTypesTest.test_volume_type_encryption_create_get_update_delete [3.146040s] ... ok
{22} tempest.api.volume.admin.test_volume_types_extra_specs_negative.ExtraSpecsNegativeTest.test_update_multiple_extra_spec [0.093179s] ... ok
{21} tempest.api.volume.admin.test_backends_capabilities.BackendsCapabilitiesAdminTestsJSON.test_get_capabilities_backend [0.641137s] ... ok
{22} tempest.api.volume.admin.test_volume_types_extra_specs_negative.ExtraSpecsNegativeTest.test_update_no_body [0.109019s] ... ok
{18} tempest.api.volume.admin.test_volume_types.VolumeTypesTest.test_volume_type_list [0.190054s] ... ok
{22} tempest.api.volume.admin.test_volume_types_extra_specs_negative.ExtraSpecsNegativeTest.test_update_none_extra_spec_id [0.165858s] ... ok
{22} tempest.api.volume.admin.test_volume_types_extra_specs_negative.ExtraSpecsNegativeTest.test_update_nonexistent_extra_spec_id [0.127139s] ... ok
{23} tempest.api.volume.admin.test_volume_types_extra_specs.VolumeTypesExtraSpecsTest.test_volume_type_extra_specs_update [1.035708s] ... ok
{20} tempest.api.volume.admin.test_volume_types_negative.VolumeTypesNegativeTest.test_create_with_repeated_name [0.953032s] ... ok
{19} tempest.api.volume.admin.test_volume_quota_classes.VolumeQuotaClassesTest.test_update_default_quota [4.227884s] ... ok
{22} tempest.api.volume.admin.test_volume_types_extra_specs_negative.ExtraSpecsNegativeTest.test_update_nonexistent_type_id [0.258098s] ... ok
{20} tempest.api.volume.admin.test_volume_types_negative.VolumeTypesNegativeTest.test_delete_nonexistent_type_id [0.114738s] ... ok
{39} tempest.api.volume.test_volume_absolute_limits.AbsoluteLimitsTests.test_get_volume_absolute_limits [0.338198s] ... ok
{28} tempest.api.volume.test_volume_metadata.VolumesMetadataTest.test_crud_volume_metadata [1.464012s] ... ok
{20} tempest.api.volume.admin.test_volume_types_negative.VolumeTypesNegativeTest.test_get_nonexistent_type_id [0.098747s] ... ok
{16} tempest.api.volume.admin.test_user_messages.UserMessagesTest.test_delete_message [4.577424s] ... ok
{32} tempest.api.volume.admin.test_volume_quotas_negative.VolumeQuotasNegativeTestJSON.test_quota_volume_gigabytes [0.918697s] ... ok
{12} tempest.api.volume.test_volumes_clone_negative.VolumesCloneNegativeTest.test_create_from_volume_decreasing_size [9.041604s] ... ok
{25} tempest.api.volume.admin.test_volume_retype.VolumeRetypeWithMigrationTest.test_available_volume_retype_with_migration [4.159120s] ... FAILED

Captured traceback:
~~~~~~~~~~~~~~~~~~~
    Traceback (most recent call last):

      File "/home/stguser/devstack/python-tempestconf/.venv/lib/python3.12/site-packages/tempest/api/volume/admin/test_volume_retype.py", line 146, in test_available_volume_retype_with_migration
    src_vol = self.create_volume(volume_type=self.src_vol_type['name'])
              ^^^^^^^^^^^^^^^^^^^^^^^^^^^^^^^^^^^^^^^^^^^^^^^^^^^^^^^^^

      File "/home/stguser/devstack/python-tempestconf/.venv/lib/python3.12/site-packages/tempest/api/volume/base.py", line 144, in create_volume
    waiters.wait_for_volume_resource_status(self.volumes_client,

      File "/home/stguser/devstack/python-tempestconf/.venv/lib/python3.12/site-packages/tempest/common/waiters.py", line 372, in wait_for_volume_resource_status
    raise exceptions.VolumeResourceBuildErrorException(

    tempest.exceptions.VolumeResourceBuildErrorException: volume 96aec923-1af0-48a1-9e85-5a4c36b9f67b failed to build and is in ERROR status


Captured pythonlogging:
~~~~~~~~~~~~~~~~~~~~~~~
    2024-09-27 14:29:32,548 1474565 INFO     [tempest.lib.common.rest_client] Request (VolumeRetypeWithMigrationTest:test_available_volume_retype_with_migration): 202 POST http://9.180.170.24/volume/v3/d6be1285b98d4b3b967c23b4d072b3dd/volumes 1.300s
2024-09-27 14:29:32,548 1474565 DEBUG    [tempest.lib.common.rest_client] Request - Headers: {'Content-Type': 'application/json', 'Accept': 'application/json', 'Openstack-Api-Version': 'volume 3.0', 'X-Auth-Token': '<omitted>'}
        Body: {"volume": {"volume_type": "tempest-VolumeRetypeWithMigrationTest-volume-type-2101075229", "size": 1, "name": "tempest-VolumeRetypeWithMigrationTest-Volume-1607936046"}}
    Response - Headers: {'date': 'Fri, 27 Sep 2024 14:29:31 GMT', 'server': 'Apache/2.4.58 (Ubuntu)', 'content-type': 'application/json', 'x-compute-request-id': 'req-22d01df4-e821-43b2-aca9-19bd93989474', 'content-length': '880', 'openstack-api-version': 'volume 3.0', 'vary': 'OpenStack-API-Version', 'x-openstack-request-id': 'req-22d01df4-e821-43b2-aca9-19bd93989474', 'connection': 'close', 'status': '202', 'content-location': 'http://9.180.170.24/volume/v3/d6be1285b98d4b3b967c23b4d072b3dd/volumes'}
        Body: b'{"volume": {"id": "96aec923-1af0-48a1-9e85-5a4c36b9f67b", "status": "creating", "size": 1, "availability_zone": "nova", "created_at": "2024-09-27T14:29:31.980359", "updated_at": null, "name": "tempest-VolumeRetypeWithMigrationTest-Volume-1607936046", "description": null, "volume_type": "tempest-VolumeRetypeWithMigrationTest-volume-type-2101075229", "snapshot_id": null, "source_volid": null, "metadata": {}, "links": [{"rel": "self", "href": "http://9.180.170.24/volume/v3/d6be1285b98d4b3b967c23b4d072b3dd/volumes/96aec923-1af0-48a1-9e85-5a4c36b9f67b"}, {"rel": "bookmark", "href": "http://9.180.170.24/volume/d6be1285b98d4b3b967c23b4d072b3dd/volumes/96aec923-1af0-48a1-9e85-5a4c36b9f67b"}], "user_id": "e8577641ddd749bfaa38a3d606337ecc", "bootable": "false", "encrypted": false, "replication_status": null, "consistencygroup_id": null, "multiattach": false, "attachments": []}}'
2024-09-27 14:29:32,968 1474565 INFO     [tempest.lib.common.rest_client] Request (VolumeRetypeWithMigrationTest:test_available_volume_retype_with_migration): 200 GET http://9.180.170.24/volume/v3/d6be1285b98d4b3b967c23b4d072b3dd/volumes/96aec923-1af0-48a1-9e85-5a4c36b9f67b 0.406s
2024-09-27 14:29:32,976 1474565 DEBUG    [tempest.lib.common.rest_client] Request - Headers: {'Content-Type': 'application/json', 'Accept': 'application/json', 'Openstack-Api-Version': 'volume 3.0', 'X-Auth-Token': '<omitted>'}
        Body: None
    Response - Headers: {'date': 'Fri, 27 Sep 2024 14:29:32 GMT', 'server': 'Apache/2.4.58 (Ubuntu)', 'content-type': 'application/json', 'x-compute-request-id': 'req-a40d18c5-77fc-4c3f-877e-20ebab101f24', 'content-length': '969', 'openstack-api-version': 'volume 3.0', 'vary': 'OpenStack-API-Version', 'x-openstack-request-id': 'req-a40d18c5-77fc-4c3f-877e-20ebab101f24', 'connection': 'close', 'status': '200', 'content-location': 'http://9.180.170.24/volume/v3/d6be1285b98d4b3b967c23b4d072b3dd/volumes/96aec923-1af0-48a1-9e85-5a4c36b9f67b'}
        Body: b'{"volume": {"id": "96aec923-1af0-48a1-9e85-5a4c36b9f67b", "status": "error", "size": 1, "availability_zone": "nova", "created_at": "2024-09-27T14:29:32.000000", "updated_at": "2024-09-27T14:29:33.000000", "name": "tempest-VolumeRetypeWithMigrationTest-Volume-1607936046", "description": null, "volume_type": "tempest-VolumeRetypeWithMigrationTest-volume-type-2101075229", "snapshot_id": null, "source_volid": null, "metadata": {}, "links": [{"rel": "self", "href": "http://9.180.170.24/volume/v3/d6be1285b98d4b3b967c23b4d072b3dd/volumes/96aec923-1af0-48a1-9e85-5a4c36b9f67b"}, {"rel": "bookmark", "href": "http://9.180.170.24/volume/d6be1285b98d4b3b967c23b4d072b3dd/volumes/96aec923-1af0-48a1-9e85-5a4c36b9f67b"}], "user_id": "e8577641ddd749bfaa38a3d606337ecc", "bootable": "false", "encrypted": false, "replication_status": null, "consistencygroup_id": null, "multiattach": false, "attachments": [], "os-vol-tenant-attr:tenant_id": "d6be1285b9
    8d4b3b967c23b4d072b3dd"}}'
2024-09-27 14:29:34,174 1474565 INFO     [tempest.lib.common.rest_client] Request (VolumeRetypeWithMigrationTest:test_available_volume_retype_with_migration): 200 GET http://9.180.170.24/volume/v3/d6be1285b98d4b3b967c23b4d072b3dd/volumes/96aec923-1af0-48a1-9e85-5a4c36b9f67b 0.189s
2024-09-27 14:29:34,174 1474565 DEBUG    [tempest.lib.common.rest_client] Request - Headers: {'Content-Type': 'application/json', 'Accept': 'application/json', 'Openstack-Api-Version': 'volume 3.0', 'X-Auth-Token': '<omitted>'}
        Body: None
    Response - Headers: {'date': 'Fri, 27 Sep 2024 14:29:33 GMT', 'server': 'Apache/2.4.58 (Ubuntu)', 'content-type': 'application/json', 'x-compute-request-id': 'req-ded126fd-49fc-40c0-893f-faae20ed97c9', 'content-length': '969', 'openstack-api-version': 'volume 3.0', 'vary': 'OpenStack-API-Version', 'x-openstack-request-id': 'req-ded126fd-49fc-40c0-893f-faae20ed97c9', 'connection': 'close', 'status': '200', 'content-location': 'http://9.180.170.24/volume/v3/d6be1285b98d4b3b967c23b4d072b3dd/volumes/96aec923-1af0-48a1-9e85-5a4c36b9f67b'}
        Body: b'{"volume": {"id": "96aec923-1af0-48a1-9e85-5a4c36b9f67b", "status": "error", "size": 1, "availability_zone": "nova", "created_at": "2024-09-27T14:29:32.000000", "updated_at": "2024-09-27T14:29:33.000000", "name": "tempest-VolumeRetypeWithMigrationTest-Volume-1607936046", "description": null, "volume_type": "tempest-VolumeRetypeWithMigrationTest-volume-type-2101075229", "snapshot_id": null, "source_volid": null, "metadata": {}, "links": [{"rel": "self", "href": "http://9.180.170.24/volume/v3/d6be1285b98d4b3b967c23b4d072b3dd/volumes/96aec923-1af0-48a1-9e85-5a4c36b9f67b"}, {"rel": "bookmark", "href": "http://9.180.170.24/volume/d6be1285b98d4b3b967c23b4d072b3dd/volumes/96aec923-1af0-48a1-9e85-5a4c36b9f67b"}], "user_id": "e8577641ddd749bfaa38a3d606337ecc", "bootable": "false", "encrypted": false, "replication_status": null, "consistencygroup_id": null, "multiattach": false, "attachments": [], "os-vol-tenant-attr:tenant_id": "d6be1285b98d4b3b967c23b4d072b3dd"}}'
2024-09-27 14:29:34,366 1474565 INFO     [tempest.lib.common.rest_client] Request (VolumeRetypeWithMigrationTest:_run_cleanups): 200 GET http://9.180.170.24/volume/v3/d6be1285b98d4b3b967c23b4d072b3dd/volumes/96aec923-1af0-48a1-9e85-5a4c36b9f67b 0.174s
2024-09-27 14:29:34,367 1474565 DEBUG    [tempest.lib.common.rest_client] Request - Headers: {'Content-Type': 'application/json', 'Accept': 'application/json', 'Openstack-Api-Version': 'volume 3.0', 'X-Auth-Token': '<omitted>'}
        Body: None
    Response - Headers: {'date': 'Fri, 27 Sep 2024 14:29:34 GMT', 'server': 'Apache/2.4.58 (Ubuntu)', 'content-type': 'application/json', 'x-compute-request-id': 'req-c724bbbc-2a41-463a-a520-0317076a26ca', 'content-length': '969', 'openstack-api-version': 'volume 3.0', 'vary': 'OpenStack-API-Version', 'x-openstack-request-id': 'req-c724bbbc-2a41-463a-a520-0317076a26ca', 'connection': 'close', 'status': '200', 'content-location': 'http://9.180.170.24/volume/v3/d6be1285b98d4b3b967c23b4d072b3dd/volumes/96aec923-1af0-48a1-9e85-5a4c36b9f67b'}
        Body: b'{"volume": {"id": "96aec923-1af0-48a1-9e85-5a4c36b9f67b", "status": "error", "size": 1, "availability_zone": "nova", "created_at": "2024-09-27T14:29:32.000000", "updated_at": "2024-09-27T14:29:33.000000", "name": "tempest-VolumeRetypeWithMigrationTest-Volume-1607936046", "description": null, "volume_type": "tempest-VolumeRetypeWithMigrationTest-volume-type-2101075229", "snapshot_id": null, "source_volid": null, "metadata": {}, "links": [{"rel": "self", "href": "http://9.180.170.24/volume/v3/d6be1285b98d4b3b967c23b4d072b3dd/volumes/96aec923-1af0-48a1-9e85-5a4c36b9f67b"}, {"rel": "bookmark", "href": "http://9.180.170.24/volume/d6be1285b98d4b3b967c23b4d072b3dd/volumes/96aec923-1af0-48a1-9e85-5a4c36b9f67b"}], "user_id": "e8577641ddd749bfaa38a3d606337ecc", "bootable": "false", "encrypted": false, "replication_status": null, "consistencygroup_id": null, "multiattach": false, "attachments": [], "os-vol-tenant-attr:tenant_id": "d6be1285b98d4b3b
    967c23b4d072b3dd"}}'
2024-09-27 14:29:35,292 1474565 INFO     [tempest.lib.common.rest_client] Request (VolumeRetypeWithMigrationTest:_run_cleanups): 202 DELETE http://9.180.170.24/volume/v3/d6be1285b98d4b3b967c23b4d072b3dd/volumes/96aec923-1af0-48a1-9e85-5a4c36b9f67b 0.917s
2024-09-27 14:29:35,292 1474565 DEBUG    [tempest.lib.common.rest_client] Request - Headers: {'Content-Type': 'application/json', 'Accept': 'application/json', 'Openstack-Api-Version': 'volume 3.0', 'X-Auth-Token': '<omitted>'}
        Body: None
    Response - Headers: {'date': 'Fri, 27 Sep 2024 14:29:34 GMT', 'server': 'Apache/2.4.58 (Ubuntu)', 'content-length': '0', 'content-type': 'text/html; charset=UTF-8', 'openstack-api-version': 'volume 3.0', 'vary': 'OpenStack-API-Version', 'x-openstack-request-id': 'req-84a99c01-d6e1-495c-be5d-8082cbb97523', 'connection': 'close', 'status': '202', 'content-location': 'http://9.180.170.24/volume/v3/d6be1285b98d4b3b967c23b4d072b3dd/volumes/96aec923-1af0-48a1-9e85-5a4c36b9f67b'}
        Body: b''
2024-09-27 14:29:35,405 1474565 INFO     [tempest.lib.common.rest_client] Request (VolumeRetypeWithMigrationTest:_run_cleanups): 404 GET http://9.180.170.24/volume/v3/d6be1285b98d4b3b967c23b4d072b3dd/volumes/96aec923-1af0-48a1-9e85-5a4c36b9f67b 0.112s
2024-09-27 14:29:35,405 1474565 DEBUG    [tempest.lib.common.rest_client] Request - Headers: {'Content-Type': 'application/json', 'Accept': 'application/json', 'Openstack-Api-Version': 'volume 3.0', 'X-Auth-Token': '<omitted>'}
        Body: None
    Response - Headers: {'date': 'Fri, 27 Sep 2024 14:29:35 GMT', 'server': 'Apache/2.4.58 (Ubuntu)', 'openstack-api-version': 'volume 3.0', 'vary': 'OpenStack-API-Version', 'content-length': '109', 'content-type': 'application/json', 'x-compute-request-id': 'req-46c91be5-0500-4497-86ce-6ef7b2db6643', 'x-openstack-request-id': 'req-46c91be5-0500-4497-86ce-6ef7b2db6643', 'connection': 'close', 'status': '404', 'content-location': 'http://9.180.170.24/volume/v3/d6be1285b98d4b3b967c23b4d072b3dd/volumes/96aec923-1af0-48a1-9e85-5a4c36b9f67b'}
        Body: b'{"itemNotFound": {"code": 404, "message": "Volume 96aec923-1af0-48a1-9e85-5a4c36b9f67b could not be found."}}'

{28} tempest.api.volume.test_volume_metadata.VolumesMetadataTest.test_update_show_volume_metadata_item [1.193202s] ... ok
{32} tempest.api.volume.admin.test_volume_quotas_negative.VolumeQuotasNegativeTestJSON.test_quota_volumes [0.805932s] ... ok
{10} tempest.api.volume.admin.test_volume_quotas.VolumeQuotasAdminTestJSON.test_delete_quota [4.964996s] ... ok
{17} tempest.api.volume.admin.test_qos.QosSpecsTestJSON.test_associate_disassociate_qos [5.839654s] ... ok
{10} tempest.api.volume.admin.test_volume_quotas.VolumeQuotasAdminTestJSON.test_list_default_quotas [0.077510s] ... ok
{10} tempest.api.volume.admin.test_volume_quotas.VolumeQuotasAdminTestJSON.test_list_quotas [0.082211s] ... ok
{18} tempest.api.volume.admin.test_volume_types.VolumeTypesTest.test_volume_type_update [2.965532s] ... ok
{17} tempest.api.volume.admin.test_qos.QosSpecsTestJSON.test_create_delete_qos_with_back_end_consumer [0.281181s] ... ok
{17} tempest.api.volume.admin.test_qos.QosSpecsTestJSON.test_create_delete_qos_with_both_consumer [0.318711s] ... ok
{17} tempest.api.volume.admin.test_qos.QosSpecsTestJSON.test_create_delete_qos_with_front_end_consumer [0.334753s] ... ok
{17} tempest.api.volume.admin.test_qos.QosSpecsTestJSON.test_get_qos [0.023790s] ... ok
{17} tempest.api.volume.admin.test_qos.QosSpecsTestJSON.test_list_qos [0.024025s] ... ok
{17} tempest.api.volume.admin.test_qos.QosSpecsTestJSON.test_set_unset_qos_key [0.247524s] ... ok
{2} setUpClass (tempest.api.volume.admin.test_multi_backend.VolumeMultiBackendTest) [0.000000s] ... FAILED

Captured traceback:
~~~~~~~~~~~~~~~~~~~
    Traceback (most recent call last):

      File "/home/stguser/devstack/python-tempestconf/.venv/lib/python3.12/site-packages/tempest/test.py", line 185, in setUpClass
    raise value.with_traceback(trace)

      File "/home/stguser/devstack/python-tempestconf/.venv/lib/python3.12/site-packages/tempest/test.py", line 178, in setUpClass
    cls.resource_setup()

      File "/home/stguser/devstack/python-tempestconf/.venv/lib/python3.12/site-packages/tempest/api/volume/admin/test_multi_backend.py", line 50, in resource_setup
    cls._create_type_and_volume(backend_name, False)

      File "/home/stguser/devstack/python-tempestconf/.venv/lib/python3.12/site-packages/tempest/api/volume/admin/test_multi_backend.py", line 74, in _create_type_and_volume
    cls.volume = cls.create_volume(**params)
                 ^^^^^^^^^^^^^^^^^^^^^^^^^^^

      File "/home/stguser/devstack/python-tempestconf/.venv/lib/python3.12/site-packages/tempest/api/volume/base.py", line 144, in create_volume
    waiters.wait_for_volume_resource_status(self.volumes_client,

      File "/home/stguser/devstack/python-tempestconf/.venv/lib/python3.12/site-packages/tempest/common/waiters.py", line 372, in wait_for_volume_resource_status
    raise exceptions.VolumeResourceBuildErrorException(

    tempest.exceptions.VolumeResourceBuildErrorException: volume c57f7c9e-c932-4d55-89b7-e1da4e16f847 failed to build and is in ERROR status

{16} tempest.api.volume.admin.test_user_messages.UserMessagesTest.test_list_show_messages [4.017809s] ... ok
{13} tempest.api.volume.test_volumes_snapshots.VolumesSnapshotTestJSON.test_snapshot_backup ... SKIPPED: Cinder backup is disabled
{15} tempest.api.volume.admin.test_volume_services.VolumesServicesTestJSON.test_get_service_by_volume_host_name [9.291855s] ... ok
{15} tempest.api.volume.admin.test_volume_services.VolumesServicesTestJSON.test_list_services [0.033024s] ... ok
{4} tempest.api.volume.admin.test_snapshots_actions.SnapshotsActionsTest.test_reset_snapshot_status [0.635880s] ... ok
{11} tempest.api.volume.admin.test_volume_retype.VolumeRetypeWithoutMigrationTest.test_available_volume_retype [11.196409s] ... ok
{27} tempest.api.volume.test_volumes_list.VolumesListTestJSON.test_volume_list [0.071396s] ... ok
{27} tempest.api.volume.test_volumes_list.VolumesListTestJSON.test_volume_list_by_name [0.081360s] ... ok
{27} tempest.api.volume.test_volumes_list.VolumesListTestJSON.test_volume_list_details_by_name [0.080148s] ... ok
{31} tempest.api.volume.test_snapshot_metadata.SnapshotMetadataTestJSON.test_crud_snapshot_metadata [0.556227s] ... ok
{27} tempest.api.volume.test_volumes_list.VolumesListTestJSON.test_volume_list_details_pagination [0.335892s] ... ok
{31} tempest.api.volume.test_snapshot_metadata.SnapshotMetadataTestJSON.test_update_show_snapshot_metadata_item [0.410676s] ... ok
{27} tempest.api.volume.test_volumes_list.VolumesListTestJSON.test_volume_list_details_with_multiple_params [0.175890s] ... ok
{27} tempest.api.volume.test_volumes_list.VolumesListTestJSON.test_volume_list_pagination [0.313430s] ... ok
{27} tempest.api.volume.test_volumes_list.VolumesListTestJSON.test_volume_list_param_display_name_and_status [0.077280s] ... ok
{27} tempest.api.volume.test_volumes_list.VolumesListTestJSON.test_volume_list_with_detail_param_display_name_and_status [0.094503s] ... ok
{27} tempest.api.volume.test_volumes_list.VolumesListTestJSON.test_volume_list_with_detail_param_marker [0.095451s] ... ok
{27} tempest.api.volume.test_volumes_list.VolumesListTestJSON.test_volume_list_with_detail_param_metadata [0.083856s] ... ok
{27} tempest.api.volume.test_volumes_list.VolumesListTestJSON.test_volume_list_with_details [0.092915s] ... ok
{27} tempest.api.volume.test_volumes_list.VolumesListTestJSON.test_volume_list_with_param_metadata [0.081611s] ... ok
{14} tempest.api.volume.admin.test_volume_type_access.VolumeTypesAccessTest.test_volume_type_access_add [13.160963s] ... ok
{9} tempest.api.volume.test_volume_transfers.VolumesTransfersTest.test_create_get_list_accept_volume_transfer [12.903972s] ... ok
{27} tempest.api.volume.test_volumes_list.VolumesListTestJSON.test_volumes_list_by_availability_zone [0.163656s] ... ok
{8} tempest.api.volume.test_volume_transfers.VolumesTransfersV357Test.test_create_get_list_accept_volume_transfer [13.081935s] ... ok
{27} tempest.api.volume.test_volumes_list.VolumesListTestJSON.test_volumes_list_by_bootable [0.148292s] ... ok
{27} tempest.api.volume.test_volumes_list.VolumesListTestJSON.test_volumes_list_by_status [0.121811s] ... ok
{27} tempest.api.volume.test_volumes_list.VolumesListTestJSON.test_volumes_list_details_by_availability_zone [0.073371s] ... ok
{14} tempest.api.volume.admin.test_volume_type_access.VolumeTypesAccessTest.test_volume_type_access_list [0.488308s] ... ok
{27} tempest.api.volume.test_volumes_list.VolumesListTestJSON.test_volumes_list_details_by_bootable [0.085115s] ... ok
{27} tempest.api.volume.test_volumes_list.VolumesListTestJSON.test_volumes_list_details_by_status [0.090712s] ... ok
{39} tempest.api.volume.test_volumes_get.VolumesSummaryTest.test_show_volume_summary [0.277171s] ... ok
{6} tempest.api.volume.test_volume_transfers.VolumesTransfersV355Test.test_create_get_list_accept_volume_transfer [14.669071s] ... ok
{0} tempest.api.volume.test_volumes_get.VolumesGetTest.test_volume_create_get_update_delete [19.304954s] ... ok
{10} tempest.api.volume.admin.test_volume_quotas.VolumeQuotasAdminTestJSON.test_quota_usage [10.905590s] ... ok
{36} tempest.api.volume.admin.test_volume_snapshot_quotas_negative.VolumeSnapshotQuotasNegativeTestJSON.test_quota_volume_gigabytes_snapshots [0.762770s] ... ok
{36} tempest.api.volume.admin.test_volume_snapshot_quotas_negative.VolumeSnapshotQuotasNegativeTestJSON.test_quota_volume_snapshots [0.221378s] ... ok
{26} tempest.api.volume.admin.test_volumes_list.VolumesListAdminTestJSON.test_volume_list_param_tenant [5.467843s] ... ok
{9} tempest.api.volume.test_volume_transfers.VolumesTransfersTest.test_create_list_delete_volume_transfer [7.538332s] ... ok
{6} tempest.api.volume.test_volume_transfers.VolumesTransfersV355Test.test_create_list_delete_volume_transfer [8.812705s] ... ok
{13} tempest.api.volume.test_volumes_snapshots.VolumesSnapshotTestJSON.test_snapshot_create_get_list_update_delete [15.433531s] ... ok
{8} tempest.api.volume.test_volume_transfers.VolumesTransfersV357Test.test_create_list_delete_volume_transfer [10.808302s] ... ok
{3} tempest.api.volume.test_volumes_negative.VolumesNegativeTest.test_attach_volumes_with_nonexistent_volume_id [24.443425s] ... ok
{7} tempest.api.volume.admin.test_volumes_actions.VolumesActionsTest.test_volume_force_delete_when_volume_is_attaching [10.132979s] ... ok
{37} tempest.api.volume.test_volumes_snapshots_list.VolumesSnapshotListTestJSON.test_snapshot_list_param_limit [0.041168s] ... ok
{37} tempest.api.volume.test_volumes_snapshots_list.VolumesSnapshotListTestJSON.test_snapshot_list_param_limit_equals_infinite [0.101227s] ... ok
{37} tempest.api.volume.test_volumes_snapshots_list.VolumesSnapshotListTestJSON.test_snapshot_list_param_limit_equals_zero [0.050286s] ... ok
{37} tempest.api.volume.test_volumes_snapshots_list.VolumesSnapshotListTestJSON.test_snapshot_list_param_marker [0.102912s] ... ok
{37} tempest.api.volume.test_volumes_snapshots_list.VolumesSnapshotListTestJSON.test_snapshot_list_param_offset [0.038733s] ... ok
{37} tempest.api.volume.test_volumes_snapshots_list.VolumesSnapshotListTestJSON.test_snapshot_list_param_sort_created_at_asc [0.040586s] ... ok
{37} tempest.api.volume.test_volumes_snapshots_list.VolumesSnapshotListTestJSON.test_snapshot_list_param_sort_created_at_desc [0.031621s] ... ok
{37} tempest.api.volume.test_volumes_snapshots_list.VolumesSnapshotListTestJSON.test_snapshot_list_param_sort_id_asc [0.039986s] ... ok
{37} tempest.api.volume.test_volumes_snapshots_list.VolumesSnapshotListTestJSON.test_snapshot_list_param_sort_id_desc [0.043226s] ... ok
{37} tempest.api.volume.test_volumes_snapshots_list.VolumesSnapshotListTestJSON.test_snapshot_list_param_sort_name_asc [0.046143s] ... ok
{37} tempest.api.volume.test_volumes_snapshots_list.VolumesSnapshotListTestJSON.test_snapshot_list_param_sort_name_desc [0.049773s] ... ok
{37} tempest.api.volume.test_volumes_snapshots_list.VolumesSnapshotListTestJSON.test_snapshots_list_details_with_params [0.140706s] ... ok
{3} tempest.api.volume.test_volumes_negative.VolumesNegativeTest.test_create_volume_from_deactivated_image [3.055612s] ... ok
{37} tempest.api.volume.test_volumes_snapshots_list.VolumesSnapshotListTestJSON.test_snapshots_list_with_params [0.110018s] ... ok
{10} tempest.api.volume.admin.test_volume_quotas.VolumeQuotasAdminTestJSON.test_quota_usage_after_volume_transfer [11.968923s] ... ok
{10} tempest.api.volume.admin.test_volume_quotas.VolumeQuotasAdminTestJSON.test_show_quota_usage [0.116748s] ... ok
{4} tempest.api.volume.admin.test_snapshots_actions.SnapshotsActionsTest.test_snapshot_force_delete_when_snapshot_is_creating [17.683158s] ... ok
{10} tempest.api.volume.admin.test_volume_quotas.VolumeQuotasAdminTestJSON.test_update_all_quota_resources_for_tenant [1.023240s] ... ok
{3} tempest.api.volume.test_volumes_negative.VolumesNegativeTest.test_create_volume_from_image_with_decreasing_size [2.958381s] ... ok
{3} tempest.api.volume.test_volumes_negative.VolumesNegativeTest.test_create_volume_with_invalid_size [0.016862s] ... ok
{3} tempest.api.volume.test_volumes_negative.VolumesNegativeTest.test_create_volume_with_nonexistent_snapshot_id [0.031849s] ... ok
{3} tempest.api.volume.test_volumes_negative.VolumesNegativeTest.test_create_volume_with_nonexistent_source_volid [0.034134s] ... ok
{3} tempest.api.volume.test_volumes_negative.VolumesNegativeTest.test_create_volume_with_nonexistent_volume_type [0.043368s] ... ok
{3} tempest.api.volume.test_volumes_negative.VolumesNegativeTest.test_create_volume_with_size_negative [0.019210s] ... ok
{3} tempest.api.volume.test_volumes_negative.VolumesNegativeTest.test_create_volume_with_size_zero [0.019357s] ... ok
{3} tempest.api.volume.test_volumes_negative.VolumesNegativeTest.test_create_volume_without_passing_size [0.010526s] ... ok
{3} tempest.api.volume.test_volumes_negative.VolumesNegativeTest.test_delete_invalid_volume_id [0.023076s] ... ok
{3} tempest.api.volume.test_volumes_negative.VolumesNegativeTest.test_delete_volume_without_passing_volume_id [0.011199s] ... ok
{3} tempest.api.volume.test_volumes_negative.VolumesNegativeTest.test_detach_volumes_with_invalid_volume_id [0.026999s] ... ok
{3} tempest.api.volume.test_volumes_negative.VolumesNegativeTest.test_get_invalid_volume_id [0.022580s] ... ok
{3} tempest.api.volume.test_volumes_negative.VolumesNegativeTest.test_get_volume_without_passing_volume_id [0.010128s] ... ok
{7} tempest.api.volume.admin.test_volumes_actions.VolumesActionsTest.test_volume_force_delete_when_volume_is_creating [5.278546s] ... ok
{3} tempest.api.volume.test_volumes_negative.VolumesNegativeTest.test_list_volumes_detail_with_invalid_status [0.075249s] ... ok
{3} tempest.api.volume.test_volumes_negative.VolumesNegativeTest.test_list_volumes_detail_with_nonexistent_name [0.034817s] ... ok
{3} tempest.api.volume.test_volumes_negative.VolumesNegativeTest.test_list_volumes_with_invalid_status [0.068783s] ... ok
{3} tempest.api.volume.test_volumes_negative.VolumesNegativeTest.test_list_volumes_with_nonexistent_name [0.048728s] ... ok
{3} tempest.api.volume.test_volumes_negative.VolumesNegativeTest.test_reserve_volume_with_negative_volume_status [0.230152s] ... ok
{3} tempest.api.volume.test_volumes_negative.VolumesNegativeTest.test_reserve_volume_with_nonexistent_volume_id [0.094407s] ... ok
{3} tempest.api.volume.test_volumes_negative.VolumesNegativeTest.test_unreserve_volume_with_nonexistent_volume_id [0.028762s] ... ok
{3} tempest.api.volume.test_volumes_negative.VolumesNegativeTest.test_update_volume_with_empty_volume_id [0.008031s] ... ok
{3} tempest.api.volume.test_volumes_negative.VolumesNegativeTest.test_update_volume_with_invalid_volume_id [0.031343s] ... ok
{3} tempest.api.volume.test_volumes_negative.VolumesNegativeTest.test_update_volume_with_nonexistent_volume_id [0.028817s] ... ok
{3} tempest.api.volume.test_volumes_negative.VolumesNegativeTest.test_volume_delete_nonexistent_volume_id [0.033042s] ... ok
{3} tempest.api.volume.test_volumes_negative.VolumesNegativeTest.test_volume_get_nonexistent_volume_id [0.040462s] ... ok
{1} tempest.api.volume.test_volume_delete_cascade.VolumesDeleteCascade.test_volume_delete_cascade [36.726419s] ... ok
{5} tempest.api.volume.test_volumes_actions.VolumesActionsTest.test_get_volume_attachment [27.124938s] ... ok
{5} tempest.api.volume.test_volumes_actions.VolumesActionsTest.test_reserve_unreserve_volume [0.276622s] ... ok
{5} tempest.api.volume.test_volumes_actions.VolumesActionsTest.test_volume_bootable [0.263777s] ... ok
{7} tempest.api.volume.admin.test_volumes_actions.VolumesActionsTest.test_volume_force_delete_when_volume_is_error [4.479334s] ... ok
{5} tempest.api.volume.test_volumes_actions.VolumesActionsTest.test_volume_readonly_update [0.268793s] ... ok
{4} tempest.api.volume.admin.test_snapshots_actions.SnapshotsActionsTest.test_snapshot_force_delete_when_snapshot_is_deleting [7.099402s] ... ok
{0} tempest.api.volume.test_volumes_get.VolumesGetTest.test_volume_create_get_update_delete_as_clone [22.339306s] ... ok
{7} tempest.api.volume.admin.test_volumes_actions.VolumesActionsTest.test_volume_force_delete_when_volume_is_maintenance [4.012699s] ... ok
{5} setUpClass (tempest.api.volume.test_volumes_backup.VolumesBackupsV39Test) ... SKIPPED: Cinder backup feature disabled
{4} tempest.api.volume.admin.test_snapshots_actions.SnapshotsActionsTest.test_snapshot_force_delete_when_snapshot_is_error [5.985995s] ... ok
{7} tempest.api.volume.admin.test_volumes_actions.VolumesActionsTest.test_volume_reset_status [4.471113s] ... ok
{4} tempest.api.volume.admin.test_snapshots_actions.SnapshotsActionsTest.test_snapshot_force_delete_when_snapshot_is_error_deleting [4.693004s] ... ok
{4} tempest.api.volume.admin.test_snapshots_actions.SnapshotsActionsTest.test_update_snapshot_status [0.362869s] ... ok
{7} setUpClass (tempest.api.volume.test_volumes_extend.VolumesExtendAttachedTest) ... SKIPPED: Attached volume extend is disabled.
{4} setUpClass (tempest.api.volume.admin.test_volume_manage.VolumeManageAdminTest) ... SKIPPED: Manage volume tests are disabled
{2} tempest.api.volume.test_volumes_clone.VolumesCloneTest.test_create_from_volume [70.966825s] ... ok

==============================
Failed 2 tests - output below:
==============================

tempest.api.volume.admin.test_volume_retype.VolumeRetypeWithMigrationTest.test_available_volume_retype_with_migration[id-a1a41f3f-9dad-493e-9f09-3ff197d477cd]
--------------------------------------------------------------------------------------------------------------------------------------------------------------

Captured traceback:
~~~~~~~~~~~~~~~~~~~
    Traceback (most recent call last):

      File "/home/stguser/devstack/python-tempestconf/.venv/lib/python3.12/site-packages/tempest/api/volume/admin/test_volume_retype.py", line 146, in test_available_volume_retype_with_migration
    src_vol = self.create_volume(volume_type=self.src_vol_type['name'])
              ^^^^^^^^^^^^^^^^^^^^^^^^^^^^^^^^^^^^^^^^^^^^^^^^^^^^^^^^^

      File "/home/stguser/devstack/python-tempestconf/.venv/lib/python3.12/site-packages/tempest/api/volume/base.py", line 144, in create_volume
    waiters.wait_for_volume_resource_status(self.volumes_client,

      File "/home/stguser/devstack/python-tempestconf/.venv/lib/python3.12/site-packages/tempest/common/waiters.py", line 372, in wait_for_volume_resource_status
    raise exceptions.VolumeResourceBuildErrorException(

    tempest.exceptions.VolumeResourceBuildErrorException: volume 96aec923-1af0-48a1-9e85-5a4c36b9f67b failed to build and is in ERROR status


Captured pythonlogging:
~~~~~~~~~~~~~~~~~~~~~~~
    2024-09-27 14:29:32,548 1474565 INFO     [tempest.lib.common.rest_client] Request (VolumeRetypeWithMigrationTest:test_available_volume_retype_with_migration): 202 POST http://9.180.170.24/volume/v3/d6be1285b98d4b3b967c23b4d072b3dd/volumes 1.300s
2024-09-27 14:29:32,548 1474565 DEBUG    [tempest.lib.common.rest_client] Request - Headers: {'Content-Type': 'application/json', 'Accept': 'application/json', 'Openstack-Api-Version': 'volume 3.0', 'X-Auth-Token': '<omitted>'}
        Body: {"volume": {"volume_type": "tempest-VolumeRetypeWithMigrationTest-volume-type-2101075229", "size": 1, "name": "tempest-VolumeRetypeWithMigrationTest-Volume-1607936046"}}
    Response - Headers: {'date': 'Fri, 27 Sep 2024 14:29:31 GMT', 'server': 'Apache/2.4.58 (Ubuntu)', 'content-type': 'application/json', 'x-compute-request-id': 'req-22d01df4-e821-43b2-aca9-19bd93989474', 'content-length': '880', 'openstack-api-version': 'volume 3.0', 'vary': 'OpenStack-API-Version', 'x-openstack-request-id': 'req-22d01df4-e821-43b2-aca9-19bd93989474', 'connection': 'close', 'status': '202', 'content-location': 'http://9.180.170.24/volume/v3/d6be1285b98d4b3b967c23b4d072b3dd/volumes'}
        Body: b'{"volume": {"id": "96aec923-1af0-48a1-9e85-5a4c36b9f67b", "status": "creating", "size": 1, "availability_zone": "nova", "created_at": "2024-09-27T14:29:31.980359", "updated_at": null, "name": "tempest-VolumeRetypeWithMigrationTest-Volume-1607936046", "description": null, "volume_type": "tempest-VolumeRetypeWithMigrationTest-volume-type-2101075229", "snapshot_id": null, "source_volid": null, "metadata": {}, "links": [{"rel": "self", "href": "http://9.180.170.24/volume/v3/d6be1285b98d4b3b967c23b4d072b3dd/volumes/96aec923-1af0-48a1-9e85-5a4c36b9f67b"}, {"rel": "bookmark", "href": "http://9.180.170.24/volume/d6be1285b98d4b3b967c23b4d072b3dd/volumes/96aec923-1af0-48a1-9e85-5a4c36b9f67b"}], "user_id": "e8577641ddd749bfaa38a3d606337ecc", "bootable": "false", "encrypted": false, "replication_status": null, "consistencygroup_id": null, "multiattach": false, "attachments": []}}'
2024-09-27 14:29:32,968 1474565 INFO     [tempest.lib.common.rest_client] Request (VolumeRetypeWithMigrationTest:test_available_volume_retype_with_migration): 200 GET http://9.180.170.24/volume/v3/d6be1285b98d4b3b967c23b4d072b3dd/volumes/96aec923-1af0-48a1-9e85-5a4c36b9f67b 0.406s
2024-09-27 14:29:32,976 1474565 DEBUG    [tempest.lib.common.rest_client] Request - Headers: {'Content-Type': 'application/json', 'Accept': 'application/json', 'Openstack-Api-Version': 'volume 3.0', 'X-Auth-Token': '<omitted>'}
        Body: None
    Response - Headers: {'date': 'Fri, 27 Sep 2024 14:29:32 GMT', 'server': 'Apache/2.4.58 (Ubuntu)', 'content-type': 'application/json', 'x-compute-request-id': 'req-a40d18c5-77fc-4c3f-877e-20ebab101f24', 'content-length': '969', 'openstack-api-version': 'volume 3.0', 'vary': 'OpenStack-API-Version', 'x-openstack-request-id': 'req-a40d18c5-77fc-4c3f-877e-20ebab101f24', 'connection': 'close', 'status': '200', 'content-location': 'http://9.180.170.24/volume/v3/d6be1285b98d4b3b967c23b4d072b3dd/volumes/96aec923-1af0-48a1-9e85-5a4c36b9f67b'}
        Body: b'{"volume": {"id": "96aec923-1af0-48a1-9e85-5a4c36b9f67b", "status": "error", "size": 1, "availability_zone": "nova", "created_at": "2024-09-27T14:29:32.000000", "updated_at": "2024-09-27T14:29:33.000000", "name": "tempest-VolumeRetypeWithMigrationTest-Volume-1607936046", "description": null, "volume_type": "tempest-VolumeRetypeWithMigrationTest-volume-type-2101075229", "snapshot_id": null, "source_volid": null, "metadata": {}, "links": [{"rel": "self", "href": "http://9.180.170.24/volume/v3/d6be1285b98d4b3b967c23b4d072b3dd/volumes/96aec923-1af0-48a1-9e85-5a4c36b9f67b"}, {"rel": "bookmark", "href": "http://9.180.170.24/volume/d6be1285b98d4b3b967c23b4d072b3dd/volumes/96aec923-1af0-48a1-9e85-5a4c36b9f67b"}], "user_id": "e8577641ddd749bfaa38a3d606337ecc", "bootable": "false", "encrypted": false, "replication_status": null, "consistencygroup_id": null, "multiattach": false, "attachments": [], "os-vol-tenant-attr:tenant_id": "d6be1285b9
    8d4b3b967c23b4d072b3dd"}}'
2024-09-27 14:29:34,174 1474565 INFO     [tempest.lib.common.rest_client] Request (VolumeRetypeWithMigrationTest:test_available_volume_retype_with_migration): 200 GET http://9.180.170.24/volume/v3/d6be1285b98d4b3b967c23b4d072b3dd/volumes/96aec923-1af0-48a1-9e85-5a4c36b9f67b 0.189s
2024-09-27 14:29:34,174 1474565 DEBUG    [tempest.lib.common.rest_client] Request - Headers: {'Content-Type': 'application/json', 'Accept': 'application/json', 'Openstack-Api-Version': 'volume 3.0', 'X-Auth-Token': '<omitted>'}
        Body: None
    Response - Headers: {'date': 'Fri, 27 Sep 2024 14:29:33 GMT', 'server': 'Apache/2.4.58 (Ubuntu)', 'content-type': 'application/json', 'x-compute-request-id': 'req-ded126fd-49fc-40c0-893f-faae20ed97c9', 'content-length': '969', 'openstack-api-version': 'volume 3.0', 'vary': 'OpenStack-API-Version', 'x-openstack-request-id': 'req-ded126fd-49fc-40c0-893f-faae20ed97c9', 'connection': 'close', 'status': '200', 'content-location': 'http://9.180.170.24/volume/v3/d6be1285b98d4b3b967c23b4d072b3dd/volumes/96aec923-1af0-48a1-9e85-5a4c36b9f67b'}
        Body: b'{"volume": {"id": "96aec923-1af0-48a1-9e85-5a4c36b9f67b", "status": "error", "size": 1, "availability_zone": "nova", "created_at": "2024-09-27T14:29:32.000000", "updated_at": "2024-09-27T14:29:33.000000", "name": "tempest-VolumeRetypeWithMigrationTest-Volume-1607936046", "description": null, "volume_type": "tempest-VolumeRetypeWithMigrationTest-volume-type-2101075229", "snapshot_id": null, "source_volid": null, "metadata": {}, "links": [{"rel": "self", "href": "http://9.180.170.24/volume/v3/d6be1285b98d4b3b967c23b4d072b3dd/volumes/96aec923-1af0-48a1-9e85-5a4c36b9f67b"}, {"rel": "bookmark", "href": "http://9.180.170.24/volume/d6be1285b98d4b3b967c23b4d072b3dd/volumes/96aec923-1af0-48a1-9e85-5a4c36b9f67b"}], "user_id": "e8577641ddd749bfaa38a3d606337ecc", "bootable": "false", "encrypted": false, "replication_status": null, "consistencygroup_id": null, "multiattach": false, "attachments": [], "os-vol-tenant-attr:tenant_id": "d6be1285b98d4b3b967c23b4d072b3dd"}}'
2024-09-27 14:29:34,366 1474565 INFO     [tempest.lib.common.rest_client] Request (VolumeRetypeWithMigrationTest:_run_cleanups): 200 GET http://9.180.170.24/volume/v3/d6be1285b98d4b3b967c23b4d072b3dd/volumes/96aec923-1af0-48a1-9e85-5a4c36b9f67b 0.174s
2024-09-27 14:29:34,367 1474565 DEBUG    [tempest.lib.common.rest_client] Request - Headers: {'Content-Type': 'application/json', 'Accept': 'application/json', 'Openstack-Api-Version': 'volume 3.0', 'X-Auth-Token': '<omitted>'}
        Body: None
    Response - Headers: {'date': 'Fri, 27 Sep 2024 14:29:34 GMT', 'server': 'Apache/2.4.58 (Ubuntu)', 'content-type': 'application/json', 'x-compute-request-id': 'req-c724bbbc-2a41-463a-a520-0317076a26ca', 'content-length': '969', 'openstack-api-version': 'volume 3.0', 'vary': 'OpenStack-API-Version', 'x-openstack-request-id': 'req-c724bbbc-2a41-463a-a520-0317076a26ca', 'connection': 'close', 'status': '200', 'content-location': 'http://9.180.170.24/volume/v3/d6be1285b98d4b3b967c23b4d072b3dd/volumes/96aec923-1af0-48a1-9e85-5a4c36b9f67b'}
        Body: b'{"volume": {"id": "96aec923-1af0-48a1-9e85-5a4c36b9f67b", "status": "error", "size": 1, "availability_zone": "nova", "created_at": "2024-09-27T14:29:32.000000", "updated_at": "2024-09-27T14:29:33.000000", "name": "tempest-VolumeRetypeWithMigrationTest-Volume-1607936046", "description": null, "volume_type": "tempest-VolumeRetypeWithMigrationTest-volume-type-2101075229", "snapshot_id": null, "source_volid": null, "metadata": {}, "links": [{"rel": "self", "href": "http://9.180.170.24/volume/v3/d6be1285b98d4b3b967c23b4d072b3dd/volumes/96aec923-1af0-48a1-9e85-5a4c36b9f67b"}, {"rel": "bookmark", "href": "http://9.180.170.24/volume/d6be1285b98d4b3b967c23b4d072b3dd/volumes/96aec923-1af0-48a1-9e85-5a4c36b9f67b"}], "user_id": "e8577641ddd749bfaa38a3d606337ecc", "bootable": "false", "encrypted": false, "replication_status": null, "consistencygroup_id": null, "multiattach": false, "attachments": [], "os-vol-tenant-attr:tenant_id": "d6be1285b98d4b3b
    967c23b4d072b3dd"}}'
2024-09-27 14:29:35,292 1474565 INFO     [tempest.lib.common.rest_client] Request (VolumeRetypeWithMigrationTest:_run_cleanups): 202 DELETE http://9.180.170.24/volume/v3/d6be1285b98d4b3b967c23b4d072b3dd/volumes/96aec923-1af0-48a1-9e85-5a4c36b9f67b 0.917s
2024-09-27 14:29:35,292 1474565 DEBUG    [tempest.lib.common.rest_client] Request - Headers: {'Content-Type': 'application/json', 'Accept': 'application/json', 'Openstack-Api-Version': 'volume 3.0', 'X-Auth-Token': '<omitted>'}
        Body: None
    Response - Headers: {'date': 'Fri, 27 Sep 2024 14:29:34 GMT', 'server': 'Apache/2.4.58 (Ubuntu)', 'content-length': '0', 'content-type': 'text/html; charset=UTF-8', 'openstack-api-version': 'volume 3.0', 'vary': 'OpenStack-API-Version', 'x-openstack-request-id': 'req-84a99c01-d6e1-495c-be5d-8082cbb97523', 'connection': 'close', 'status': '202', 'content-location': 'http://9.180.170.24/volume/v3/d6be1285b98d4b3b967c23b4d072b3dd/volumes/96aec923-1af0-48a1-9e85-5a4c36b9f67b'}
        Body: b''
2024-09-27 14:29:35,405 1474565 INFO     [tempest.lib.common.rest_client] Request (VolumeRetypeWithMigrationTest:_run_cleanups): 404 GET http://9.180.170.24/volume/v3/d6be1285b98d4b3b967c23b4d072b3dd/volumes/96aec923-1af0-48a1-9e85-5a4c36b9f67b 0.112s
2024-09-27 14:29:35,405 1474565 DEBUG    [tempest.lib.common.rest_client] Request - Headers: {'Content-Type': 'application/json', 'Accept': 'application/json', 'Openstack-Api-Version': 'volume 3.0', 'X-Auth-Token': '<omitted>'}
        Body: None
    Response - Headers: {'date': 'Fri, 27 Sep 2024 14:29:35 GMT', 'server': 'Apache/2.4.58 (Ubuntu)', 'openstack-api-version': 'volume 3.0', 'vary': 'OpenStack-API-Version', 'content-length': '109', 'content-type': 'application/json', 'x-compute-request-id': 'req-46c91be5-0500-4497-86ce-6ef7b2db6643', 'x-openstack-request-id': 'req-46c91be5-0500-4497-86ce-6ef7b2db6643', 'connection': 'close', 'status': '404', 'content-location': 'http://9.180.170.24/volume/v3/d6be1285b98d4b3b967c23b4d072b3dd/volumes/96aec923-1af0-48a1-9e85-5a4c36b9f67b'}
        Body: b'{"itemNotFound": {"code": 404, "message": "Volume 96aec923-1af0-48a1-9e85-5a4c36b9f67b could not be found."}}'


setUpClass (tempest.api.volume.admin.test_multi_backend.VolumeMultiBackendTest)
-------------------------------------------------------------------------------

Captured traceback:
~~~~~~~~~~~~~~~~~~~
    Traceback (most recent call last):

      File "/home/stguser/devstack/python-tempestconf/.venv/lib/python3.12/site-packages/tempest/test.py", line 185, in setUpClass
    raise value.with_traceback(trace)

      File "/home/stguser/devstack/python-tempestconf/.venv/lib/python3.12/site-packages/tempest/test.py", line 178, in setUpClass
    cls.resource_setup()

      File "/home/stguser/devstack/python-tempestconf/.venv/lib/python3.12/site-packages/tempest/api/volume/admin/test_multi_backend.py", line 50, in resource_setup
    cls._create_type_and_volume(backend_name, False)

      File "/home/stguser/devstack/python-tempestconf/.venv/lib/python3.12/site-packages/tempest/api/volume/admin/test_multi_backend.py", line 74, in _create_type_and_volume
    cls.volume = cls.create_volume(**params)
                 ^^^^^^^^^^^^^^^^^^^^^^^^^^^

      File "/home/stguser/devstack/python-tempestconf/.venv/lib/python3.12/site-packages/tempest/api/volume/base.py", line 144, in create_volume
    waiters.wait_for_volume_resource_status(self.volumes_client,

      File "/home/stguser/devstack/python-tempestconf/.venv/lib/python3.12/site-packages/tempest/common/waiters.py", line 372, in wait_for_volume_resource_status
    raise exceptions.VolumeResourceBuildErrorException(

    tempest.exceptions.VolumeResourceBuildErrorException: volume c57f7c9e-c932-4d55-89b7-e1da4e16f847 failed to build and is in ERROR status



======
Totals
======
Ran: 177 tests in 86.3979 sec.
 - Passed: 167
 - Skipped: 8
 - Expected Fail: 0
 - Unexpected Success: 0
 - Failed: 2
Sum of execute time for each test: 502.0986 sec.

==============
Worker Balance
==============
 - Worker 0 (3 tests) => 0:00:44.507692
 - Worker 1 (2 tests) => 0:00:39.340533
 - Worker 2 (2 tests) => 0:01:12.244432
 - Worker 3 (28 tests) => 0:00:38.174208
 - Worker 4 (7 tests) => 0:00:42.510522
 - Worker 5 (5 tests) => 0:00:33.122439
 - Worker 6 (3 tests) => 0:00:30.201581
 - Worker 7 (6 tests) => 0:00:35.235928
 - Worker 8 (2 tests) => 0:00:23.898673
 - Worker 9 (2 tests) => 0:00:20.453150
 - Worker 10 (7 tests) => 0:00:29.155070
 - Worker 11 (1 tests) => 0:00:11.196409
 - Worker 12 (1 tests) => 0:00:09.041604
 - Worker 13 (2 tests) => 0:00:15.439837
 - Worker 14 (2 tests) => 0:00:13.659238
 - Worker 15 (5 tests) => 0:00:09.480457
 - Worker 16 (2 tests) => 0:00:08.604303
 - Worker 17 (7 tests) => 0:00:07.086458
 - Worker 18 (4 tests) => 0:00:07.107589
 - Worker 19 (2 tests) => 0:00:04.708927
 - Worker 20 (6 tests) => 0:00:03.688285
 - Worker 21 (2 tests) => 0:00:03.114882
 - Worker 22 (12 tests) => 0:00:02.998456
 - Worker 23 (3 tests) => 0:00:03.554239
 - Worker 24 (2 tests) => 0:00:01.656267
 - Worker 25 (1 tests) => 0:00:04.159120
 - Worker 26 (1 tests) => 0:00:05.467843
 - Worker 27 (18 tests) => 0:00:02.287373
 - Worker 28 (2 tests) => 0:00:02.663484
 - Worker 29 (2 tests) => 0:00:01.916696
 - Worker 30 (5 tests) => 0:00:01.359504
 - Worker 31 (2 tests) => 0:00:00.977764
 - Worker 32 (2 tests) => 0:00:01.738542
 - Worker 33 (2 tests) => 0:00:02.052631
 - Worker 34 (1 tests) => 0:00:01.681536
 - Worker 35 (1 tests) => 0:00:01.590999
 - Worker 36 (2 tests) => 0:00:01.000164
 - Worker 37 (13 tests) => 0:00:00.853327
 - Worker 38 (5 tests) => 0:00:02.126243
 - Worker 39 (2 tests) => 0:00:11.305545
